{'application_name': 'CIC-IoMT-2024-PCAPS1-f10', 'hypermapper_mode': {'mode': 'client-server'}, 'design_of_experiment': {'doe_type': 'random sampling', 'number_of_samples': 200}, 'output_data_file': '/home/annuszulfiqar/research/NetEye/dt-framework/results/hypermapper-bayesian_optimization-CIC-IoMT-2024-PCAPS1-f10-2025-01-29-07:45:31/output_samples.csv', 'log_file': '/home/annuszulfiqar/research/NetEye/dt-framework/results/hypermapper-bayesian_optimization-CIC-IoMT-2024-PCAPS1-f10-2025-01-29-07:45:31/hypermapper_log.log', 'input_parameters': {'depth': {'parameter_type': 'integer', 'values': [10, 50], 'prior': 'uniform', 'custom_gaussian_prior_means': False, 'custom_gaussian_prior_stds': False}, 'features_per_partition': {'parameter_type': 'ordinal', 'values': [2, 3, 4], 'prior': 'uniform', 'custom_gaussian_prior_means': False, 'custom_gaussian_prior_stds': False}, 'c1': {'parameter_type': 'ordinal', 'values': [0.0, 0.25, 0.5, 0.75, 1.0], 'prior': 'uniform', 'custom_gaussian_prior_means': False, 'custom_gaussian_prior_stds': False}, 'c2': {'parameter_type': 'ordinal', 'values': [0.0, 0.25, 0.5, 0.75, 1.0], 'prior': 'uniform', 'custom_gaussian_prior_means': False, 'custom_gaussian_prior_stds': False}, 'c3': {'parameter_type': 'ordinal', 'values': [0.0, 0.25, 0.5, 0.75, 1.0], 'prior': 'uniform', 'custom_gaussian_prior_means': False, 'custom_gaussian_prior_stds': False}, 'c4': {'parameter_type': 'ordinal', 'values': [0.0, 0.25, 0.5, 0.75, 1.0], 'prior': 'uniform', 'custom_gaussian_prior_means': False, 'custom_gaussian_prior_stds': False}, 'c5': {'parameter_type': 'ordinal', 'values': [0.0, 0.25, 0.5, 0.75, 1.0], 'prior': 'uniform', 'custom_gaussian_prior_means': False, 'custom_gaussian_prior_stds': False}, 'c6': {'parameter_type': 'ordinal', 'values': [0.0, 0.2, 0.4, 0.6, 0.8], 'prior': 'uniform', 'custom_gaussian_prior_means': False, 'custom_gaussian_prior_stds': False}}, 'optimization_objectives': ['f1_score', 'num_flows'], 'optimization_iterations': 500, 'evaluations_per_optimization_iteration': 16, 'optimization_method': 'bayesian_optimization', 'acquisition_function': 'EI', 'scalarization_method': 'tchebyshev', 'verbose_logging': False, 'profiling': False, 'noise': True, 'profiling_file': 'profiles/profile.csv', 'append_profiles': False, 'number_of_cpus': 0, 'max_number_of_predictions': 1000000, 'time_budget': -1, 'number_of_repetitions': 1, 'models': {'model': 'random_forest', 'number_of_trees': 10, 'max_features': 0.5, 'bootstrap': False, 'min_samples_split': 5}, 'output_image': {'output_image_pdf_file': 'output_pareto.pdf', 'image_xlog': False, 'image_ylog': False}, 'feasible_output': {'name': 'Valid', 'true_value': 'True', 'false_value': 'False', 'enable_feasible_predictor': False, 'enable_feasible_predictor_grid_search_on_recall_and_precision': False, 'feasible_predictor_grid_search_validation_file': '/home/lnardi/spatial-lang/results/apps_classification_test_set/BlackScholes.csv'}, 'timestamp': 'Timestamp', 'run_directory': '.', 'output_pareto_file': 'output_pareto.csv', 'weight_sampling': 'flat', 'bounding_box_limits': [0, 1], 'local_search_starting_points': 10, 'local_search_random_points': 10000, 'local_search_evaluation_limit': -1, 'scalarization_key': 'scalarization', 'local_search_scalarization_weights': [1], 'print_parameter_importance': False, 'normalize_inputs': False, 'epsilon_greedy_threshold': 0.1, 'prior_method': 'pibo', 'prior_beta': -1, 'prior_floor': 1e-06, 'model_posterior_weight': 10, 'model_good_quantile': 0.05, 'prior_estimation_file': 'samples.csv', 'prior_estimation_quantile': 0.1, 'estimate_multivariate_priors': False, 'resume_optimization': False, 'resume_optimization_data': 'output_samples.csv', 'bandwidth_parameter': 0, 'bandwidth_n_factor': 100, 'prior_limit_estimation_points': 10000, 'posterior_computation_lower_limit': 1e-08, 'custom_gaussian_prior_means': [0], 'custom_gaussian_prior_stds': [-1], 'acquisition_function_optimizer': 'local_search', 'evolution_population_size': 50, 'evolution_generations': 150, 'mutation_rate': 1, 'evolution_crossover': False, 'regularize_evolution': False, 'batch_size': 2, 'print_best': 'auto', 'print_posterior_best': False, 'cma_es_sigma': 0.2, 'cma_es_starting_points': 1, 'cma_es_random_points': 10000}
Design of experiment phase, number of new doe samples = 200 .......
Running on client-server mode.
Communication protocol: sending message...
Request 200
depth,features_per_partition,c1,c2,c3,c4,c5,c6
19,4,1.0,0.5,0.5,1.0,0.5,0.6
25,4,0.25,0.0,0.75,0.5,0.5,0.6
28,3,0.5,0.25,1.0,0.75,0.0,0.6
28,2,0.25,1.0,1.0,0.0,0.5,0.6
40,3,0.0,0.5,0.0,1.0,0.75,0.6
11,2,0.75,0.0,0.5,0.5,0.25,0.0
26,2,0.25,0.5,0.25,0.5,0.5,0.8
49,2,0.0,0.0,1.0,0.25,1.0,0.6
36,4,0.0,0.0,1.0,0.75,0.25,0.6
42,3,0.25,0.25,1.0,0.75,0.25,0.4
42,2,1.0,1.0,0.5,0.75,1.0,0.0
43,4,0.75,0.5,1.0,0.75,0.25,0.8
13,2,0.5,0.5,0.5,0.75,1.0,0.6
12,3,0.25,0.25,0.25,0.0,1.0,0.0
28,4,1.0,0.25,0.75,0.25,0.5,0.4
47,2,0.75,1.0,0.75,0.0,1.0,0.6
20,4,0.0,0.5,1.0,0.5,1.0,0.8
13,2,0.0,0.75,0.0,1.0,1.0,0.2
24,3,0.75,1.0,1.0,0.25,1.0,0.0
35,4,0.75,0.0,0.75,0.0,0.0,0.8
37,4,1.0,1.0,0.0,1.0,0.5,0.4
13,4,0.0,0.5,0.75,1.0,0.0,0.4
35,4,0.25,0.75,0.0,0.75,0.75,0.8
20,4,0.75,0.25,0.25,0.5,0.25,0.6
45,4,0.5,0.5,0.5,0.0,0.0,0.2
39,3,0.5,1.0,0.0,0.25,0.75,0.4
11,3,1.0,0.75,0.25,0.75,0.25,0.2
21,3,0.75,1.0,1.0,0.25,1.0,0.6
35,3,0.0,0.75,0.75,0.25,0.25,0.2
38,2,1.0,0.0,1.0,0.5,0.0,0.2
38,3,1.0,0.25,0.5,1.0,0.25,0.0
23,4,0.0,1.0,1.0,0.5,0.5,0.0
45,4,0.5,0.25,0.0,0.25,0.0,0.4
31,4,0.25,0.25,0.75,0.5,0.0,0.4
24,3,0.5,0.5,1.0,0.75,0.5,0.4
24,3,0.0,0.75,0.0,0.0,1.0,0.0
42,4,0.0,0.25,0.5,0.5,0.0,0.0
29,2,1.0,0.0,1.0,0.5,0.0,0.4
27,3,0.5,0.5,0.5,0.5,0.75,0.0
10,2,0.25,0.0,0.0,0.75,1.0,0.4
19,2,0.5,0.75,0.0,0.0,0.0,0.2
18,3,0.75,1.0,0.0,0.0,0.75,0.8
27,4,0.75,0.75,0.25,1.0,0.25,0.8
30,2,0.0,0.25,0.75,0.25,0.75,0.2
42,3,0.0,0.0,0.75,0.75,0.5,0.0
24,4,1.0,0.0,0.5,0.75,0.0,0.8
26,3,0.75,0.5,0.0,0.25,0.25,0.6
45,4,1.0,0.5,0.75,1.0,1.0,0.6
47,3,0.0,1.0,0.0,0.25,0.75,0.6
37,3,0.0,0.75,0.75,0.5,0.25,0.0
49,2,0.5,1.0,0.0,0.25,0.5,0.4
27,3,1.0,0.0,0.25,0.5,0.5,0.2
44,3,0.5,0.0,0.25,0.25,1.0,0.0
17,3,0.25,0.75,0.25,0.75,0.75,0.0
29,4,0.75,0.25,1.0,0.5,0.25,0.4
25,3,0.0,0.25,0.5,1.0,0.25,0.4
10,4,1.0,0.0,0.75,1.0,0.0,0.8
18,4,0.5,1.0,0.75,0.0,0.75,0.0
47,3,0.25,1.0,1.0,0.0,1.0,0.2
20,3,0.75,0.0,0.75,0.25,0.75,0.2
14,2,0.0,0.25,0.5,0.0,0.5,0.2
45,2,1.0,0.25,0.25,0.25,0.25,0.8
41,3,0.75,0.25,1.0,0.5,0.25,0.6
18,2,0.75,0.0,0.25,0.5,1.0,0.8
21,4,0.5,1.0,0.25,0.5,0.25,0.6
17,3,0.75,0.25,0.25,0.0,0.0,0.4
31,4,0.0,0.75,0.25,0.25,1.0,0.8
50,2,0.75,0.75,0.5,0.5,0.0,0.6
43,3,0.75,0.25,0.25,1.0,0.0,0.2
34,4,0.25,1.0,0.0,0.0,0.0,0.6
22,4,0.25,0.75,1.0,0.25,0.5,0.0
49,4,0.0,1.0,0.25,0.5,0.0,0.6
44,2,0.5,1.0,0.5,0.0,1.0,0.8
27,3,0.0,0.0,0.5,0.5,0.0,0.2
11,4,0.75,0.5,0.0,0.0,1.0,0.0
22,2,0.75,0.75,0.75,0.75,0.5,0.2
23,3,0.0,0.75,0.25,0.0,0.5,0.4
35,4,0.5,1.0,0.5,0.75,0.5,0.2
12,2,0.75,0.25,0.5,0.5,0.0,0.6
41,3,1.0,1.0,0.75,0.5,0.75,0.8
25,3,0.0,1.0,1.0,0.75,1.0,0.4
41,3,0.75,0.75,0.25,1.0,0.25,0.2
22,3,1.0,0.5,0.0,0.75,1.0,0.0
28,4,1.0,0.75,0.5,0.5,0.25,0.0
20,3,0.0,0.75,1.0,0.75,0.25,0.6
12,2,0.25,0.0,0.25,0.75,1.0,0.2
31,3,0.25,0.25,1.0,0.75,1.0,0.0
18,2,0.25,0.25,0.5,0.25,0.0,0.4
16,2,1.0,1.0,1.0,0.75,0.25,0.8
24,2,0.25,0.5,0.0,0.25,1.0,0.8
14,2,0.75,0.75,0.0,0.5,0.5,0.4
26,4,0.25,0.75,0.75,0.25,0.5,0.4
33,4,0.25,1.0,1.0,0.75,0.75,0.4
38,2,0.25,0.5,0.5,1.0,0.0,0.0
35,4,1.0,0.5,1.0,0.25,0.25,0.6
17,4,0.5,0.5,0.75,0.0,0.0,0.2
44,4,0.25,1.0,1.0,0.0,0.5,0.6
39,2,0.75,0.25,0.5,0.25,0.25,0.8
24,2,1.0,0.75,0.25,0.0,0.75,0.6
38,2,0.5,0.25,1.0,0.0,0.75,0.8
29,3,0.75,1.0,1.0,0.5,0.5,0.8
14,2,1.0,0.25,1.0,1.0,1.0,0.2
41,4,1.0,1.0,1.0,0.0,1.0,0.4
40,2,0.0,0.0,1.0,0.0,0.75,0.4
34,2,0.25,0.0,1.0,0.25,0.5,0.6
41,2,0.75,0.25,0.5,0.5,1.0,0.4
36,2,1.0,0.0,0.75,0.0,0.75,0.0
17,4,1.0,0.5,0.5,0.5,1.0,0.4
44,4,0.5,1.0,1.0,0.75,0.5,0.6
26,4,0.0,0.25,0.5,0.25,0.5,0.6
26,4,0.25,0.75,0.75,1.0,0.0,0.6
49,4,0.25,1.0,0.0,0.75,0.5,0.0
48,2,0.5,0.25,0.75,0.75,0.25,0.4
16,3,0.75,0.25,0.75,0.5,0.75,0.0
13,4,1.0,0.5,0.0,0.0,0.5,0.0
31,4,1.0,0.0,0.25,1.0,0.5,0.4
43,3,0.25,0.0,0.0,0.5,0.0,0.6
30,4,0.0,0.75,0.75,0.25,0.0,0.0
36,2,0.5,0.5,0.25,0.25,1.0,0.8
13,4,0.5,0.25,0.5,0.25,0.75,0.0
31,3,0.0,0.5,0.75,0.0,0.75,0.6
33,4,0.0,0.25,0.0,0.0,0.0,0.8
34,4,1.0,1.0,0.0,0.25,1.0,0.2
37,4,1.0,0.0,1.0,0.0,0.0,0.0
33,2,0.5,0.0,0.5,1.0,0.0,0.6
50,3,1.0,1.0,0.0,0.25,0.75,0.0
33,3,0.75,0.75,0.5,0.75,0.25,0.4
19,3,0.0,0.0,0.75,0.0,0.75,0.6
27,3,1.0,0.5,0.75,1.0,0.75,0.4
22,2,0.75,0.0,1.0,0.5,1.0,0.2
37,2,0.0,0.25,0.0,0.75,1.0,0.0
11,4,0.0,0.25,0.0,1.0,0.0,0.4
12,2,1.0,1.0,0.5,0.5,0.0,0.0
29,3,1.0,0.75,0.75,0.75,1.0,0.6
45,3,0.75,0.0,0.25,0.25,0.0,0.2
16,4,1.0,0.5,0.0,0.75,1.0,0.2
45,2,0.75,0.5,1.0,1.0,0.0,0.4
35,2,0.0,0.25,0.0,0.0,1.0,0.4
31,3,0.0,0.75,0.5,0.0,0.25,0.8
30,4,1.0,0.75,0.0,0.25,0.75,0.0
48,3,0.5,0.75,0.25,1.0,0.75,0.2
20,3,0.5,0.0,0.75,0.5,0.5,0.6
25,3,0.5,0.5,1.0,0.5,0.75,0.2
16,3,0.75,0.0,0.5,0.0,0.25,0.8
16,4,1.0,0.25,1.0,0.0,0.75,0.2
50,4,0.75,1.0,1.0,0.25,1.0,0.4
31,2,0.0,0.5,0.0,1.0,0.5,0.8
19,2,0.75,0.0,1.0,0.5,0.25,0.6
39,3,0.75,0.5,0.0,0.25,0.5,0.8
30,2,0.25,0.5,0.0,0.75,0.75,0.6
46,4,0.0,0.5,0.75,1.0,0.0,0.0
15,3,0.75,0.5,0.0,0.5,0.0,0.8
16,2,0.5,0.5,0.75,0.25,1.0,0.0
17,3,1.0,0.5,0.75,1.0,0.25,0.8
34,3,0.25,0.75,0.75,0.75,0.25,0.2
26,2,0.75,0.75,0.25,1.0,0.75,0.6
39,2,0.75,0.5,0.0,1.0,0.25,0.2
45,4,0.75,0.0,0.0,1.0,1.0,0.6
37,3,0.75,1.0,1.0,1.0,0.25,0.4
12,4,0.5,0.75,0.5,0.25,0.5,0.0
45,3,0.0,0.25,0.25,0.25,0.0,0.4
26,3,0.5,1.0,0.5,0.5,0.25,0.8
25,3,1.0,0.25,0.5,0.5,0.0,0.6
34,2,0.75,0.75,0.0,0.75,0.25,0.6
48,3,0.25,0.25,0.75,0.0,0.75,0.4
16,4,1.0,0.25,0.5,0.75,1.0,0.2
12,2,0.75,1.0,0.75,1.0,0.75,0.6
10,3,0.75,0.5,0.0,0.5,0.0,0.2
43,2,1.0,0.75,0.75,1.0,0.5,0.0
13,2,0.5,0.5,0.0,0.5,0.25,0.0
47,3,1.0,0.5,0.0,0.75,0.25,0.8
29,2,0.75,0.0,0.75,0.5,0.5,0.8
38,2,0.25,0.25,0.25,1.0,1.0,0.0
22,3,0.0,0.5,1.0,1.0,0.75,0.2
25,2,0.75,0.5,0.75,1.0,0.25,0.6
43,2,0.5,0.75,0.25,0.25,0.25,0.0
42,4,0.25,0.0,0.0,0.75,1.0,0.8
48,2,0.75,0.0,0.0,1.0,0.0,0.6
14,3,0.5,0.75,0.5,0.25,1.0,0.4
29,3,0.25,1.0,0.0,0.5,0.25,0.8
49,2,0.0,0.25,1.0,0.0,0.75,0.6
16,2,0.25,0.75,1.0,0.0,0.75,0.6
50,3,0.75,0.25,0.75,0.5,0.0,0.2
25,2,0.0,1.0,0.0,0.5,0.5,0.0
25,2,0.5,0.75,1.0,1.0,1.0,0.2
32,2,0.5,0.5,1.0,0.75,1.0,0.8
38,2,0.25,0.75,0.75,0.75,0.5,0.8
18,3,0.75,0.75,0.25,0.0,0.75,0.0
43,2,0.5,0.25,0.25,1.0,0.0,0.0
12,2,0.0,0.75,1.0,0.0,0.0,0.8
27,4,0.75,0.5,0.75,0.0,1.0,0.0
44,3,0.5,0.25,0.25,1.0,0.0,0.4
26,2,0.5,0.75,0.0,1.0,0.5,0.8
14,3,1.0,0.25,1.0,1.0,0.0,0.8
13,2,0.5,0.25,0.0,0.0,0.25,0.8
26,3,0.5,0.0,1.0,0.5,0.75,0.2
15,3,0.5,0.0,1.0,0.25,0.5,0.6
16,2,0.75,0.0,1.0,0.25,0.5,0.2
26,3,0.5,1.0,1.0,0.5,0.75,0.2
40,4,0.25,1.0,1.0,0.0,0.25,0.4
Communication protocol: receiving message....
