{'application_name': 'CIC-IOT-2023-32-PCAPS1-f10', 'hypermapper_mode': {'mode': 'client-server'}, 'design_of_experiment': {'doe_type': 'random sampling', 'number_of_samples': 200}, 'output_data_file': '/home/annuszulfiqar/research/NetEye/dt-framework/results/hypermapper-bayesian_optimization-CIC-IOT-2023-32-PCAPS1-f10-2024-12-10-22:51:39/output_samples.csv', 'log_file': '/home/annuszulfiqar/research/NetEye/dt-framework/results/hypermapper-bayesian_optimization-CIC-IOT-2023-32-PCAPS1-f10-2024-12-10-22:51:39/hypermapper_log.log', 'input_parameters': {'depth': {'parameter_type': 'integer', 'values': [5, 9], 'prior': 'uniform', 'custom_gaussian_prior_means': False, 'custom_gaussian_prior_stds': False}, 'features_per_partition': {'parameter_type': 'ordinal', 'values': [2, 3, 4], 'prior': 'uniform', 'custom_gaussian_prior_means': False, 'custom_gaussian_prior_stds': False}, 'c1': {'parameter_type': 'ordinal', 'values': [0.0, 0.25, 0.5, 0.75, 1.0], 'prior': 'uniform', 'custom_gaussian_prior_means': False, 'custom_gaussian_prior_stds': False}, 'c2': {'parameter_type': 'ordinal', 'values': [0.0, 0.25, 0.5, 0.75, 1.0], 'prior': 'uniform', 'custom_gaussian_prior_means': False, 'custom_gaussian_prior_stds': False}, 'c3': {'parameter_type': 'ordinal', 'values': [0.0, 0.25, 0.5, 0.75, 1.0], 'prior': 'uniform', 'custom_gaussian_prior_means': False, 'custom_gaussian_prior_stds': False}, 'c4': {'parameter_type': 'ordinal', 'values': [0.0, 0.25, 0.5, 0.75, 1.0], 'prior': 'uniform', 'custom_gaussian_prior_means': False, 'custom_gaussian_prior_stds': False}, 'c5': {'parameter_type': 'ordinal', 'values': [0.0, 0.25, 0.5, 0.75, 1.0], 'prior': 'uniform', 'custom_gaussian_prior_means': False, 'custom_gaussian_prior_stds': False}, 'c6': {'parameter_type': 'ordinal', 'values': [0.0, 0.2, 0.4, 0.6, 0.8], 'prior': 'uniform', 'custom_gaussian_prior_means': False, 'custom_gaussian_prior_stds': False}}, 'optimization_objectives': ['f1_score', 'num_flows'], 'optimization_iterations': 500, 'evaluations_per_optimization_iteration': 10, 'optimization_method': 'bayesian_optimization', 'acquisition_function': 'EI', 'scalarization_method': 'tchebyshev', 'verbose_logging': False, 'profiling': False, 'noise': True, 'profiling_file': 'profiles/profile.csv', 'append_profiles': False, 'number_of_cpus': 0, 'max_number_of_predictions': 1000000, 'time_budget': -1, 'number_of_repetitions': 1, 'models': {'model': 'random_forest', 'number_of_trees': 10, 'max_features': 0.5, 'bootstrap': False, 'min_samples_split': 5}, 'output_image': {'output_image_pdf_file': 'output_pareto.pdf', 'image_xlog': False, 'image_ylog': False}, 'feasible_output': {'name': 'Valid', 'true_value': 'True', 'false_value': 'False', 'enable_feasible_predictor': False, 'enable_feasible_predictor_grid_search_on_recall_and_precision': False, 'feasible_predictor_grid_search_validation_file': '/home/lnardi/spatial-lang/results/apps_classification_test_set/BlackScholes.csv'}, 'timestamp': 'Timestamp', 'run_directory': '.', 'output_pareto_file': 'output_pareto.csv', 'weight_sampling': 'flat', 'bounding_box_limits': [0, 1], 'local_search_starting_points': 10, 'local_search_random_points': 10000, 'local_search_evaluation_limit': -1, 'scalarization_key': 'scalarization', 'local_search_scalarization_weights': [1], 'print_parameter_importance': False, 'normalize_inputs': False, 'epsilon_greedy_threshold': 0.1, 'prior_method': 'pibo', 'prior_beta': -1, 'prior_floor': 1e-06, 'model_posterior_weight': 10, 'model_good_quantile': 0.05, 'prior_estimation_file': 'samples.csv', 'prior_estimation_quantile': 0.1, 'estimate_multivariate_priors': False, 'resume_optimization': False, 'resume_optimization_data': 'output_samples.csv', 'bandwidth_parameter': 0, 'bandwidth_n_factor': 100, 'prior_limit_estimation_points': 10000, 'posterior_computation_lower_limit': 1e-08, 'custom_gaussian_prior_means': [0], 'custom_gaussian_prior_stds': [-1], 'acquisition_function_optimizer': 'local_search', 'evolution_population_size': 50, 'evolution_generations': 150, 'mutation_rate': 1, 'evolution_crossover': False, 'regularize_evolution': False, 'batch_size': 2, 'print_best': 'auto', 'print_posterior_best': False, 'cma_es_sigma': 0.2, 'cma_es_starting_points': 1, 'cma_es_random_points': 10000}
Design of experiment phase, number of new doe samples = 200 .......
Running on client-server mode.
Communication protocol: sending message...
Request 200
depth,features_per_partition,c1,c2,c3,c4,c5,c6
5,2,1.0,0.75,0.75,0.75,0.75,0.2
5,4,0.75,0.0,0.25,0.0,0.0,0.2
5,3,0.0,0.5,0.75,0.5,0.25,0.0
7,3,1.0,0.25,0.25,0.75,1.0,0.4
5,4,1.0,0.75,0.25,0.0,1.0,0.2
8,4,1.0,0.75,0.75,0.5,0.75,0.8
7,2,0.0,1.0,0.0,0.75,0.75,0.0
8,4,0.75,0.0,0.25,0.0,1.0,0.0
7,2,0.25,0.25,0.5,1.0,0.5,0.0
9,4,0.5,0.5,0.0,0.5,0.0,0.6
5,4,0.5,0.75,0.25,0.25,1.0,0.0
9,3,1.0,0.0,0.75,0.0,1.0,0.4
9,2,0.0,0.5,0.5,0.25,0.25,0.4
7,2,1.0,0.0,0.0,0.5,0.75,0.8
8,4,0.25,0.5,0.25,0.5,0.0,0.6
8,2,1.0,1.0,0.75,0.5,1.0,0.4
9,2,0.5,1.0,1.0,0.25,0.25,0.8
7,3,1.0,1.0,1.0,0.75,1.0,0.6
5,3,0.75,0.5,0.25,0.0,0.75,0.0
6,2,1.0,1.0,0.25,0.0,0.25,0.6
6,2,0.5,0.0,0.0,0.5,0.0,0.8
7,2,0.75,0.5,1.0,0.5,0.75,0.6
8,2,0.75,1.0,0.5,0.0,0.75,0.2
6,4,1.0,0.25,0.0,0.0,0.0,0.4
9,3,0.5,1.0,0.5,0.0,1.0,0.4
8,4,0.75,0.75,0.0,0.5,0.0,0.8
5,2,0.25,0.0,0.75,1.0,1.0,0.6
8,2,0.75,0.5,1.0,0.25,0.75,0.2
6,2,0.0,1.0,0.0,0.0,0.0,0.6
8,3,0.5,0.25,0.75,0.0,0.5,0.2
6,2,0.0,1.0,1.0,0.0,0.75,0.8
6,3,0.0,1.0,0.0,0.25,1.0,0.8
9,4,0.75,1.0,0.75,1.0,1.0,0.6
6,2,0.5,1.0,0.5,0.5,1.0,0.4
9,2,0.25,0.75,0.25,0.75,0.0,0.0
6,2,0.5,0.5,0.5,0.0,1.0,0.4
7,2,0.0,1.0,0.25,0.5,0.0,0.6
8,3,0.75,0.25,1.0,0.5,0.75,0.0
6,2,0.0,1.0,0.75,0.5,0.25,0.6
7,2,0.0,0.5,0.5,1.0,0.0,0.0
7,2,1.0,0.25,1.0,0.25,0.25,0.6
7,3,0.5,0.5,0.0,1.0,0.5,0.8
9,3,0.0,0.0,0.75,0.25,1.0,0.8
5,4,0.75,1.0,0.5,1.0,0.75,0.0
8,3,1.0,0.75,0.0,0.75,1.0,0.4
7,2,1.0,0.75,0.5,0.75,0.25,0.6
9,2,0.75,0.5,0.75,1.0,0.0,0.4
7,2,0.0,0.5,1.0,0.5,0.25,0.6
7,4,0.75,0.75,0.75,1.0,0.75,0.6
7,2,0.75,1.0,0.75,1.0,0.0,0.0
6,2,0.0,0.5,1.0,0.75,0.75,0.6
9,4,0.0,0.0,1.0,0.5,0.25,0.2
6,2,1.0,0.0,0.25,0.75,0.5,0.4
9,3,0.0,0.5,0.5,0.0,1.0,0.0
7,3,0.75,0.5,1.0,0.25,0.5,0.0
7,4,0.0,0.5,0.25,0.0,0.75,0.0
8,3,0.25,0.75,0.5,0.5,0.75,0.8
9,4,0.75,0.75,0.25,0.25,0.75,0.0
7,3,0.25,0.25,0.5,0.0,0.0,0.4
9,2,1.0,0.0,1.0,0.75,0.25,0.6
9,2,0.5,0.75,0.25,0.25,1.0,0.4
8,4,0.0,0.75,0.75,0.5,0.75,0.4
6,3,0.5,0.75,0.25,0.5,0.5,0.0
6,3,0.75,0.75,0.0,0.0,0.0,0.0
7,3,0.25,0.75,0.75,1.0,0.5,0.0
5,3,1.0,0.25,0.0,0.25,1.0,0.8
8,3,1.0,0.5,0.0,0.0,1.0,0.2
5,2,0.25,1.0,0.75,0.0,0.5,0.0
7,3,0.0,0.75,0.25,0.75,0.25,0.0
6,3,0.0,1.0,0.75,0.0,0.0,0.6
9,2,0.75,0.0,1.0,0.75,1.0,0.0
9,2,0.0,0.25,0.75,0.25,0.5,0.0
7,3,0.0,0.5,0.0,1.0,0.75,0.0
7,2,1.0,0.0,0.25,0.75,0.75,0.6
5,4,0.5,0.75,0.75,0.75,0.0,0.4
5,4,0.0,0.75,0.75,0.0,0.75,0.8
6,4,0.75,0.25,0.0,0.75,1.0,0.2
7,3,0.25,0.0,0.75,1.0,1.0,0.8
9,2,0.5,0.0,0.5,1.0,0.75,0.6
8,2,0.5,0.5,0.25,0.25,0.25,0.6
7,2,0.0,0.0,0.75,0.5,0.75,0.8
9,4,0.0,0.0,0.5,1.0,0.5,0.0
9,3,0.5,0.25,0.5,0.25,1.0,0.2
6,3,0.5,0.0,0.25,1.0,1.0,0.4
7,3,1.0,0.5,1.0,0.75,0.75,0.0
7,2,0.75,0.25,0.25,0.75,1.0,0.0
7,3,1.0,0.5,0.75,0.0,0.0,0.0
6,2,1.0,0.0,1.0,0.0,0.0,0.6
9,3,1.0,1.0,1.0,0.0,0.25,0.6
5,3,0.75,1.0,0.0,0.0,0.75,0.4
5,3,0.5,0.75,0.25,0.5,0.5,0.4
8,2,0.25,0.75,0.5,0.5,0.25,0.6
7,2,0.75,0.25,1.0,1.0,0.5,0.8
6,2,0.75,0.5,0.75,0.0,0.0,0.0
7,2,0.5,0.75,0.25,0.25,0.25,0.8
8,4,0.5,0.0,1.0,0.25,0.0,0.6
9,3,0.5,0.0,0.75,0.0,1.0,0.0
8,4,1.0,0.5,0.25,1.0,1.0,0.2
7,4,0.75,0.75,0.75,1.0,0.5,0.8
9,2,0.5,0.75,0.25,0.0,0.25,0.6
9,3,0.5,0.75,1.0,0.25,0.25,0.6
9,2,0.0,0.75,0.75,1.0,0.5,0.6
8,3,0.25,0.5,0.0,0.0,0.25,0.6
7,4,1.0,1.0,0.0,0.25,0.5,0.8
7,2,0.0,0.25,0.5,0.5,0.5,0.2
8,3,0.5,0.5,0.75,0.0,0.0,0.8
7,4,0.75,0.5,0.75,0.0,0.75,0.2
5,3,1.0,0.25,0.5,0.75,0.75,0.8
8,3,0.0,0.75,0.75,0.75,0.25,0.4
6,2,0.5,0.5,0.0,1.0,0.0,0.2
8,2,0.25,1.0,0.5,0.75,0.75,0.4
7,4,1.0,0.25,0.5,0.25,1.0,0.0
5,4,1.0,0.25,0.5,1.0,0.75,0.2
9,2,0.0,0.25,0.0,0.75,0.25,0.8
7,3,0.0,0.25,1.0,1.0,1.0,0.4
7,3,0.75,0.25,1.0,0.25,0.25,0.4
9,3,0.75,0.0,0.75,0.0,0.5,0.8
8,3,0.25,1.0,0.5,0.75,0.75,0.4
9,2,0.0,0.75,0.25,1.0,0.25,0.2
7,2,0.25,0.5,0.25,0.25,1.0,0.2
9,4,0.75,0.5,1.0,0.0,0.25,0.2
7,2,0.0,1.0,0.25,0.25,0.75,0.6
7,4,1.0,0.75,1.0,0.5,0.25,0.4
6,3,0.75,0.0,0.75,0.75,0.0,0.4
6,4,0.25,0.0,0.5,1.0,0.0,0.0
9,4,0.25,0.25,1.0,0.0,0.25,0.8
5,3,0.5,0.25,0.75,0.0,0.0,0.0
6,4,0.0,0.25,0.25,0.25,0.5,0.6
6,2,1.0,0.25,0.75,0.5,0.25,0.0
9,3,0.5,0.5,0.75,1.0,0.75,0.2
9,4,0.25,0.0,0.75,1.0,0.75,0.0
8,4,1.0,0.25,0.25,0.75,0.75,0.6
9,3,1.0,0.5,0.75,0.25,0.75,0.6
6,3,0.25,0.25,1.0,0.25,0.0,0.2
8,2,0.5,0.5,0.0,1.0,1.0,0.0
8,3,0.25,0.25,1.0,1.0,1.0,0.0
5,4,0.0,0.25,0.0,1.0,0.5,0.0
8,3,0.5,0.25,0.75,0.75,0.25,0.8
6,4,0.0,0.75,0.0,0.0,0.25,0.6
6,3,0.75,0.25,0.0,0.25,1.0,0.4
6,4,1.0,0.25,0.75,0.75,0.5,0.0
9,3,0.75,0.0,1.0,1.0,0.75,0.8
5,3,0.75,0.75,0.0,0.5,0.75,0.2
7,3,0.75,0.75,1.0,1.0,0.75,0.0
7,4,1.0,0.75,1.0,0.5,0.5,0.2
9,2,0.75,0.0,0.25,0.75,0.0,0.8
7,4,1.0,0.0,0.25,0.75,0.5,0.4
8,3,0.5,0.5,0.25,0.0,0.25,0.8
7,2,0.75,0.25,1.0,1.0,0.75,0.0
7,3,0.75,0.5,0.0,0.25,0.5,0.0
9,3,0.25,0.0,0.25,1.0,0.0,0.0
7,2,0.5,1.0,0.5,0.0,0.5,0.2
6,4,0.5,0.25,0.5,0.5,1.0,0.0
9,3,0.25,0.5,0.25,0.75,0.5,0.4
5,3,1.0,0.25,0.0,0.0,0.0,0.8
7,3,0.25,0.25,0.25,0.25,0.25,0.6
9,4,0.75,0.0,1.0,0.0,1.0,0.2
5,4,1.0,0.0,0.0,0.75,0.5,0.8
9,4,0.5,0.75,1.0,0.0,0.75,0.2
9,3,0.5,1.0,1.0,0.5,0.0,0.2
9,3,1.0,0.0,0.0,0.5,0.25,0.6
6,3,0.5,0.0,0.25,0.0,0.0,0.8
8,4,1.0,1.0,1.0,1.0,0.5,0.6
5,4,0.25,0.5,0.75,1.0,0.5,0.8
9,2,0.75,0.75,1.0,0.75,0.75,0.8
7,2,1.0,1.0,0.75,0.0,0.0,0.8
9,3,0.25,0.75,0.5,0.0,0.5,0.0
8,4,1.0,1.0,1.0,0.0,0.25,0.8
5,2,1.0,0.75,0.75,0.0,0.75,0.6
8,3,0.0,0.25,0.0,0.0,0.5,0.2
9,2,0.5,0.0,0.5,1.0,0.5,0.0
9,4,0.75,0.75,0.25,0.5,0.5,0.2
6,2,1.0,0.25,0.75,0.75,0.75,0.2
7,4,0.0,0.75,0.25,1.0,0.25,0.4
5,3,1.0,0.25,0.0,0.5,1.0,0.8
6,3,0.75,0.75,0.5,0.75,0.75,0.8
5,4,1.0,0.25,0.0,0.5,0.75,0.2
8,3,0.25,0.0,0.0,1.0,0.75,0.2
6,4,1.0,0.75,0.75,0.75,0.25,0.4
5,3,0.75,0.5,0.0,0.25,0.75,0.8
5,3,1.0,0.75,0.75,0.75,1.0,0.0
6,3,1.0,0.5,0.5,0.5,0.75,0.0
7,4,0.25,0.5,0.75,0.0,0.5,0.0
6,3,0.75,0.0,0.75,0.75,0.5,0.8
8,2,0.0,0.0,0.0,0.0,0.0,0.2
7,2,0.75,0.5,0.75,0.25,0.75,0.6
5,2,1.0,0.5,0.75,0.0,0.25,0.2
8,2,0.75,0.5,0.5,1.0,0.75,0.6
8,2,0.0,0.0,0.5,1.0,0.25,0.6
5,2,0.75,0.5,0.5,1.0,0.25,0.6
5,4,1.0,1.0,0.0,1.0,0.5,0.8
8,3,0.75,0.0,1.0,0.5,0.0,0.8
9,2,1.0,0.75,0.0,0.75,0.25,0.2
9,2,0.5,1.0,0.5,0.25,0.0,0.8
9,4,0.5,1.0,1.0,1.0,0.25,0.4
7,3,1.0,1.0,0.75,0.0,0.5,0.8
5,3,0.25,0.75,1.0,0.0,0.5,0.2
6,4,1.0,0.0,0.5,0.5,1.0,0.2
5,3,0.75,1.0,1.0,0.5,0.5,0.8
5,4,0.5,0.0,1.0,0.75,0.25,0.2
Communication protocol: receiving message....
depth,features_per_partition,c1,c2,c3,c4,c5,c6,f1_score,num_flows
5,2,1.0,0.75,0.75,0.75,0.75,0.2,-0.11539620494790805,-491520.0
5,4,0.75,0.0,0.25,0.0,0.0,0.2,-0.08548424847535308,-294912.0
5,3,0.0,0.5,0.75,0.5,0.25,0.0,-0.05845872414162319,-393216.0
7,3,1.0,0.25,0.25,0.75,1.0,0.4,-0.17879875181437133,-393216.0
5,4,1.0,0.75,0.25,0.0,1.0,0.2,-0.08548424847535308,-294912.0
8,4,1.0,0.75,0.75,0.5,0.75,0.8,-0.15630515506416004,-294912.0
7,2,0.0,1.0,0.0,0.75,0.75,0.0,-0.14802555058228345,-491520.0
8,4,0.75,0.0,0.25,0.0,1.0,0.0,-0.20351860507083014,-294912.0
7,2,0.25,0.25,0.5,1.0,0.5,0.0,-0.15326737143420752,-491520.0
9,4,0.5,0.5,0.0,0.5,0.0,0.6,-0.23340604928394065,-294912.0
5,4,0.5,0.75,0.25,0.25,1.0,0.0,-0.11523084129536056,-294912.0
9,3,1.0,0.0,0.75,0.0,1.0,0.4,-0.22598474955369424,-393216.0
9,2,0.0,0.5,0.5,0.25,0.25,0.4,-0.13202089385237142,-491520.0
7,2,1.0,0.0,0.0,0.5,0.75,0.8,-0.17427081961255206,-491520.0
8,4,0.25,0.5,0.25,0.5,0.0,0.6,-0.15659887626094193,-294912.0
8,2,1.0,1.0,0.75,0.5,1.0,0.4,-0.15032988558962923,-491520.0
9,2,0.5,1.0,1.0,0.25,0.25,0.8,-0.184679086928967,-491520.0
7,3,1.0,1.0,1.0,0.75,1.0,0.6,-0.1620375566636491,-393216.0
5,3,0.75,0.5,0.25,0.0,0.75,0.0,-0.0856730723258567,-393216.0
6,2,1.0,1.0,0.25,0.0,0.25,0.6,-0.0935062202962235,-491520.0
6,2,0.5,0.0,0.0,0.5,0.0,0.8,-0.17619291888566602,-491520.0
7,2,0.75,0.5,1.0,0.5,0.75,0.6,-0.15625406238193917,-491520.0
8,2,0.75,1.0,0.5,0.0,0.75,0.2,-0.15339598333865814,-491520.0
6,4,1.0,0.25,0.0,0.0,0.0,0.4,-0.17300035873790173,-294912.0
9,3,0.5,1.0,0.5,0.0,1.0,0.4,-0.22813823781463488,-393216.0
8,4,0.75,0.75,0.0,0.5,0.0,0.8,-0.14570823654241222,-294912.0
5,2,0.25,0.0,0.75,1.0,1.0,0.6,-0.13318232642613537,-491520.0
8,2,0.75,0.5,1.0,0.25,0.75,0.2,-0.17715211999644037,-491520.0
6,2,0.0,1.0,0.0,0.0,0.0,0.6,-0.06518772057098643,-491520.0
8,3,0.5,0.25,0.75,0.0,0.5,0.2,-0.16867271615855345,-393216.0
6,2,0.0,1.0,1.0,0.0,0.75,0.8,-0.1311015424655423,-491520.0
6,3,0.0,1.0,0.0,0.25,1.0,0.8,-0.07446103124785285,-393216.0
9,4,0.75,1.0,0.75,1.0,1.0,0.6,-0.19374450729952686,-294912.0
6,2,0.5,1.0,0.5,0.5,1.0,0.4,-0.14742900076231358,-491520.0
9,2,0.25,0.75,0.25,0.75,0.0,0.0,-0.22699439152076772,-491520.0
6,2,0.5,0.5,0.5,0.0,1.0,0.4,-0.07176453622711654,-491520.0
7,2,0.0,1.0,0.25,0.5,0.0,0.6,-0.14802555058228345,-491520.0
8,3,0.75,0.25,1.0,0.5,0.75,0.0,-0.19523206839241794,-393216.0
6,2,0.0,1.0,0.75,0.5,0.25,0.6,-0.1311015424655423,-491520.0
7,2,0.0,0.5,0.5,1.0,0.0,0.0,-0.13292585951206426,-491520.0
7,2,1.0,0.25,1.0,0.25,0.25,0.6,-0.18125116529572766,-491520.0
7,3,0.5,0.5,0.0,1.0,0.5,0.8,-0.22566638087565677,-393216.0
9,3,0.0,0.0,0.75,0.25,1.0,0.8,-0.22414370913429363,-393216.0
5,4,0.75,1.0,0.5,1.0,0.75,0.0,-0.11523084129536056,-294912.0
8,3,1.0,0.75,0.0,0.75,1.0,0.4,-0.11955961153343586,-393216.0
7,2,1.0,0.75,0.5,0.75,0.25,0.6,-0.1887356278190403,-491520.0
9,2,0.75,0.5,0.75,1.0,0.0,0.4,-0.16936946259793198,-491520.0
7,2,0.0,0.5,1.0,0.5,0.25,0.6,-0.18125116529572766,-491520.0
7,4,0.75,0.75,0.75,1.0,0.75,0.6,-0.16210410646899498,-294912.0
7,2,0.75,1.0,0.75,1.0,0.0,0.0,-0.1581781173125934,-491520.0
6,2,0.0,0.5,1.0,0.75,0.75,0.6,-0.19193214417052465,-491520.0
9,4,0.0,0.0,1.0,0.5,0.25,0.2,-0.23810755473977308,-294912.0
6,2,1.0,0.0,0.25,0.75,0.5,0.4,-0.13158373134788812,-491520.0
9,3,0.0,0.5,0.5,0.0,1.0,0.0,-0.23150399994564422,-393216.0
7,3,0.75,0.5,1.0,0.25,0.5,0.0,-0.20101511463335858,-393216.0
7,4,0.0,0.5,0.25,0.0,0.75,0.0,-0.15202455501990603,-294912.0
8,3,0.25,0.75,0.5,0.5,0.75,0.8,-0.20026469455071877,-393216.0
9,4,0.75,0.75,0.25,0.25,0.75,0.0,-0.18094782386724972,-294912.0
7,3,0.25,0.25,0.5,0.0,0.0,0.4,-0.1580011697392345,-393216.0
9,2,1.0,0.0,1.0,0.75,0.25,0.6,-0.20854260091099486,-491520.0
9,2,0.5,0.75,0.25,0.25,1.0,0.4,-0.17553862567718265,-491520.0
8,4,0.0,0.75,0.75,0.5,0.75,0.4,-0.19084951187014804,-294912.0
6,3,0.5,0.75,0.25,0.5,0.5,0.0,-0.13678083060646354,-393216.0
6,3,0.75,0.75,0.0,0.0,0.0,0.0,-0.1557461983878912,-393216.0
7,3,0.25,0.75,0.75,1.0,0.5,0.0,-0.17819866574009527,-393216.0
5,3,1.0,0.25,0.0,0.25,1.0,0.8,-0.11523084129536056,-393216.0
8,3,1.0,0.5,0.0,0.0,1.0,0.2,-0.14464504177918605,-393216.0
5,2,0.25,1.0,0.75,0.0,0.5,0.0,-0.11539620494790805,-491520.0
7,3,0.0,0.75,0.25,0.75,0.25,0.0,-0.15029500586379424,-393216.0
6,3,0.0,1.0,0.75,0.0,0.0,0.6,-0.1152069849248988,-393216.0
9,2,0.75,0.0,1.0,0.75,1.0,0.0,-0.19671364849097722,-491520.0
9,2,0.0,0.25,0.75,0.25,0.5,0.0,-0.21693706524158995,-491520.0
7,3,0.0,0.5,0.0,1.0,0.75,0.0,-0.1515328365374387,-393216.0
7,2,1.0,0.0,0.25,0.75,0.75,0.6,-0.1887356278190403,-491520.0
5,4,0.5,0.75,0.75,0.75,0.0,0.4,-0.11523084129536056,-294912.0
5,4,0.0,0.75,0.75,0.0,0.75,0.8,-0.05846017430473754,-294912.0
6,4,0.75,0.25,0.0,0.75,1.0,0.2,-0.1251201306988773,-294912.0
7,3,0.25,0.0,0.75,1.0,1.0,0.8,-0.15645831864423426,-393216.0
9,2,0.5,0.0,0.5,1.0,0.75,0.6,-0.22362744080499625,-491520.0
8,2,0.5,0.5,0.25,0.25,0.25,0.6,-0.11473771029382698,-491520.0
7,2,0.0,0.0,0.75,0.5,0.75,0.8,-0.16686693209318193,-491520.0
9,4,0.0,0.0,0.5,1.0,0.5,0.0,-0.2653017317167579,-294912.0
9,3,0.5,0.25,0.5,0.25,1.0,0.2,-0.188165148985661,-393216.0
6,3,0.5,0.0,0.25,1.0,1.0,0.4,-0.18122686961916262,-393216.0
7,3,1.0,0.5,1.0,0.75,0.75,0.0,-0.15721061371072576,-393216.0
7,2,0.75,0.25,0.25,0.75,1.0,0.0,-0.15326737143420752,-491520.0
7,3,1.0,0.5,0.75,0.0,0.0,0.0,-0.21303625770967027,-393216.0
6,2,1.0,0.0,1.0,0.0,0.0,0.6,-0.19193214417052465,-491520.0
9,3,1.0,1.0,1.0,0.0,0.25,0.6,-0.19523391900132475,-393216.0
5,3,0.75,1.0,0.0,0.0,0.75,0.4,-0.0856730723258567,-393216.0
5,3,0.5,0.75,0.25,0.5,0.5,0.4,-0.11523084129536056,-393216.0
8,2,0.25,0.75,0.5,0.5,0.25,0.6,-0.11473771029382698,-491520.0
7,2,0.75,0.25,1.0,1.0,0.5,0.8,-0.15625406238193917,-491520.0
6,2,0.75,0.5,0.75,0.0,0.0,0.0,-0.17665687206279396,-491520.0
7,2,0.5,0.75,0.25,0.25,0.25,0.8,-0.08872993785700879,-491520.0
8,4,0.5,0.0,1.0,0.25,0.0,0.6,-0.22182422272723867,-294912.0
9,3,0.5,0.0,0.75,0.0,1.0,0.0,-0.22881529838030584,-393216.0
8,4,1.0,0.5,0.25,1.0,1.0,0.2,-0.1688026655167112,-294912.0
7,4,0.75,0.75,0.75,1.0,0.5,0.8,-0.16210410646899498,-294912.0
9,2,0.5,0.75,0.25,0.0,0.25,0.6,-0.1825595401773225,-491520.0
9,3,0.5,0.75,1.0,0.25,0.25,0.6,-0.203559804603045,-393216.0
9,2,0.0,0.75,0.75,1.0,0.5,0.6,-0.14524524679570072,-491520.0
8,3,0.25,0.5,0.0,0.0,0.25,0.6,-0.19772731745489192,-393216.0
7,4,1.0,1.0,0.0,0.25,0.5,0.8,-0.10777925080081893,-294912.0
7,2,0.0,0.25,0.5,0.5,0.5,0.2,-0.1887356278190403,-491520.0
8,3,0.5,0.5,0.75,0.0,0.0,0.8,-0.2140052189513308,-393216.0
7,4,0.75,0.5,0.75,0.0,0.75,0.2,-0.20104822544466028,-294912.0
5,3,1.0,0.25,0.5,0.75,0.75,0.8,-0.11523084129536056,-393216.0
8,3,0.0,0.75,0.75,0.75,0.25,0.4,-0.1566608275711437,-393216.0
6,2,0.5,0.5,0.0,1.0,0.0,0.2,-0.11966381021184944,-491520.0
8,2,0.25,1.0,0.5,0.75,0.75,0.4,-0.11933278040738571,-491520.0
7,4,1.0,0.25,0.5,0.25,1.0,0.0,-0.10777925080081893,-294912.0
5,4,1.0,0.25,0.5,1.0,0.75,0.2,-0.11523084129536056,-294912.0
9,2,0.0,0.25,0.0,0.75,0.25,0.8,-0.19848032944907684,-491520.0
7,3,0.0,0.25,1.0,1.0,1.0,0.4,-0.15721061371072576,-393216.0
7,3,0.75,0.25,1.0,0.25,0.25,0.4,-0.17846514852881185,-393216.0
9,3,0.75,0.0,0.75,0.0,0.5,0.8,-0.23130441715673658,-393216.0
8,3,0.25,1.0,0.5,0.75,0.75,0.4,-0.17175165084758393,-393216.0
9,2,0.0,0.75,0.25,1.0,0.25,0.2,-0.16033959352374047,-491520.0
7,2,0.25,0.5,0.25,0.25,1.0,0.2,-0.12876359252399533,-491520.0
9,4,0.75,0.5,1.0,0.0,0.25,0.2,-0.17377140088233764,-294912.0
7,2,0.0,1.0,0.25,0.25,0.75,0.6,-0.11646963063480625,-491520.0
7,4,1.0,0.75,1.0,0.5,0.25,0.4,-0.16194742515306096,-294912.0
6,3,0.75,0.0,0.75,0.75,0.0,0.4,-0.1471537945826277,-393216.0
6,4,0.25,0.0,0.5,1.0,0.0,0.0,-0.2019779333293867,-294912.0
9,4,0.25,0.25,1.0,0.0,0.25,0.8,-0.2037002565608096,-294912.0
5,3,0.5,0.25,0.75,0.0,0.0,0.0,-0.09605095777041289,-393216.0
6,4,0.0,0.25,0.25,0.25,0.5,0.6,-0.09134701204963322,-294912.0
6,2,1.0,0.25,0.75,0.5,0.25,0.0,-0.13158373134788812,-491520.0
9,3,0.5,0.5,0.75,1.0,0.75,0.2,-0.203559804603045,-393216.0
9,4,0.25,0.0,0.75,1.0,0.75,0.0,-0.24170556279730387,-294912.0
8,4,1.0,0.25,0.25,0.75,0.75,0.6,-0.2078999690742518,-294912.0
9,3,1.0,0.5,0.75,0.25,0.75,0.6,-0.17752180509556262,-393216.0
6,3,0.25,0.25,1.0,0.25,0.0,0.2,-0.12662561251723106,-393216.0
8,2,0.5,0.5,0.0,1.0,1.0,0.0,-0.18620948002450477,-491520.0
8,3,0.25,0.25,1.0,1.0,1.0,0.0,-0.18098844791202207,-393216.0
5,4,0.0,0.25,0.0,1.0,0.5,0.0,-0.1619979349251941,-294912.0
8,3,0.5,0.25,0.75,0.75,0.25,0.8,-0.2084751994245933,-393216.0
6,4,0.0,0.75,0.0,0.0,0.25,0.6,-0.17300035873790173,-294912.0
6,3,0.75,0.25,0.0,0.25,1.0,0.4,-0.12662561251723106,-393216.0
6,4,1.0,0.25,0.75,0.75,0.5,0.0,-0.09134701204963322,-294912.0
9,3,0.75,0.0,1.0,1.0,0.75,0.8,-0.23130441715673658,-393216.0
5,3,0.75,0.75,0.0,0.5,0.75,0.2,-0.11523084129536056,-393216.0
7,3,0.75,0.75,1.0,1.0,0.75,0.0,-0.17819866574009527,-393216.0
7,4,1.0,0.75,1.0,0.5,0.5,0.2,-0.16194742515306096,-294912.0
9,2,0.75,0.0,0.25,0.75,0.0,0.8,-0.23050075393429542,-491520.0
7,4,1.0,0.0,0.25,0.75,0.5,0.4,-0.1823892182543626,-294912.0
8,3,0.5,0.5,0.25,0.0,0.25,0.8,-0.17175165084758393,-393216.0
7,2,0.75,0.25,1.0,1.0,0.75,0.0,-0.15625406238193917,-491520.0
7,3,0.75,0.5,0.0,0.25,0.5,0.0,-0.20101511463335858,-393216.0
9,3,0.25,0.0,0.25,1.0,0.0,0.0,-0.2412626914014807,-393216.0
7,2,0.5,1.0,0.5,0.0,0.5,0.2,-0.16241773015830316,-491520.0
6,4,0.5,0.25,0.5,0.5,1.0,0.0,-0.13655986980996992,-294912.0
9,3,0.25,0.5,0.25,0.75,0.5,0.4,-0.1517397696603715,-393216.0
5,3,1.0,0.25,0.0,0.0,0.0,0.8,-0.0856730723258567,-393216.0
7,3,0.25,0.25,0.25,0.25,0.25,0.6,-0.10012298895314162,-393216.0
9,4,0.75,0.0,1.0,0.0,1.0,0.2,-0.24698688900601243,-294912.0
5,4,1.0,0.0,0.0,0.75,0.5,0.8,-0.10687644110626537,-294912.0
9,4,0.5,0.75,1.0,0.0,0.75,0.2,-0.24941025157703642,-294912.0
9,3,0.5,1.0,1.0,0.5,0.0,0.2,-0.15854514610296988,-393216.0
9,3,1.0,0.0,0.0,0.5,0.25,0.6,-0.2486527236108483,-393216.0
6,3,0.5,0.0,0.25,0.0,0.0,0.8,-0.18122686961916262,-393216.0
8,4,1.0,1.0,1.0,1.0,0.5,0.6,-0.16223168546203698,-294912.0
5,4,0.25,0.5,0.75,1.0,0.5,0.8,-0.11523084129536056,-294912.0
9,2,0.75,0.75,1.0,0.75,0.75,0.8,-0.17565789899914902,-491520.0
7,2,1.0,1.0,0.75,0.0,0.0,0.8,-0.1674748917408979,-491520.0
9,3,0.25,0.75,0.5,0.0,0.5,0.0,-0.23490930394170428,-393216.0
8,4,1.0,1.0,1.0,0.0,0.25,0.8,-0.16223168546203698,-294912.0
5,2,1.0,0.75,0.75,0.0,0.75,0.6,-0.11539620494790805,-491520.0
8,3,0.0,0.25,0.0,0.0,0.5,0.2,-0.1949882475657177,-393216.0
9,2,0.5,0.0,0.5,1.0,0.5,0.0,-0.22009775312483335,-491520.0
9,4,0.75,0.75,0.25,0.5,0.5,0.2,-0.1583210191680684,-294912.0
6,2,1.0,0.25,0.75,0.75,0.75,0.2,-0.13158373134788812,-491520.0
7,4,0.0,0.75,0.25,1.0,0.25,0.4,-0.18517781311732395,-294912.0
5,3,1.0,0.25,0.0,0.5,1.0,0.8,-0.11523084129536056,-393216.0
6,3,0.75,0.75,0.5,0.75,0.75,0.8,-0.13678083060646354,-393216.0
5,4,1.0,0.25,0.0,0.5,0.75,0.2,-0.11523084129536056,-294912.0
8,3,0.25,0.0,0.0,1.0,0.75,0.2,-0.21226996453154362,-393216.0
6,4,1.0,0.75,0.75,0.75,0.25,0.4,-0.09134701204963322,-294912.0
5,3,0.75,0.5,0.0,0.25,0.75,0.8,-0.11523084129536056,-393216.0
5,3,1.0,0.75,0.75,0.75,1.0,0.0,-0.11523084129536056,-393216.0
6,3,1.0,0.5,0.5,0.5,0.75,0.0,-0.09170537477322022,-393216.0
7,4,0.25,0.5,0.75,0.0,0.5,0.0,-0.20104822544466028,-294912.0
6,3,0.75,0.0,0.75,0.75,0.5,0.8,-0.1471537945826277,-393216.0
8,2,0.0,0.0,0.0,0.0,0.0,0.2,-0.1644855378814325,-491520.0
7,2,0.75,0.5,0.75,0.25,0.75,0.6,-0.14404055401238228,-491520.0
5,2,1.0,0.5,0.75,0.0,0.25,0.2,-0.11539620494790805,-491520.0
8,2,0.75,0.5,0.5,1.0,0.75,0.6,-0.1653427426884121,-491520.0
8,2,0.0,0.0,0.5,1.0,0.25,0.6,-0.1501565423235982,-491520.0
5,2,0.75,0.5,0.5,1.0,0.25,0.6,-0.11539620494790805,-491520.0
5,4,1.0,1.0,0.0,1.0,0.5,0.8,-0.08548424847535308,-294912.0
8,3,0.75,0.0,1.0,0.5,0.0,0.8,-0.19523206839241794,-393216.0
9,2,1.0,0.75,0.0,0.75,0.25,0.2,-0.1538876345499307,-491520.0
9,2,0.5,1.0,0.5,0.25,0.0,0.8,-0.2373194622310383,-491520.0
9,4,0.5,1.0,1.0,1.0,0.25,0.4,-0.17390923954237314,-294912.0
7,3,1.0,1.0,0.75,0.0,0.5,0.8,-0.1042116153353512,-393216.0
5,3,0.25,0.75,1.0,0.0,0.5,0.2,-0.11523084129536056,-393216.0
6,4,1.0,0.0,0.5,0.5,1.0,0.2,-0.09134701204963322,-294912.0
5,3,0.75,1.0,1.0,0.5,0.5,0.8,-0.11523084129536056,-393216.0
5,4,0.5,0.0,1.0,0.75,0.25,0.2,-0.03553824081692021,-294912.0

End of doe/resume phase, the number of evaluated configurations is: 200

End of DoE - Time 18492.4493 sec
Starting optimization iteration 1
End of training - Time       0.06 sec
Model fitting time     0.0575 sec
Total RS time     0.0540 sec
Optimization function time     0.7548 sec
Starting local search iteration: , #configs:30
0, 
1, 
2, 
3, 
4, 
5, 
6, 
7, 
8, 
9, 
10, 
11, 
12, 
13, 
14, 
15, 
16, 
17, 
18, 
19, 
20, 
21, 
22, 
23, 
24, 
25, 
26, 
27, 
28, 
29, 
Multi-start LS time     0.4695 sec
MSLS time     0.5498 sec
Local search time     1.3654 sec
Total iteration time     1.4254 sec
End of training - Time       0.06 sec
Model fitting time     0.0575 sec
Total RS time     0.0538 sec
Optimization function time     0.4872 sec
Starting local search iteration: , #configs:30
0, 
1, 
2, 
3, 
4, 
5, 
6, 
7, 
8, 
9, 
10, 
11, 
12, 
13, 
14, 
15, 
16, 
17, 
18, 
19, 
20, 
21, 
22, 
23, 
24, 
25, 
26, 
27, 
28, 
29, 
Multi-start LS time     0.4893 sec
MSLS time     0.5743 sec
Local search time     1.1240 sec
Total iteration time     2.6096 sec
End of training - Time       0.06 sec
Model fitting time     0.0586 sec
Total RS time     0.0534 sec
Optimization function time     0.5854 sec
Starting local search iteration: , #configs:30
0, 
1, 
2, 
3, 
4, 
5, 
6, 
7, 
8, 
9, 
10, 
11, 
12, 
13, 
14, 
15, 
16, 
17, 
18, 
19, 
20, 
21, 
22, 
23, 
24, 
25, 
26, 
27, 
28, 
29, 
Multi-start LS time     0.5730 sec
MSLS time     0.6560 sec
Local search time     1.3018 sec
Total iteration time     3.9725 sec
End of training - Time       0.06 sec
Model fitting time     0.0594 sec
Total RS time     0.0518 sec
Optimization function time     0.6187 sec
Starting local search iteration: , #configs:30
0, 
1, 
2, 
3, 
4, 
5, 
6, 
7, 
8, 
9, 
10, 
11, 
12, 
13, 
14, 
15, 
16, 
17, 
18, 
19, 
20, 
21, 
22, 
23, 
24, 
25, 
26, 
27, 
28, 
29, 
Multi-start LS time     0.6278 sec
MSLS time     0.7137 sec
Local search time     1.3909 sec
Total iteration time     5.4255 sec
End of training - Time       0.06 sec
Model fitting time     0.0612 sec
Total RS time     0.0514 sec
Optimization function time     0.5085 sec
Starting local search iteration: , #configs:30
0, 
1, 
2, 
3, 
4, 
5, 
6, 
7, 
8, 
9, 
10, 
11, 
12, 
13, 
14, 
15, 
16, 
17, 
18, 
19, 
20, 
21, 
22, 
23, 
24, 
25, 
26, 
27, 
28, 
29, 
Multi-start LS time     0.4933 sec
MSLS time     0.5766 sec
Local search time     1.1430 sec
Total iteration time     6.6321 sec
End of training - Time       0.06 sec
Model fitting time     0.0615 sec
0.06648258910714488 < 0.1 random sampling a configuration to run
Local search time     0.0005 sec
Total iteration time     6.6961 sec
End of training - Time       0.06 sec
Model fitting time     0.0597 sec
Total RS time     0.0515 sec
Optimization function time     0.5368 sec
Starting local search iteration: , #configs:30
0, 
1, 
2, 
3, 
4, 
5, 
6, 
7, 
8, 
9, 
10, 
11, 
12, 
13, 
14, 
15, 
16, 
17, 
18, 
19, 
20, 
21, 
22, 
23, 
24, 
25, 
26, 
27, 
28, 
29, 
Multi-start LS time     0.5040 sec
MSLS time     0.5857 sec
Local search time     1.1815 sec
Total iteration time     7.9398 sec
End of training - Time       0.06 sec
Model fitting time     0.0604 sec
Total RS time     0.0515 sec
Optimization function time     0.5445 sec
Starting local search iteration: , #configs:30
0, 
1, 
2, 
3, 
4, 
5, 
6, 
7, 
8, 
9, 
10, 
11, 
12, 
13, 
14, 
15, 
16, 
17, 
18, 
19, 
20, 
21, 
22, 
23, 
24, 
25, 
26, 
27, 
28, 
29, 
Multi-start LS time     0.5387 sec
MSLS time     0.6150 sec
Local search time     1.2174 sec
Total iteration time     9.2202 sec
End of training - Time       0.06 sec
Model fitting time     0.0639 sec
Total RS time     0.0516 sec
Optimization function time     0.4963 sec
Starting local search iteration: , #configs:30
0, 
1, 
2, 
3, 
4, 
5, 
6, 
7, 
8, 
9, 
10, 
11, 
12, 
13, 
14, 
15, 
16, 
17, 
18, 
19, 
20, 
21, 
22, 
23, 
24, 
25, 
26, 
27, 
28, 
29, 
Multi-start LS time     0.4786 sec
MSLS time     0.5598 sec
Local search time     1.1143 sec
Total iteration time    10.4009 sec
End of training - Time       0.06 sec
Model fitting time     0.0645 sec
Total RS time     0.0517 sec
Optimization function time     0.4957 sec
Starting local search iteration: , #configs:30
0, 
1, 
2, 
3, 
4, 
5, 
6, 
7, 
8, 
9, 
10, 
11, 
12, 
13, 
14, 
15, 
16, 
17, 
18, 
19, 
20, 
21, 
22, 
23, 
24, 
25, 
26, 
27, 
28, 
29, 
Multi-start LS time     0.4795 sec
MSLS time     0.5591 sec
Local search time     1.1129 sec
Running on client-server mode.
Communication protocol: sending message...
Request 10
depth,features_per_partition,c1,c2,c3,c4,c5,c6
6,4,0.0,0.0,0.0,0.5,0.0,0.0
9,2,0.25,1.0,0.0,1.0,0.0,0.0
8,2,0.25,1.0,0.0,1.0,1.0,0.0
9,4,0.25,0.0,0.0,0.5,0.5,0.0
9,2,0.25,0.0,0.0,0.5,0.5,0.2
8,3,1.0,0.25,1.0,0.75,0.0,0.8
9,4,1.0,0.0,0.0,0.75,0.0,0.6
8,2,0.5,0.75,0.0,1.0,1.0,0.0
8,2,0.0,0.0,0.0,0.5,0.5,0.2
8,2,0.5,0.75,0.0,1.0,0.0,0.2
Communication protocol: receiving message....
depth,features_per_partition,c1,c2,c3,c4,c5,c6,f1_score,num_flows
6,4,0.0,0.0,0.0,0.5,0.0,0.0,-0.2008129190807692,-294912.0
9,2,0.25,1.0,0.0,1.0,0.0,0.0,-0.22009775312483335,-491520.0
8,2,0.25,1.0,0.0,1.0,1.0,0.0,-0.18620948002450477,-491520.0
9,4,0.25,0.0,0.0,0.5,0.5,0.0,-0.23565890308996668,-294912.0
9,2,0.25,0.0,0.0,0.5,0.5,0.2,-0.20522782943344042,-491520.0
8,3,1.0,0.25,1.0,0.75,0.0,0.8,-0.18676408003083686,-393216.0
9,4,1.0,0.0,0.0,0.75,0.0,0.6,-0.23314356149352836,-294912.0
8,2,0.5,0.75,0.0,1.0,1.0,0.0,-0.18620948002450477,-491520.0
8,2,0.0,0.0,0.0,0.5,0.5,0.2,-0.21604396025379607,-491520.0
8,2,0.5,0.75,0.0,1.0,0.0,0.2,-0.18620948002450477,-491520.0
Black box function time   898.7992 sec
Total iteration time   910.3782 sec
Starting optimization iteration 2
End of training - Time       0.06 sec
Model fitting time     0.0617 sec
Total RS time     0.0521 sec
Optimization function time     0.4951 sec
Starting local search iteration: , #configs:30
0, 
1, 
2, 
3, 
4, 
5, 
6, 
7, 
8, 
9, 
10, 
11, 
12, 
13, 
14, 
15, 
16, 
17, 
18, 
19, 
20, 
21, 
22, 
23, 
24, 
25, 
26, 
27, 
28, 
29, 
Multi-start LS time     0.4575 sec
MSLS time     0.5380 sec
Local search time     1.0919 sec
Total iteration time     1.1561 sec
End of training - Time       0.06 sec
Model fitting time     0.0568 sec
Total RS time     0.0505 sec
Optimization function time     0.4495 sec
Starting local search iteration: , #configs:30
0, 
1, 
2, 
3, 
4, 
5, 
6, 
7, 
8, 
9, 
10, 
11, 
12, 
13, 
14, 
15, 
16, 
17, 
18, 
19, 
20, 
21, 
22, 
23, 
24, 
25, 
26, 
27, 
28, 
29, 
Multi-start LS time     0.4399 sec
MSLS time     0.5208 sec
Local search time     1.0272 sec
Total iteration time     2.2427 sec
End of training - Time       0.06 sec
Model fitting time     0.0595 sec
0.03332492827060829 < 0.1 random sampling a configuration to run
Local search time     0.0005 sec
Total iteration time     2.3046 sec
End of training - Time       0.06 sec
Model fitting time     0.0560 sec
Total RS time     0.0503 sec
Optimization function time     0.4542 sec
Starting local search iteration: , #configs:30
0, 
1, 
2, 
3, 
4, 
5, 
6, 
7, 
8, 
9, 
10, 
11, 
12, 
13, 
14, 
15, 
16, 
17, 
18, 
19, 
20, 
21, 
22, 
23, 
24, 
25, 
26, 
27, 
28, 
29, 
Multi-start LS time     0.4874 sec
MSLS time     0.5669 sec
Local search time     1.0786 sec
Total iteration time     3.4419 sec
End of training - Time       0.06 sec
Model fitting time     0.0605 sec
Total RS time     0.0513 sec
Optimization function time     0.5033 sec
Starting local search iteration: , #configs:30
0, 
1, 
2, 
3, 
4, 
5, 
6, 
7, 
8, 
9, 
10, 
11, 
12, 
13, 
14, 
15, 
16, 
17, 
18, 
19, 
20, 
21, 
22, 
23, 
24, 
25, 
26, 
27, 
28, 
29, 
Multi-start LS time     0.4656 sec
MSLS time     0.5458 sec
Local search time     1.1070 sec
Total iteration time     4.6119 sec
End of training - Time       0.06 sec
Model fitting time     0.0575 sec
Total RS time     0.0505 sec
Optimization function time     0.4775 sec
Starting local search iteration: , #configs:30
0, 
1, 
2, 
3, 
4, 
5, 
6, 
7, 
8, 
9, 
10, 
11, 
12, 
13, 
14, 
15, 
16, 
17, 
18, 
19, 
20, 
21, 
22, 
23, 
24, 
25, 
26, 
27, 
28, 
29, 
Multi-start LS time     0.4803 sec
MSLS time     0.5637 sec
Local search time     1.0986 sec
Total iteration time     5.7704 sec
End of training - Time       0.06 sec
Model fitting time     0.0615 sec
Total RS time     0.0505 sec
Optimization function time     0.4956 sec
Starting local search iteration: , #configs:30
0, 
1, 
2, 
3, 
4, 
5, 
6, 
7, 
8, 
9, 
10, 
11, 
12, 
13, 
14, 
15, 
16, 
17, 
18, 
19, 
20, 
21, 
22, 
23, 
24, 
25, 
26, 
27, 
28, 
29, 
Multi-start LS time     0.4824 sec
MSLS time     0.5663 sec
Local search time     1.1201 sec
Total iteration time     6.9547 sec
End of training - Time       0.06 sec
Model fitting time     0.0621 sec
Total RS time     0.0509 sec
Optimization function time     0.4942 sec
Starting local search iteration: , #configs:30
0, 
1, 
2, 
3, 
4, 
5, 
6, 
7, 
8, 
9, 
10, 
11, 
12, 
13, 
14, 
15, 
16, 
17, 
18, 
19, 
20, 
21, 
22, 
23, 
24, 
25, 
26, 
27, 
28, 
29, 
Multi-start LS time     0.4680 sec
MSLS time     0.5506 sec
Local search time     1.1026 sec
Total iteration time     8.1219 sec
End of training - Time       0.06 sec
Model fitting time     0.0638 sec
Total RS time     0.0514 sec
Optimization function time     0.4711 sec
Starting local search iteration: , #configs:30
0, 
1, 
2, 
3, 
4, 
5, 
6, 
7, 
8, 
9, 
10, 
11, 
12, 
13, 
14, 
15, 
16, 
17, 
18, 
19, 
20, 
21, 
22, 
23, 
24, 
25, 
26, 
27, 
28, 
29, 
Multi-start LS time     0.4707 sec
MSLS time     0.5567 sec
Local search time     1.0861 sec
Total iteration time     9.2743 sec
End of training - Time       0.06 sec
Model fitting time     0.0643 sec
Total RS time     0.0509 sec
Optimization function time     0.4744 sec
Starting local search iteration: , #configs:30
0, 
1, 
2, 
3, 
4, 
5, 
6, 
7, 
8, 
9, 
10, 
11, 
12, 
13, 
14, 
15, 
16, 
17, 
18, 
19, 
20, 
21, 
22, 
23, 
24, 
25, 
26, 
27, 
28, 
29, 
Multi-start LS time     0.5017 sec
MSLS time     0.5787 sec
Local search time     1.1107 sec
Running on client-server mode.
Communication protocol: sending message...
Request 10
depth,features_per_partition,c1,c2,c3,c4,c5,c6
9,2,1.0,0.25,0.5,0.5,0.0,0.6
8,2,1.0,0.25,0.25,0.75,0.0,0.6
5,2,0.25,1.0,0.25,1.0,0.0,0.6
7,2,1.0,0.5,0.75,0.25,0.0,0.0
6,2,1.0,1.0,0.75,0.0,0.0,0.2
9,2,1.0,1.0,0.25,0.0,0.0,0.8
9,2,1.0,0.0,1.0,0.0,0.0,0.6
7,2,1.0,0.75,0.75,0.0,0.0,0.8
10,2,1.0,0.0,1.0,0.75,0.25,0.6
9,3,1.0,0.0,0.25,1.0,0.0,0.0
Communication protocol: receiving message....
depth,features_per_partition,c1,c2,c3,c4,c5,c6,f1_score,num_flows
9,2,1.0,0.25,0.5,0.5,0.0,0.6,-0.23050075393429542,-491520.0
8,2,1.0,0.25,0.25,0.75,0.0,0.6,-0.224154201601521,-491520.0
5,2,0.25,1.0,0.25,1.0,0.0,0.6,-0.08564502076054563,-491520.0
7,2,1.0,0.5,0.75,0.25,0.0,0.0,-0.22044359232031463,-491520.0
6,2,1.0,1.0,0.75,0.0,0.0,0.2,-0.0935062202962235,-491520.0
9,2,1.0,1.0,0.25,0.0,0.0,0.8,-0.21152300969009316,-491520.0
9,2,1.0,0.0,1.0,0.0,0.0,0.6,-0.21496440974528566,-491520.0
7,2,1.0,0.75,0.75,0.0,0.0,0.8,-0.1674748917408979,-491520.0
10,2,1.0,0.0,1.0,0.75,0.25,0.6,-0.18387845013105997,-491520.0
9,3,1.0,0.0,0.25,1.0,0.0,0.0,-0.22290178560805562,-393216.0
Black box function time   924.7476 sec
Total iteration time   935.1975 sec
Starting optimization iteration 3
End of training - Time       0.07 sec
Model fitting time     0.0661 sec
Total RS time     0.0549 sec
Optimization function time     0.5715 sec
Starting local search iteration: , #configs:30
0, 
1, 
2, 
3, 
4, 
5, 
6, 
7, 
8, 
9, 
10, 
11, 
12, 
13, 
14, 
15, 
16, 
17, 
18, 
19, 
20, 
21, 
22, 
23, 
24, 
25, 
26, 
27, 
28, 
29, 
Multi-start LS time     0.4556 sec
MSLS time     0.5351 sec
Local search time     1.1678 sec
Total iteration time     1.2364 sec
End of training - Time       0.06 sec
Model fitting time     0.0593 sec
Total RS time     0.0515 sec
Optimization function time     0.6254 sec
Starting local search iteration: , #configs:30
0, 
1, 
2, 
3, 
4, 
5, 
6, 
7, 
8, 
9, 
10, 
11, 
12, 
13, 
14, 
15, 
16, 
17, 
18, 
19, 
20, 
21, 
22, 
23, 
24, 
25, 
26, 
27, 
28, 
29, 
Multi-start LS time     0.4562 sec
MSLS time     0.5425 sec
Local search time     1.2262 sec
Total iteration time     2.5244 sec
End of training - Time       0.06 sec
Model fitting time     0.0622 sec
Total RS time     0.0533 sec
Optimization function time     0.5621 sec
Starting local search iteration: , #configs:30
0, 
1, 
2, 
3, 
4, 
5, 
6, 
7, 
8, 
9, 
10, 
11, 
12, 
13, 
14, 
15, 
16, 
17, 
18, 
19, 
20, 
21, 
22, 
23, 
24, 
25, 
26, 
27, 
28, 
29, 
Multi-start LS time     0.4684 sec
MSLS time     0.5683 sec
Local search time     1.1942 sec
Total iteration time     3.7843 sec
End of training - Time       0.12 sec
Model fitting time     0.1249 sec
Total RS time     0.0996 sec
Optimization function time     0.5624 sec
Starting local search iteration: , #configs:30
0, 
1, 
2, 
3, 
4, 
5, 
6, 
7, 
8, 
9, 
10, 
11, 
12, 
13, 
14, 
15, 
16, 
17, 
18, 
19, 
20, 
21, 
22, 
23, 
24, 
25, 
26, 
27, 
28, 
29, 
Multi-start LS time     0.5006 sec
MSLS time     0.5862 sec
Local search time     1.2549 sec
Total iteration time     5.1671 sec
End of training - Time       0.07 sec
Model fitting time     0.0657 sec
Total RS time     0.0513 sec
Optimization function time     0.4885 sec
Starting local search iteration: , #configs:30
0, 
1, 
2, 
3, 
4, 
5, 
6, 
7, 
8, 
9, 
10, 
11, 
12, 
13, 
14, 
15, 
16, 
17, 
18, 
19, 
20, 
21, 
22, 
23, 
24, 
25, 
26, 
27, 
28, 
29, 
Multi-start LS time     0.5790 sec
MSLS time     0.6627 sec
Local search time     1.2098 sec
Total iteration time     6.4452 sec
End of training - Time       0.06 sec
Model fitting time     0.0634 sec
Total RS time     0.0537 sec
Optimization function time     0.5170 sec
Starting local search iteration: , #configs:30
0, 
1, 
2, 
3, 
4, 
5, 
6, 
7, 
8, 
9, 
10, 
11, 
12, 
13, 
14, 
15, 
16, 
17, 
18, 
19, 
20, 
21, 
22, 
23, 
24, 
25, 
26, 
27, 
28, 
29, 
Multi-start LS time     0.5982 sec
MSLS time     0.6926 sec
Local search time     1.2724 sec
Total iteration time     7.7838 sec
End of training - Time       0.07 sec
Model fitting time     0.0662 sec
Total RS time     0.0521 sec
Optimization function time     0.5425 sec
Starting local search iteration: , #configs:30
0, 
1, 
2, 
3, 
4, 
5, 
6, 
7, 
8, 
9, 
10, 
11, 
12, 
13, 
14, 
15, 
16, 
17, 
18, 
19, 
20, 
21, 
22, 
23, 
24, 
25, 
26, 
27, 
28, 
29, 
Multi-start LS time     0.5037 sec
MSLS time     0.5857 sec
Local search time     1.1879 sec
Total iteration time     9.0406 sec
End of training - Time       0.07 sec
Model fitting time     0.0663 sec
Total RS time     0.0515 sec
Optimization function time     0.6283 sec
Starting local search iteration: , #configs:30
0, 
1, 
2, 
3, 
4, 
5, 
6, 
7, 
8, 
9, 
10, 
11, 
12, 
13, 
14, 
15, 
16, 
17, 
18, 
19, 
20, 
21, 
22, 
23, 
24, 
25, 
26, 
27, 
28, 
29, 
Multi-start LS time     0.4758 sec
MSLS time     0.5597 sec
Local search time     1.2465 sec
Total iteration time    10.3561 sec
End of training - Time       0.07 sec
Model fitting time     0.0672 sec
Total RS time     0.0542 sec
Optimization function time     0.5106 sec
Starting local search iteration: , #configs:30
0, 
1, 
2, 
3, 
4, 
5, 
6, 
7, 
8, 
9, 
10, 
11, 
12, 
13, 
14, 
15, 
16, 
17, 
18, 
19, 
20, 
21, 
22, 
23, 
24, 
25, 
26, 
27, 
28, 
29, 
Multi-start LS time     0.5438 sec
MSLS time     0.7269 sec
Local search time     1.2988 sec
Total iteration time    11.7246 sec
End of training - Time       0.07 sec
Model fitting time     0.0669 sec
Total RS time     0.0520 sec
Optimization function time     0.5728 sec
Starting local search iteration: , #configs:30
0, 
1, 
2, 
3, 
4, 
5, 
6, 
7, 
8, 
9, 
10, 
11, 
12, 
13, 
14, 
15, 
16, 
17, 
18, 
19, 
20, 
21, 
22, 
23, 
24, 
25, 
26, 
27, 
28, 
29, 
Multi-start LS time     0.5776 sec
MSLS time     0.6708 sec
Local search time     1.3042 sec
Running on client-server mode.
Communication protocol: sending message...
Request 10
depth,features_per_partition,c1,c2,c3,c4,c5,c6
9,4,0.0,0.0,1.0,1.0,0.75,0.0
9,4,0.25,0.0,1.0,1.0,0.0,0.0
5,2,0.0,1.0,0.0,0.0,0.25,0.0
9,2,0.0,1.0,0.0,0.0,0.0,0.0
8,2,0.0,1.0,0.0,1.0,0.0,0.0
9,2,0.25,1.0,0.0,0.25,0.25,0.0
7,2,1.0,1.0,0.75,0.0,0.0,0.0
7,2,0.25,1.0,0.25,1.0,0.0,0.0
9,2,0.5,1.0,0.75,0.25,0.5,0.0
9,2,0.5,0.25,0.0,0.25,0.0,0.0
Communication protocol: receiving message....
depth,features_per_partition,c1,c2,c3,c4,c5,c6,f1_score,num_flows
9,4,0.0,0.0,1.0,1.0,0.75,0.0,-0.24915704201431887,-294912.0
9,4,0.25,0.0,1.0,1.0,0.0,0.0,-0.24047542711234798,-294912.0
5,2,0.0,1.0,0.0,0.0,0.25,0.0,-0.11390023512308653,-491520.0
9,2,0.0,1.0,0.0,0.0,0.0,0.0,-0.31511101476896786,-491520.0
8,2,0.0,1.0,0.0,1.0,0.0,0.0,-0.20855047597328463,-491520.0
9,2,0.25,1.0,0.0,0.25,0.25,0.0,-0.24623734552174384,-491520.0
7,2,1.0,1.0,0.75,0.0,0.0,0.0,-0.21125601971518357,-491520.0
7,2,0.25,1.0,0.25,1.0,0.0,0.0,-0.17817842575327691,-491520.0
9,2,0.5,1.0,0.75,0.25,0.5,0.0,-0.24623734552174384,-491520.0
9,2,0.5,0.25,0.0,0.25,0.0,0.0,-0.1689103624428965,-491520.0
Black box function time   875.3802 sec
Total iteration time   888.4765 sec
Starting optimization iteration 4
End of training - Time       0.07 sec
Model fitting time     0.0667 sec
Total RS time     0.0522 sec
Optimization function time     0.6436 sec
Starting local search iteration: , #configs:30
0, 
1, 
2, 
3, 
4, 
5, 
6, 
7, 
8, 
9, 
10, 
11, 
12, 
13, 
14, 
15, 
16, 
17, 
18, 
19, 
20, 
21, 
22, 
23, 
24, 
25, 
26, 
27, 
28, 
29, 
Multi-start LS time     0.5444 sec
MSLS time     0.6400 sec
Local search time     1.3440 sec
Total iteration time     1.4138 sec
End of training - Time       0.06 sec
Model fitting time     0.0636 sec
Total RS time     0.0529 sec
Optimization function time     0.5436 sec
Starting local search iteration: , #configs:30
0, 
1, 
2, 
3, 
4, 
5, 
6, 
7, 
8, 
9, 
10, 
11, 
12, 
13, 
14, 
15, 
16, 
17, 
18, 
19, 
20, 
21, 
22, 
23, 
24, 
25, 
26, 
27, 
28, 
29, 
Multi-start LS time     0.4944 sec
MSLS time     0.5946 sec
Local search time     1.2037 sec
Total iteration time     2.6850 sec
End of training - Time       0.13 sec
Model fitting time     0.1282 sec
Total RS time     0.0999 sec
Optimization function time     0.6779 sec
Starting local search iteration: , #configs:30
0, 
1, 
2, 
3, 
4, 
5, 
6, 
7, 
8, 
9, 
10, 
11, 
12, 
13, 
14, 
15, 
16, 
17, 
18, 
19, 
20, 
21, 
22, 
23, 
24, 
25, 
26, 
27, 
28, 
29, 
Multi-start LS time     0.5088 sec
MSLS time     0.5934 sec
Local search time     1.3780 sec
Total iteration time     4.1943 sec
End of training - Time       0.06 sec
Model fitting time     0.0645 sec
Total RS time     0.0513 sec
Optimization function time     0.4698 sec
Starting local search iteration: , #configs:30
0, 
1, 
2, 
3, 
4, 
5, 
6, 
7, 
8, 
9, 
10, 
11, 
12, 
13, 
14, 
15, 
16, 
17, 
18, 
19, 
20, 
21, 
22, 
23, 
24, 
25, 
26, 
27, 
28, 
29, 
Multi-start LS time     0.4993 sec
MSLS time     0.5863 sec
Local search time     1.1143 sec
Total iteration time     5.3757 sec
End of training - Time       0.07 sec
Model fitting time     0.0715 sec
0.05361926680546525 < 0.1 random sampling a configuration to run
Local search time     0.0006 sec
Total iteration time     5.4499 sec
End of training - Time       0.07 sec
Model fitting time     0.0682 sec
Total RS time     0.0524 sec
Optimization function time     0.5637 sec
Starting local search iteration: , #configs:30
0, 
1, 
2, 
3, 
4, 
5, 
6, 
7, 
8, 
9, 
10, 
11, 
12, 
13, 
14, 
15, 
16, 
17, 
18, 
19, 
20, 
21, 
22, 
23, 
24, 
25, 
26, 
27, 
28, 
29, 
Multi-start LS time     0.4717 sec
MSLS time     0.5578 sec
Local search time     1.1806 sec
Total iteration time     6.7013 sec
End of training - Time       0.07 sec
Model fitting time     0.0668 sec
Total RS time     0.0516 sec
Optimization function time     0.6241 sec
Starting local search iteration: , #configs:30
0, 
1, 
2, 
3, 
4, 
5, 
6, 
7, 
8, 
9, 
10, 
11, 
12, 
13, 
14, 
15, 
16, 
17, 
18, 
19, 
20, 
21, 
22, 
23, 
24, 
25, 
26, 
27, 
28, 
29, 
Multi-start LS time     0.5463 sec
MSLS time     0.6310 sec
Local search time     1.3138 sec
Total iteration time     8.0845 sec
End of training - Time       0.07 sec
Model fitting time     0.0723 sec
0.09659553875385285 < 0.1 random sampling a configuration to run
Local search time     0.0006 sec
Total iteration time     8.1594 sec
End of training - Time       0.07 sec
Model fitting time     0.0715 sec
Total RS time     0.0529 sec
Optimization function time     0.5198 sec
Starting local search iteration: , #configs:30
0, 
1, 
2, 
3, 
4, 
5, 
6, 
7, 
8, 
9, 
10, 
11, 
12, 
13, 
14, 
15, 
16, 
17, 
18, 
19, 
20, 
21, 
22, 
23, 
24, 
25, 
26, 
27, 
28, 
29, 
Multi-start LS time     0.6153 sec
MSLS time     0.6957 sec
Local search time     1.2754 sec
Total iteration time     9.5088 sec
End of training - Time       0.08 sec
Model fitting time     0.0791 sec
Total RS time     0.0524 sec
Optimization function time     0.5829 sec
Starting local search iteration: , #configs:30
0, 
1, 
2, 
3, 
4, 
5, 
6, 
7, 
8, 
9, 
10, 
11, 
12, 
13, 
14, 
15, 
16, 
17, 
18, 
19, 
20, 
21, 
22, 
23, 
24, 
25, 
26, 
27, 
28, 
29, 
Multi-start LS time     0.5703 sec
MSLS time     0.6530 sec
Local search time     1.2950 sec
Running on client-server mode.
Communication protocol: sending message...
Request 10
depth,features_per_partition,c1,c2,c3,c4,c5,c6
9,2,0.0,0.75,1.0,0.0,0.5,0.0
8,2,0.0,0.75,1.0,0.0,1.0,0.6
6,2,0.75,1.0,1.0,0.0,1.0,0.8
7,2,0.0,0.5,1.0,0.0,0.5,0.0
9,3,0.0,0.75,0.5,0.5,0.25,0.2
8,4,0.0,0.5,1.0,0.0,0.0,0.0
6,2,0.0,1.0,1.0,0.0,0.0,0.8
7,3,1.0,0.5,0.25,0.0,0.75,0.8
8,2,0.0,0.5,0.0,0.0,0.0,0.0
6,2,0.5,0.0,0.0,0.0,1.0,0.0
Communication protocol: receiving message....
depth,features_per_partition,c1,c2,c3,c4,c5,c6,f1_score,num_flows
9,2,0.0,0.75,1.0,0.0,0.5,0.0,-0.20272650521853453,-491520.0
8,2,0.0,0.75,1.0,0.0,1.0,0.6,-0.12726199890610612,-491520.0
6,2,0.75,1.0,1.0,0.0,1.0,0.8,-0.14742900076231358,-491520.0
7,2,0.0,0.5,1.0,0.0,0.5,0.0,-0.1652001465994739,-491520.0
9,3,0.0,0.75,0.5,0.5,0.25,0.2,-0.24872219319694885,-393216.0
8,4,0.0,0.5,1.0,0.0,0.0,0.0,-0.24014342513210626,-294912.0
6,2,0.0,1.0,1.0,0.0,0.0,0.8,-0.1311015424655423,-491520.0
7,3,1.0,0.5,0.25,0.0,0.75,0.8,-0.1053908002596655,-393216.0
8,2,0.0,0.5,0.0,0.0,0.0,0.0,-0.2922750441597849,-491520.0
6,2,0.5,0.0,0.0,0.0,1.0,0.0,-0.05756469091743483,-491520.0
Black box function time   932.2347 sec
Total iteration time   943.1183 sec
Starting optimization iteration 5
End of training - Time       0.07 sec
Model fitting time     0.0661 sec
Total RS time     0.0537 sec
Optimization function time     0.6315 sec
Starting local search iteration: , #configs:30
0, 
1, 
2, 
3, 
4, 
5, 
6, 
7, 
8, 
9, 
10, 
11, 
12, 
13, 
14, 
15, 
16, 
17, 
18, 
19, 
20, 
21, 
22, 
23, 
24, 
25, 
26, 
27, 
28, 
29, 
Multi-start LS time     0.4687 sec
MSLS time     0.5489 sec
Local search time     1.2407 sec
Total iteration time     1.3093 sec
End of training - Time       0.06 sec
Model fitting time     0.0649 sec
Total RS time     0.0516 sec
Optimization function time     0.6953 sec
Starting local search iteration: , #configs:30
0, 
1, 
2, 
3, 
4, 
5, 
6, 
7, 
8, 
9, 
10, 
11, 
12, 
13, 
14, 
15, 
16, 
17, 
18, 
19, 
20, 
21, 
22, 
23, 
24, 
25, 
26, 
27, 
28, 
29, 
Multi-start LS time     0.5049 sec
MSLS time     0.5872 sec
Local search time     1.3411 sec
Total iteration time     2.7180 sec
End of training - Time       0.07 sec
Model fitting time     0.0671 sec
Total RS time     0.0517 sec
Optimization function time     0.5245 sec
Starting local search iteration: , #configs:30
0, 
1, 
2, 
3, 
4, 
5, 
6, 
7, 
8, 
9, 
10, 
11, 
12, 
13, 
14, 
15, 
16, 
17, 
18, 
19, 
20, 
21, 
22, 
23, 
24, 
25, 
26, 
27, 
28, 
29, 
Multi-start LS time     0.5439 sec
MSLS time     0.6303 sec
Local search time     1.2140 sec
Total iteration time     4.0017 sec
End of training - Time       0.07 sec
Model fitting time     0.0671 sec
Total RS time     0.0533 sec
Optimization function time     0.5312 sec
Starting local search iteration: , #configs:30
0, 
1, 
2, 
3, 
4, 
5, 
6, 
7, 
8, 
9, 
10, 
11, 
12, 
13, 
14, 
15, 
16, 
17, 
18, 
19, 
20, 
21, 
22, 
23, 
24, 
25, 
26, 
27, 
28, 
29, 
Multi-start LS time     0.6712 sec
MSLS time     0.7551 sec
Local search time     1.3465 sec
Total iteration time     5.4179 sec
End of training - Time       0.07 sec
Model fitting time     0.0687 sec
Total RS time     0.0533 sec
Optimization function time     0.5225 sec
Starting local search iteration: , #configs:30
0, 
1, 
2, 
3, 
4, 
5, 
6, 
7, 
8, 
9, 
10, 
11, 
12, 
13, 
14, 
15, 
16, 
17, 
18, 
19, 
20, 
21, 
22, 
23, 
24, 
25, 
26, 
27, 
28, 
29, 
Multi-start LS time     0.4600 sec
MSLS time     0.5499 sec
Local search time     1.1351 sec
Total iteration time     6.6243 sec
End of training - Time       0.07 sec
Model fitting time     0.0678 sec
Total RS time     0.0527 sec
Optimization function time     0.5527 sec
Starting local search iteration: , #configs:30
0, 
1, 
2, 
3, 
4, 
5, 
6, 
7, 
8, 
9, 
10, 
11, 
12, 
13, 
14, 
15, 
16, 
17, 
18, 
19, 
20, 
21, 
22, 
23, 
24, 
25, 
26, 
27, 
28, 
29, 
Multi-start LS time     0.4759 sec
MSLS time     0.5590 sec
Local search time     1.1712 sec
Total iteration time     7.8659 sec
End of training - Time       0.07 sec
Model fitting time     0.0683 sec
Total RS time     0.0731 sec
Optimization function time     0.7076 sec
Starting local search iteration: , #configs:30
0, 
1, 
2, 
3, 
4, 
5, 
6, 
7, 
8, 
9, 
10, 
11, 
12, 
13, 
14, 
15, 
16, 
17, 
18, 
19, 
20, 
21, 
22, 
23, 
24, 
25, 
26, 
27, 
28, 
29, 
Multi-start LS time     0.5539 sec
MSLS time     0.6386 sec
Local search time     1.4264 sec
Total iteration time     9.3632 sec
End of training - Time       0.07 sec
Model fitting time     0.0694 sec
Total RS time     0.0515 sec
Optimization function time     0.6057 sec
Starting local search iteration: , #configs:30
0, 
1, 
2, 
3, 
4, 
5, 
6, 
7, 
8, 
9, 
10, 
11, 
12, 
13, 
14, 
15, 
16, 
17, 
18, 
19, 
20, 
21, 
22, 
23, 
24, 
25, 
26, 
27, 
28, 
29, 
Multi-start LS time     0.4659 sec
MSLS time     0.5463 sec
Local search time     1.2107 sec
Total iteration time    10.6459 sec
End of training - Time       0.07 sec
Model fitting time     0.0731 sec
Total RS time     0.0523 sec
Optimization function time     0.4978 sec
Starting local search iteration: , #configs:30
0, 
1, 
2, 
3, 
4, 
5, 
6, 
7, 
8, 
9, 
10, 
11, 
12, 
13, 
14, 
15, 
16, 
17, 
18, 
19, 
20, 
21, 
22, 
23, 
24, 
25, 
26, 
27, 
28, 
29, 
Multi-start LS time     0.6066 sec
MSLS time     0.6924 sec
Local search time     1.2506 sec
Total iteration time    11.9724 sec
End of training - Time       0.07 sec
Model fitting time     0.0691 sec
Total RS time     0.0533 sec
Optimization function time     0.6301 sec
Starting local search iteration: , #configs:30
0, 
1, 
2, 
3, 
4, 
5, 
6, 
7, 
8, 
9, 
10, 
11, 
12, 
13, 
14, 
15, 
16, 
17, 
18, 
19, 
20, 
21, 
22, 
23, 
24, 
25, 
26, 
27, 
28, 
29, 
Multi-start LS time     0.5455 sec
MSLS time     0.6279 sec
Local search time     1.3183 sec
Running on client-server mode.
Communication protocol: sending message...
Request 10
depth,features_per_partition,c1,c2,c3,c4,c5,c6
5,2,0.0,0.75,0.0,0.75,0.5,0.8
5,2,0.0,0.25,0.5,0.75,0.5,0.4
5,2,1.0,0.0,0.75,1.0,0.5,0.4
5,2,0.25,0.0,1.0,1.0,0.25,0.6
5,2,1.0,0.5,0.75,1.0,0.25,0.4
9,2,0.0,1.0,0.0,1.0,1.0,0.8
9,2,0.5,0.0,0.0,1.0,1.0,0.8
5,2,0.75,0.25,0.25,1.0,0.0,0.6
5,2,0.25,0.75,0.25,1.0,0.5,0.2
5,2,0.75,1.0,0.25,0.75,0.0,0.8
Communication protocol: receiving message....
depth,features_per_partition,c1,c2,c3,c4,c5,c6,f1_score,num_flows
5,2,0.0,0.75,0.0,0.75,0.5,0.8,-0.11390023512308653,-491520.0
5,2,0.0,0.25,0.5,0.75,0.5,0.4,-0.13836206907263837,-491520.0
5,2,1.0,0.0,0.75,1.0,0.5,0.4,-0.13318232642613537,-491520.0
5,2,0.25,0.0,1.0,1.0,0.25,0.6,-0.13318232642613537,-491520.0
5,2,1.0,0.5,0.75,1.0,0.25,0.4,-0.11539620494790805,-491520.0
9,2,0.0,1.0,0.0,1.0,1.0,0.8,-0.23148882717661984,-491520.0
9,2,0.5,0.0,0.0,1.0,1.0,0.8,-0.1429473259643162,-491520.0
5,2,0.75,0.25,0.25,1.0,0.0,0.6,-0.08564502076054563,-491520.0
5,2,0.25,0.75,0.25,1.0,0.5,0.2,-0.08564502076054563,-491520.0
5,2,0.75,1.0,0.25,0.75,0.0,0.8,-0.08564502076054563,-491520.0
Black box function time   931.8104 sec
Total iteration time   945.1709 sec
Starting optimization iteration 6
End of training - Time       0.07 sec
Model fitting time     0.0678 sec
Total RS time     0.0529 sec
Optimization function time     0.6736 sec
Starting local search iteration: , #configs:30
0, 
1, 
2, 
3, 
4, 
5, 
6, 
7, 
8, 
9, 
10, 
11, 
12, 
13, 
14, 
15, 
16, 
17, 
18, 
19, 
20, 
21, 
22, 
23, 
24, 
25, 
26, 
27, 
28, 
29, 
Multi-start LS time     0.5191 sec
MSLS time     0.6052 sec
Local search time     1.3398 sec
Total iteration time     1.4103 sec
End of training - Time       0.07 sec
Model fitting time     0.0664 sec
Total RS time     0.0532 sec
Optimization function time     0.5083 sec
Starting local search iteration: , #configs:30
0, 
1, 
2, 
3, 
4, 
5, 
6, 
7, 
8, 
9, 
10, 
11, 
12, 
13, 
14, 
15, 
16, 
17, 
18, 
19, 
20, 
21, 
22, 
23, 
24, 
25, 
26, 
27, 
28, 
29, 
Multi-start LS time     0.5296 sec
MSLS time     0.6112 sec
Local search time     1.1796 sec
Total iteration time     2.6589 sec
End of training - Time       0.07 sec
Model fitting time     0.0670 sec
Total RS time     0.0524 sec
Optimization function time     0.5042 sec
Starting local search iteration: , #configs:30
0, 
1, 
2, 
3, 
4, 
5, 
6, 
7, 
8, 
9, 
10, 
11, 
12, 
13, 
14, 
15, 
16, 
17, 
18, 
19, 
20, 
21, 
22, 
23, 
24, 
25, 
26, 
27, 
28, 
29, 
Multi-start LS time     0.5053 sec
MSLS time     0.5983 sec
Local search time     1.1647 sec
Total iteration time     3.8934 sec
End of training - Time       0.07 sec
Model fitting time     0.0686 sec
Total RS time     0.0521 sec
Optimization function time     0.6139 sec
Starting local search iteration: , #configs:30
0, 
1, 
2, 
3, 
4, 
5, 
6, 
7, 
8, 
9, 
10, 
11, 
12, 
13, 
14, 
15, 
16, 
17, 
18, 
19, 
20, 
21, 
22, 
23, 
24, 
25, 
26, 
27, 
28, 
29, 
Multi-start LS time     0.5328 sec
MSLS time     0.6230 sec
Local search time     1.2986 sec
Total iteration time     5.2636 sec
End of training - Time       0.07 sec
Model fitting time     0.0739 sec
Total RS time     0.0541 sec
Optimization function time     0.6577 sec
Starting local search iteration: , #configs:30
0, 
1, 
2, 
3, 
4, 
5, 
6, 
7, 
8, 
9, 
10, 
11, 
12, 
13, 
14, 
15, 
16, 
17, 
18, 
19, 
20, 
21, 
22, 
23, 
24, 
25, 
26, 
27, 
28, 
29, 
Multi-start LS time     0.4935 sec
MSLS time     0.5768 sec
Local search time     1.2979 sec
Total iteration time     6.6388 sec
End of training - Time       0.07 sec
Model fitting time     0.0730 sec
Total RS time     0.0540 sec
Optimization function time     0.5138 sec
Starting local search iteration: , #configs:30
0, 
1, 
2, 
3, 
4, 
5, 
6, 
7, 
8, 
9, 
10, 
11, 
12, 
13, 
14, 
15, 
16, 
17, 
18, 
19, 
20, 
21, 
22, 
23, 
24, 
25, 
26, 
27, 
28, 
29, 
Multi-start LS time     0.4522 sec
MSLS time     0.5391 sec
Local search time     1.1145 sec
Total iteration time     7.8293 sec
End of training - Time       0.11 sec
Model fitting time     0.1092 sec
Total RS time     0.0571 sec
Optimization function time     0.5210 sec
Starting local search iteration: , #configs:30
0, 
1, 
2, 
3, 
4, 
5, 
6, 
7, 
8, 
9, 
10, 
11, 
12, 
13, 
14, 
15, 
16, 
17, 
18, 
19, 
20, 
21, 
22, 
23, 
24, 
25, 
26, 
27, 
28, 
29, 
Multi-start LS time     0.4705 sec
MSLS time     0.5497 sec
Local search time     1.1343 sec
Total iteration time     9.0753 sec
End of training - Time       0.07 sec
Model fitting time     0.0705 sec
Total RS time     0.0515 sec
Optimization function time     0.6406 sec
Starting local search iteration: , #configs:30
0, 
1, 
2, 
3, 
4, 
5, 
6, 
7, 
8, 
9, 
10, 
11, 
12, 
13, 
14, 
15, 
16, 
17, 
18, 
19, 
20, 
21, 
22, 
23, 
24, 
25, 
26, 
27, 
28, 
29, 
Multi-start LS time     0.5059 sec
MSLS time     0.5920 sec
Local search time     1.2916 sec
Total iteration time    10.4401 sec
End of training - Time       0.07 sec
Model fitting time     0.0733 sec
Total RS time     0.0505 sec
Optimization function time     0.5243 sec
Starting local search iteration: , #configs:30
0, 
1, 
2, 
3, 
4, 
5, 
6, 
7, 
8, 
9, 
10, 
11, 
12, 
13, 
14, 
15, 
16, 
17, 
18, 
19, 
20, 
21, 
22, 
23, 
24, 
25, 
26, 
27, 
28, 
29, 
Multi-start LS time     0.5139 sec
MSLS time     0.5987 sec
Local search time     1.1826 sec
Total iteration time    11.6989 sec
End of training - Time       0.08 sec
Model fitting time     0.0756 sec
0.06971881850272177 < 0.1 random sampling a configuration to run
Local search time     0.0006 sec
Running on client-server mode.
Communication protocol: sending message...
Request 10
depth,features_per_partition,c1,c2,c3,c4,c5,c6
9,2,1.0,1.0,1.0,1.0,0.5,0.0
9,2,1.0,0.0,1.0,1.0,0.0,0.8
8,2,1.0,0.25,1.0,1.0,0.0,0.0
7,2,1.0,0.25,1.0,1.0,0.25,0.4
7,2,0.75,0.75,1.0,1.0,0.25,0.2
9,2,0.0,0.25,1.0,1.0,0.5,0.0
5,2,0.25,0.25,1.0,1.0,0.0,0.6
8,2,0.0,0.25,1.0,0.0,0.0,0.0
5,2,0.5,0.75,1.0,1.0,0.5,0.8
9,2,1.0,0.25,0.0,0.0,0.75,0.4
Communication protocol: receiving message....
depth,features_per_partition,c1,c2,c3,c4,c5,c6,f1_score,num_flows
9,2,1.0,1.0,1.0,1.0,0.5,0.0,-0.202424672294526,-491520.0
9,2,1.0,0.0,1.0,1.0,0.0,0.8,-0.19669089073082197,-491520.0
8,2,1.0,0.25,1.0,1.0,0.0,0.0,-0.1931621803015982,-491520.0
7,2,1.0,0.25,1.0,1.0,0.25,0.4,-0.18125116529572766,-491520.0
7,2,0.75,0.75,1.0,1.0,0.25,0.2,-0.08872993785700879,-491520.0
9,2,0.0,0.25,1.0,1.0,0.5,0.0,-0.21693706524158995,-491520.0
5,2,0.25,0.25,1.0,1.0,0.0,0.6,-0.11539620494790805,-491520.0
8,2,0.0,0.25,1.0,0.0,0.0,0.0,-0.2506896644096285,-491520.0
5,2,0.5,0.75,1.0,1.0,0.5,0.8,-0.11539620494790805,-491520.0
9,2,1.0,0.25,0.0,0.0,0.75,0.4,-0.2068163435992611,-491520.0
Black box function time   969.9176 sec
Total iteration time   981.6937 sec
Starting optimization iteration 7
End of training - Time       0.07 sec
Model fitting time     0.0713 sec
Total RS time     0.0549 sec
Optimization function time     0.5661 sec
Starting local search iteration: , #configs:30
0, 
1, 
2, 
3, 
4, 
5, 
6, 
7, 
8, 
9, 
10, 
11, 
12, 
13, 
14, 
15, 
16, 
17, 
18, 
19, 
20, 
21, 
22, 
23, 
24, 
25, 
26, 
27, 
28, 
29, 
Multi-start LS time     0.5313 sec
MSLS time     0.6180 sec
Local search time     1.2460 sec
Total iteration time     1.3198 sec
End of training - Time       0.07 sec
Model fitting time     0.0702 sec
Total RS time     0.0524 sec
Optimization function time     0.5592 sec
Starting local search iteration: , #configs:30
0, 
1, 
2, 
3, 
4, 
5, 
6, 
7, 
8, 
9, 
10, 
11, 
12, 
13, 
14, 
15, 
16, 
17, 
18, 
19, 
20, 
21, 
22, 
23, 
24, 
25, 
26, 
27, 
28, 
29, 
Multi-start LS time     0.5502 sec
MSLS time     0.6315 sec
Local search time     1.2510 sec
Total iteration time     2.6438 sec
End of training - Time       0.07 sec
Model fitting time     0.0703 sec
Total RS time     0.0527 sec
Optimization function time     0.6405 sec
Starting local search iteration: , #configs:30
0, 
1, 
2, 
3, 
4, 
5, 
6, 
7, 
8, 
9, 
10, 
11, 
12, 
13, 
14, 
15, 
16, 
17, 
18, 
19, 
20, 
21, 
22, 
23, 
24, 
25, 
26, 
27, 
28, 
29, 
Multi-start LS time     0.5366 sec
MSLS time     0.6230 sec
Local search time     1.3243 sec
Total iteration time     4.0412 sec
End of training - Time       0.07 sec
Model fitting time     0.0750 sec
Total RS time     0.0532 sec
Optimization function time     0.5648 sec
Starting local search iteration: , #configs:30
0, 
1, 
2, 
3, 
4, 
5, 
6, 
7, 
8, 
9, 
10, 
11, 
12, 
13, 
14, 
15, 
16, 
17, 
18, 
19, 
20, 
21, 
22, 
23, 
24, 
25, 
26, 
27, 
28, 
29, 
Multi-start LS time     0.5048 sec
MSLS time     0.5884 sec
Local search time     1.2135 sec
Total iteration time     5.3323 sec
End of training - Time       0.07 sec
Model fitting time     0.0714 sec
Total RS time     0.0521 sec
Optimization function time     0.5562 sec
Starting local search iteration: , #configs:30
0, 
1, 
2, 
3, 
4, 
5, 
6, 
7, 
8, 
9, 
10, 
11, 
12, 
13, 
14, 
15, 
16, 
17, 
18, 
19, 
20, 
21, 
22, 
23, 
24, 
25, 
26, 
27, 
28, 
29, 
Multi-start LS time     0.5603 sec
MSLS time     0.6431 sec
Local search time     1.2596 sec
Total iteration time     6.6660 sec
End of training - Time       0.07 sec
Model fitting time     0.0722 sec
Total RS time     0.0538 sec
Optimization function time     0.5407 sec
Starting local search iteration: , #configs:30
0, 
1, 
2, 
3, 
4, 
5, 
6, 
7, 
8, 
9, 
10, 
11, 
12, 
13, 
14, 
15, 
16, 
17, 
18, 
19, 
20, 
21, 
22, 
23, 
24, 
25, 
26, 
27, 
28, 
29, 
Multi-start LS time     0.4799 sec
MSLS time     0.5612 sec
Local search time     1.1629 sec
Total iteration time     7.9036 sec
End of training - Time       0.07 sec
Model fitting time     0.0713 sec
Total RS time     0.0526 sec
Optimization function time     0.5631 sec
Starting local search iteration: , #configs:30
0, 
1, 
2, 
3, 
4, 
5, 
6, 
7, 
8, 
9, 
10, 
11, 
12, 
13, 
14, 
15, 
16, 
17, 
18, 
19, 
20, 
21, 
22, 
23, 
24, 
25, 
26, 
27, 
28, 
29, 
Multi-start LS time     0.5035 sec
MSLS time     0.5860 sec
Local search time     1.2088 sec
Total iteration time     9.1863 sec
End of training - Time       0.07 sec
Model fitting time     0.0715 sec
Total RS time     0.0525 sec
Optimization function time     0.5916 sec
Starting local search iteration: , #configs:30
0, 
1, 
2, 
3, 
4, 
5, 
6, 
7, 
8, 
9, 
10, 
11, 
12, 
13, 
14, 
15, 
16, 
17, 
18, 
19, 
20, 
21, 
22, 
23, 
24, 
25, 
26, 
27, 
28, 
29, 
Multi-start LS time     0.5303 sec
MSLS time     0.6132 sec
Local search time     1.2653 sec
Total iteration time    10.5260 sec
End of training - Time       0.07 sec
Model fitting time     0.0741 sec
Total RS time     0.0530 sec
Optimization function time     0.6269 sec
Starting local search iteration: , #configs:30
0, 
1, 
2, 
3, 
4, 
5, 
6, 
7, 
8, 
9, 
10, 
11, 
12, 
13, 
14, 
15, 
16, 
17, 
18, 
19, 
20, 
21, 
22, 
23, 
24, 
25, 
26, 
27, 
28, 
29, 
Multi-start LS time     0.5316 sec
MSLS time     0.6144 sec
Local search time     1.3023 sec
Total iteration time    11.9051 sec
End of training - Time       0.08 sec
Model fitting time     0.0762 sec
Total RS time     0.0530 sec
Optimization function time     0.6200 sec
Starting local search iteration: , #configs:30
0, 
1, 
2, 
3, 
4, 
5, 
6, 
7, 
8, 
9, 
10, 
11, 
12, 
13, 
14, 
15, 
16, 
17, 
18, 
19, 
20, 
21, 
22, 
23, 
24, 
25, 
26, 
27, 
28, 
29, 
Multi-start LS time     0.5354 sec
MSLS time     0.6161 sec
Local search time     1.2980 sec
Running on client-server mode.
Communication protocol: sending message...
Request 10
depth,features_per_partition,c1,c2,c3,c4,c5,c6
10,2,0.0,1.0,0.0,0.0,0.0,0.0
10,2,0.0,0.0,0.0,1.0,0.0,0.0
9,2,0.0,0.75,0.0,0.0,0.0,0.0
9,2,0.0,0.0,0.0,0.0,0.0,0.0
9,2,0.0,0.75,0.0,1.0,0.0,0.0
9,2,0.0,0.0,0.0,0.75,1.0,0.6
9,2,0.0,1.0,0.0,0.0,0.0,0.2
9,2,0.25,0.25,0.0,0.0,1.0,0.4
9,2,0.5,0.25,0.0,0.0,0.75,0.0
9,2,0.25,1.0,0.0,0.75,1.0,0.0
Communication protocol: receiving message....
Key Error while getting the random configurations results.
The key HyperMapper was looking for is: depth
The headers received are: ['']
The input-ouput parameters specified in the json are: ['depth', 'features_per_partition', 'c1', 'c2', 'c3', 'c4', 'c5', 'c6', 'f1_score', 'num_flows', 'Timestamp']
