{'application_name': 'CIC-IoMT-2024-PCAPS1-f10', 'hypermapper_mode': {'mode': 'client-server'}, 'design_of_experiment': {'doe_type': 'random sampling', 'number_of_samples': 200}, 'output_data_file': '/home/annuszulfiqar/research/NetEye/dt-framework/results/hypermapper-bayesian_optimization-CIC-IoMT-2024-PCAPS1-f10-2024-12-10-22:51:37/output_samples.csv', 'log_file': '/home/annuszulfiqar/research/NetEye/dt-framework/results/hypermapper-bayesian_optimization-CIC-IoMT-2024-PCAPS1-f10-2024-12-10-22:51:37/hypermapper_log.log', 'input_parameters': {'depth': {'parameter_type': 'integer', 'values': [5, 9], 'prior': 'uniform', 'custom_gaussian_prior_means': False, 'custom_gaussian_prior_stds': False}, 'features_per_partition': {'parameter_type': 'ordinal', 'values': [2, 3, 4], 'prior': 'uniform', 'custom_gaussian_prior_means': False, 'custom_gaussian_prior_stds': False}, 'c1': {'parameter_type': 'ordinal', 'values': [0.0, 0.25, 0.5, 0.75, 1.0], 'prior': 'uniform', 'custom_gaussian_prior_means': False, 'custom_gaussian_prior_stds': False}, 'c2': {'parameter_type': 'ordinal', 'values': [0.0, 0.25, 0.5, 0.75, 1.0], 'prior': 'uniform', 'custom_gaussian_prior_means': False, 'custom_gaussian_prior_stds': False}, 'c3': {'parameter_type': 'ordinal', 'values': [0.0, 0.25, 0.5, 0.75, 1.0], 'prior': 'uniform', 'custom_gaussian_prior_means': False, 'custom_gaussian_prior_stds': False}, 'c4': {'parameter_type': 'ordinal', 'values': [0.0, 0.25, 0.5, 0.75, 1.0], 'prior': 'uniform', 'custom_gaussian_prior_means': False, 'custom_gaussian_prior_stds': False}, 'c5': {'parameter_type': 'ordinal', 'values': [0.0, 0.25, 0.5, 0.75, 1.0], 'prior': 'uniform', 'custom_gaussian_prior_means': False, 'custom_gaussian_prior_stds': False}, 'c6': {'parameter_type': 'ordinal', 'values': [0.0, 0.2, 0.4, 0.6, 0.8], 'prior': 'uniform', 'custom_gaussian_prior_means': False, 'custom_gaussian_prior_stds': False}}, 'optimization_objectives': ['f1_score', 'num_flows'], 'optimization_iterations': 500, 'evaluations_per_optimization_iteration': 10, 'optimization_method': 'bayesian_optimization', 'acquisition_function': 'EI', 'scalarization_method': 'tchebyshev', 'verbose_logging': False, 'profiling': False, 'noise': True, 'profiling_file': 'profiles/profile.csv', 'append_profiles': False, 'number_of_cpus': 0, 'max_number_of_predictions': 1000000, 'time_budget': -1, 'number_of_repetitions': 1, 'models': {'model': 'random_forest', 'number_of_trees': 10, 'max_features': 0.5, 'bootstrap': False, 'min_samples_split': 5}, 'output_image': {'output_image_pdf_file': 'output_pareto.pdf', 'image_xlog': False, 'image_ylog': False}, 'feasible_output': {'name': 'Valid', 'true_value': 'True', 'false_value': 'False', 'enable_feasible_predictor': False, 'enable_feasible_predictor_grid_search_on_recall_and_precision': False, 'feasible_predictor_grid_search_validation_file': '/home/lnardi/spatial-lang/results/apps_classification_test_set/BlackScholes.csv'}, 'timestamp': 'Timestamp', 'run_directory': '.', 'output_pareto_file': 'output_pareto.csv', 'weight_sampling': 'flat', 'bounding_box_limits': [0, 1], 'local_search_starting_points': 10, 'local_search_random_points': 10000, 'local_search_evaluation_limit': -1, 'scalarization_key': 'scalarization', 'local_search_scalarization_weights': [1], 'print_parameter_importance': False, 'normalize_inputs': False, 'epsilon_greedy_threshold': 0.1, 'prior_method': 'pibo', 'prior_beta': -1, 'prior_floor': 1e-06, 'model_posterior_weight': 10, 'model_good_quantile': 0.05, 'prior_estimation_file': 'samples.csv', 'prior_estimation_quantile': 0.1, 'estimate_multivariate_priors': False, 'resume_optimization': False, 'resume_optimization_data': 'output_samples.csv', 'bandwidth_parameter': 0, 'bandwidth_n_factor': 100, 'prior_limit_estimation_points': 10000, 'posterior_computation_lower_limit': 1e-08, 'custom_gaussian_prior_means': [0], 'custom_gaussian_prior_stds': [-1], 'acquisition_function_optimizer': 'local_search', 'evolution_population_size': 50, 'evolution_generations': 150, 'mutation_rate': 1, 'evolution_crossover': False, 'regularize_evolution': False, 'batch_size': 2, 'print_best': 'auto', 'print_posterior_best': False, 'cma_es_sigma': 0.2, 'cma_es_starting_points': 1, 'cma_es_random_points': 10000}
Design of experiment phase, number of new doe samples = 200 .......
Running on client-server mode.
Communication protocol: sending message...
Request 200
depth,features_per_partition,c1,c2,c3,c4,c5,c6
5,3,0.0,0.0,0.0,0.5,0.0,0.4
8,2,0.25,0.75,0.5,0.5,0.75,0.8
7,3,1.0,0.25,0.75,0.25,0.75,0.2
8,2,1.0,1.0,1.0,0.75,0.5,0.8
5,4,0.5,0.25,0.75,1.0,0.5,0.4
5,3,0.25,0.5,0.75,1.0,0.75,0.2
5,3,0.75,0.0,0.75,0.0,0.75,0.6
7,2,0.0,0.5,1.0,0.5,0.5,0.2
5,4,0.5,0.5,0.0,0.75,0.0,0.8
7,3,0.0,0.25,0.5,0.0,0.5,0.4
7,3,0.25,0.0,0.5,1.0,0.75,0.0
9,2,1.0,0.25,1.0,0.0,0.5,0.8
8,2,1.0,0.0,0.25,1.0,0.25,0.0
7,3,0.0,0.0,0.25,0.0,0.25,0.2
8,3,1.0,0.5,0.25,0.75,0.75,0.2
5,4,0.25,0.75,1.0,0.0,0.0,0.8
7,3,0.0,1.0,1.0,0.5,0.75,0.4
7,3,0.25,0.5,0.5,0.0,0.75,0.4
9,3,0.0,0.75,1.0,0.25,0.25,0.4
5,4,0.75,0.25,1.0,1.0,1.0,0.2
8,4,0.25,0.5,0.0,0.25,0.0,0.4
9,3,1.0,1.0,0.75,0.75,0.5,0.6
6,3,0.0,0.25,0.25,0.25,0.5,0.6
6,2,0.75,1.0,1.0,0.75,0.5,0.6
8,4,1.0,0.0,1.0,0.25,0.0,0.8
8,2,0.5,0.75,0.0,1.0,0.5,0.6
7,4,0.5,0.5,0.0,1.0,0.5,0.6
7,3,1.0,0.75,0.5,0.75,0.0,0.0
9,2,0.75,0.25,1.0,0.0,0.5,0.0
9,2,0.75,0.0,0.75,1.0,0.75,0.8
7,3,0.25,1.0,0.0,0.25,0.0,0.6
6,3,0.25,1.0,0.25,0.25,0.75,0.6
5,3,0.25,0.25,1.0,0.0,0.25,0.2
7,3,0.25,0.5,0.0,0.25,0.0,0.4
9,2,0.75,0.5,0.0,0.0,0.25,0.4
8,3,0.25,0.5,0.75,0.0,0.0,0.2
8,2,0.5,0.0,0.0,0.75,1.0,0.6
5,4,0.25,0.0,0.0,0.25,0.5,0.0
6,3,0.0,0.25,0.5,0.0,0.0,0.8
8,2,0.75,0.0,0.25,0.5,1.0,0.0
5,3,0.5,1.0,1.0,0.75,0.5,0.4
8,3,0.5,0.0,0.25,1.0,0.0,0.8
9,2,0.5,0.25,0.5,0.0,0.0,0.8
5,3,0.25,0.5,0.5,0.5,1.0,0.8
7,2,0.5,1.0,0.5,0.5,1.0,0.2
5,4,0.0,0.25,0.0,0.75,0.25,0.4
6,3,0.25,0.5,0.25,0.5,1.0,0.8
6,4,0.5,0.25,0.25,0.0,0.75,0.4
9,4,0.0,0.75,0.0,0.5,0.25,0.8
7,4,1.0,1.0,0.5,0.25,0.5,0.2
6,2,0.0,0.25,0.25,0.75,0.25,0.8
5,3,0.25,0.75,0.75,0.5,1.0,0.4
7,3,1.0,0.5,1.0,0.25,0.0,0.0
9,2,1.0,0.0,0.25,0.5,0.25,0.6
8,3,0.5,0.75,0.25,0.75,0.75,0.6
6,2,0.0,0.75,0.25,0.75,0.25,0.4
8,3,0.0,0.25,0.75,0.25,0.75,0.2
7,3,0.75,1.0,0.5,0.25,0.75,0.8
5,4,0.5,0.5,0.25,0.0,0.5,0.0
6,3,0.0,0.25,0.5,0.25,0.75,0.6
7,2,0.25,0.75,1.0,0.25,0.5,0.6
8,2,0.5,1.0,1.0,0.0,0.5,0.6
5,2,0.0,1.0,0.25,0.75,0.5,0.2
6,4,0.5,0.75,0.0,1.0,0.75,0.0
8,3,0.25,0.75,1.0,0.25,0.25,0.8
6,4,0.75,0.75,1.0,0.75,0.75,0.6
5,4,0.75,0.0,0.0,0.5,0.5,0.4
8,2,0.5,1.0,0.75,0.0,1.0,0.6
9,3,0.5,0.75,0.5,0.75,1.0,0.6
6,3,0.0,0.25,0.5,0.5,0.75,0.0
7,2,0.75,0.75,0.75,0.5,0.5,0.4
6,4,0.75,0.75,0.25,0.75,1.0,0.4
7,4,0.0,0.25,0.0,0.0,1.0,0.0
9,3,0.5,0.25,0.25,1.0,0.25,0.4
8,2,0.5,0.25,1.0,0.75,0.5,0.6
7,4,0.5,0.75,0.75,1.0,0.25,0.2
8,4,1.0,0.0,1.0,0.25,0.25,0.4
6,3,0.5,0.5,1.0,0.75,0.75,0.2
8,4,0.5,0.25,0.0,0.0,0.5,0.4
8,4,0.25,0.0,1.0,0.0,0.5,0.0
5,3,0.0,0.75,0.25,0.5,0.5,0.8
5,4,0.25,1.0,0.75,0.25,1.0,0.2
9,2,0.0,1.0,0.0,0.0,0.75,0.0
6,4,0.75,0.25,0.25,0.0,1.0,0.8
6,3,0.75,1.0,0.25,0.25,0.25,0.8
9,4,0.25,0.75,0.5,0.5,0.0,0.8
9,2,0.25,0.25,0.25,0.0,0.25,0.4
5,4,0.75,0.0,0.25,0.75,0.25,0.0
8,2,0.25,0.5,0.25,1.0,0.25,0.2
8,4,0.75,0.25,0.0,0.75,0.25,0.0
9,4,0.5,0.75,0.75,0.25,0.75,0.2
9,4,0.5,0.25,0.0,0.0,1.0,0.8
8,4,0.75,1.0,1.0,1.0,0.0,0.4
6,4,1.0,0.75,0.5,0.25,0.5,0.4
9,4,0.5,0.25,1.0,0.0,0.25,0.8
9,3,1.0,0.25,1.0,0.5,0.0,0.6
8,2,0.5,0.25,0.0,0.75,0.25,0.0
9,3,0.25,1.0,0.5,0.75,0.25,0.4
8,3,0.5,1.0,0.0,0.75,1.0,0.2
5,2,0.0,0.25,0.25,0.5,0.75,0.6
6,3,0.0,1.0,0.5,1.0,1.0,0.6
7,4,1.0,0.25,0.25,1.0,1.0,0.2
9,3,0.5,0.5,0.25,0.75,1.0,0.8
6,4,1.0,0.25,1.0,0.75,0.0,0.0
5,4,0.5,0.25,0.0,1.0,0.25,0.4
7,3,0.25,0.75,1.0,0.75,0.75,0.8
5,4,1.0,0.25,1.0,0.0,1.0,0.4
5,3,0.0,0.0,1.0,0.5,1.0,0.8
9,2,0.0,1.0,0.75,0.75,1.0,0.2
6,4,0.0,0.0,0.75,0.25,0.25,0.4
5,2,0.0,0.75,1.0,1.0,1.0,0.0
9,3,1.0,0.5,0.75,0.25,0.75,0.4
9,4,1.0,0.75,0.25,1.0,0.25,0.2
7,4,0.0,0.25,0.0,0.0,0.5,0.0
5,4,0.5,0.75,0.75,0.0,0.0,0.2
8,3,1.0,1.0,0.75,0.5,0.25,0.0
7,2,1.0,1.0,0.75,1.0,0.75,0.6
6,2,0.75,0.25,0.25,0.25,1.0,0.0
6,4,0.5,1.0,0.5,0.75,0.0,0.2
6,2,1.0,1.0,0.5,0.5,0.0,0.8
8,3,1.0,0.0,0.0,0.0,0.75,0.0
9,2,0.0,1.0,0.25,0.5,0.25,0.0
6,4,0.75,0.0,0.5,0.0,0.0,0.2
7,3,0.75,0.25,0.0,0.5,1.0,0.8
5,4,0.5,0.0,0.0,0.75,0.0,0.2
9,4,0.5,0.0,1.0,0.0,0.0,0.6
7,4,0.0,0.25,0.0,0.5,0.75,0.0
5,3,0.25,0.0,0.0,0.5,0.25,0.0
9,4,0.75,0.5,0.25,0.5,0.5,0.6
9,3,0.25,0.75,0.5,0.5,0.25,0.8
5,3,0.5,0.25,0.0,0.0,0.75,0.2
7,3,1.0,0.25,0.25,0.5,0.0,0.2
6,3,1.0,0.75,0.25,0.5,0.0,0.4
9,2,1.0,0.5,0.25,0.5,1.0,0.2
5,2,0.5,0.5,0.25,0.5,0.75,0.8
9,4,0.75,1.0,0.0,1.0,0.75,0.6
9,4,0.75,0.25,0.25,0.25,0.5,0.6
6,2,0.75,0.25,1.0,1.0,1.0,0.4
6,2,0.75,0.0,1.0,0.0,0.5,0.0
8,2,1.0,1.0,0.5,0.25,0.5,0.6
7,3,0.75,0.25,0.75,0.25,0.0,0.0
9,2,1.0,0.75,0.0,0.0,0.5,0.2
9,3,0.5,1.0,0.25,1.0,0.0,0.6
7,4,1.0,0.5,0.25,0.5,0.5,0.4
5,4,0.25,1.0,0.0,0.5,0.0,0.2
5,3,1.0,1.0,0.75,1.0,1.0,0.0
7,3,0.75,0.25,0.0,0.25,0.5,0.6
5,4,1.0,0.25,0.0,0.75,0.0,0.6
5,3,1.0,0.75,0.25,1.0,0.5,0.0
6,4,0.0,1.0,0.0,0.5,0.5,0.4
7,4,0.75,0.75,0.0,1.0,0.0,0.0
8,4,0.75,1.0,0.0,0.25,0.5,0.4
5,3,0.75,1.0,0.75,0.0,1.0,0.8
7,3,1.0,0.25,0.75,0.5,1.0,0.4
7,4,0.0,0.75,0.5,0.0,0.0,0.4
5,4,1.0,0.0,0.5,1.0,0.75,0.2
8,4,0.5,0.75,1.0,0.0,0.75,0.4
6,3,0.75,0.25,0.5,0.75,1.0,0.2
9,2,0.0,1.0,0.75,0.0,0.75,0.4
6,4,0.0,0.5,0.0,0.25,0.0,0.2
8,3,0.0,0.25,0.0,0.25,0.75,0.0
5,2,0.25,0.0,1.0,1.0,0.0,0.0
8,2,0.0,0.0,0.25,0.0,0.25,0.0
9,3,1.0,0.25,1.0,0.25,0.0,0.0
7,2,0.0,0.5,1.0,0.75,0.25,0.8
8,4,0.5,1.0,0.75,0.0,0.0,0.8
7,2,1.0,0.5,0.0,0.25,0.5,0.4
5,3,0.0,0.25,0.5,0.75,0.5,0.4
6,4,1.0,1.0,1.0,0.25,1.0,0.6
5,3,0.75,1.0,0.5,0.0,0.5,0.2
9,4,1.0,0.0,0.0,0.25,0.5,0.6
5,4,1.0,0.25,0.0,0.75,0.75,0.4
6,2,0.5,0.5,1.0,0.75,0.5,0.4
6,2,1.0,0.25,0.5,0.75,0.75,0.8
8,4,0.75,0.25,0.25,0.5,1.0,0.8
6,4,1.0,1.0,0.75,0.75,0.25,0.2
7,2,0.0,0.0,0.5,1.0,0.75,0.8
6,3,0.75,0.5,0.25,0.5,0.5,0.2
9,2,0.25,0.5,0.75,0.0,1.0,0.4
9,2,1.0,0.75,0.25,0.5,0.25,0.8
9,4,0.5,0.25,0.25,0.5,0.25,0.6
8,2,1.0,0.75,0.0,0.5,0.0,0.4
6,4,0.5,0.5,0.0,0.75,1.0,0.2
6,4,0.0,0.5,0.0,1.0,0.5,0.4
6,4,0.5,0.5,0.25,1.0,0.25,0.8
7,4,1.0,0.25,1.0,0.25,0.25,0.4
7,3,0.75,1.0,1.0,0.5,0.0,0.2
7,3,0.25,0.0,0.75,0.5,0.25,0.0
6,4,0.25,1.0,0.5,0.0,0.25,0.4
9,2,0.25,0.75,0.0,0.5,0.25,0.4
7,4,0.75,0.5,0.25,0.0,0.5,0.0
8,2,0.75,0.0,0.0,0.0,1.0,0.0
9,4,0.75,1.0,1.0,0.0,1.0,0.4
5,2,0.25,0.75,0.5,0.0,1.0,0.2
8,3,0.0,0.25,0.25,0.75,1.0,0.2
5,3,0.5,0.5,0.75,0.5,0.75,0.4
6,3,0.25,0.5,0.75,0.5,1.0,0.8
8,4,0.75,0.25,1.0,0.5,0.25,0.8
8,2,0.75,0.0,0.5,0.25,0.0,0.4
5,4,0.5,0.0,1.0,1.0,0.5,0.2
Communication protocol: receiving message....
depth,features_per_partition,c1,c2,c3,c4,c5,c6,f1_score,num_flows
5,3,0.0,0.0,0.0,0.5,0.0,0.4,-0.3017827619815531,-393216.0
8,2,0.25,0.75,0.5,0.5,0.75,0.8,-0.29038849623757357,-491520.0
7,3,1.0,0.25,0.75,0.25,0.75,0.2,-0.35695658782356743,-393216.0
8,2,1.0,1.0,1.0,0.75,0.5,0.8,-0.2846425768083926,-491520.0
5,4,0.5,0.25,0.75,1.0,0.5,0.4,-0.17352494601619647,-294912.0
5,3,0.25,0.5,0.75,1.0,0.75,0.2,-0.17352494601619647,-393216.0
5,3,0.75,0.0,0.75,0.0,0.75,0.6,-0.15875346588095648,-393216.0
7,2,0.0,0.5,1.0,0.5,0.5,0.2,-0.19962993455522635,-491520.0
5,4,0.5,0.5,0.0,0.75,0.0,0.8,-0.1883776883729226,-294912.0
7,3,0.0,0.25,0.5,0.0,0.5,0.4,-0.2794928186524814,-393216.0
7,3,0.25,0.0,0.5,1.0,0.75,0.0,-0.375981639761293,-393216.0
9,2,1.0,0.25,1.0,0.0,0.5,0.8,-0.37962427142451083,-491520.0
8,2,1.0,0.0,0.25,1.0,0.25,0.0,-0.37758180306241435,-491520.0
7,3,0.0,0.0,0.25,0.0,0.25,0.2,-0.3738082818308365,-393216.0
8,3,1.0,0.5,0.25,0.75,0.75,0.2,-0.2693784503505069,-393216.0
5,4,0.25,0.75,1.0,0.0,0.0,0.8,-0.17352494601619647,-294912.0
7,3,0.0,1.0,1.0,0.5,0.75,0.4,-0.25802882708564695,-393216.0
7,3,0.25,0.5,0.5,0.0,0.75,0.4,-0.25294649585521106,-393216.0
9,3,0.0,0.75,1.0,0.25,0.25,0.4,-0.40922062284111194,-393216.0
5,4,0.75,0.25,1.0,1.0,1.0,0.2,-0.17352494601619647,-294912.0
8,4,0.25,0.5,0.0,0.25,0.0,0.4,-0.3213429534709319,-294912.0
9,3,1.0,1.0,0.75,0.75,0.5,0.6,-0.2848651497640643,-393216.0
6,3,0.0,0.25,0.25,0.25,0.5,0.6,-0.24081903298321547,-393216.0
6,2,0.75,1.0,1.0,0.75,0.5,0.6,-0.25342693198299504,-491520.0
8,4,1.0,0.0,1.0,0.25,0.0,0.8,-0.3519386996668235,-294912.0
8,2,0.5,0.75,0.0,1.0,0.5,0.6,-0.4039194066295367,-491520.0
7,4,0.5,0.5,0.0,1.0,0.5,0.6,-0.3795628151251115,-294912.0
7,3,1.0,0.75,0.5,0.75,0.0,0.0,-0.3849671535171284,-393216.0
9,2,0.75,0.25,1.0,0.0,0.5,0.0,-0.3886852774652793,-491520.0
9,2,0.75,0.0,0.75,1.0,0.75,0.8,-0.37962427142451083,-491520.0
7,3,0.25,1.0,0.0,0.25,0.0,0.6,-0.3631979943630175,-393216.0
6,3,0.25,1.0,0.25,0.25,0.75,0.6,-0.2595455239405289,-393216.0
5,3,0.25,0.25,1.0,0.0,0.25,0.2,-0.17352494601619647,-393216.0
7,3,0.25,0.5,0.0,0.25,0.0,0.4,-0.3844217327655531,-393216.0
9,2,0.75,0.5,0.0,0.0,0.25,0.4,-0.3920667416495128,-491520.0
8,3,0.25,0.5,0.75,0.0,0.0,0.2,-0.304609844591534,-393216.0
8,2,0.5,0.0,0.0,0.75,1.0,0.6,-0.3043287775647613,-491520.0
5,4,0.25,0.0,0.0,0.25,0.5,0.0,-0.15875346588095648,-294912.0
6,3,0.0,0.25,0.5,0.0,0.0,0.8,-0.2943028037256259,-393216.0
8,2,0.75,0.0,0.25,0.5,1.0,0.0,-0.24843098762753174,-491520.0
5,3,0.5,1.0,1.0,0.75,0.5,0.4,-0.17352494601619647,-393216.0
8,3,0.5,0.0,0.25,1.0,0.0,0.8,-0.3265056640745853,-393216.0
9,2,0.5,0.25,0.5,0.0,0.0,0.8,-0.2744632464985611,-491520.0
5,3,0.25,0.5,0.5,0.5,1.0,0.8,-0.17352494601619647,-393216.0
7,2,0.5,1.0,0.5,0.5,1.0,0.2,-0.380910732548609,-491520.0
5,4,0.0,0.25,0.0,0.75,0.25,0.4,-0.28354604277161277,-294912.0
6,3,0.25,0.5,0.25,0.5,1.0,0.8,-0.18736565551333675,-393216.0
6,4,0.5,0.25,0.25,0.0,0.75,0.4,-0.18208409450816274,-294912.0
9,4,0.0,0.75,0.0,0.5,0.25,0.8,-0.415303888052181,-294912.0
7,4,1.0,1.0,0.5,0.25,0.5,0.2,-0.28057736827525925,-294912.0
6,2,0.0,0.25,0.25,0.75,0.25,0.8,-0.22640852606944492,-491520.0
5,3,0.25,0.75,0.75,0.5,1.0,0.4,-0.17352494601619647,-393216.0
7,3,1.0,0.5,1.0,0.25,0.0,0.0,-0.35625921429357515,-393216.0
9,2,1.0,0.0,0.25,0.5,0.25,0.6,-0.2994515960097278,-491520.0
8,3,0.5,0.75,0.25,0.75,0.75,0.6,-0.2750789034148154,-393216.0
6,2,0.0,0.75,0.25,0.75,0.25,0.4,-0.22640852606944492,-491520.0
8,3,0.0,0.25,0.75,0.25,0.75,0.2,-0.2721033748964933,-393216.0
7,3,0.75,1.0,0.5,0.25,0.75,0.8,-0.3631979943630175,-393216.0
5,4,0.5,0.5,0.25,0.0,0.5,0.0,-0.1883776883729226,-294912.0
6,3,0.0,0.25,0.5,0.25,0.75,0.6,-0.24081903298321547,-393216.0
7,2,0.25,0.75,1.0,0.25,0.5,0.6,-0.19337497482278643,-491520.0
8,2,0.5,1.0,1.0,0.0,0.5,0.6,-0.3127822084459723,-491520.0
5,2,0.0,1.0,0.25,0.75,0.5,0.2,-0.22186573214050162,-491520.0
6,4,0.5,0.75,0.0,1.0,0.75,0.0,-0.246633110461488,-294912.0
8,3,0.25,0.75,1.0,0.25,0.25,0.8,-0.2961413754718985,-393216.0
6,4,0.75,0.75,1.0,0.75,0.75,0.6,-0.20709114249260266,-294912.0
5,4,0.75,0.0,0.0,0.5,0.5,0.4,-0.15875346588095648,-294912.0
8,2,0.5,1.0,0.75,0.0,1.0,0.6,-0.35297595114687724,-491520.0
9,3,0.5,0.75,0.5,0.75,1.0,0.6,-0.2635227103309614,-393216.0
6,3,0.0,0.25,0.5,0.5,0.75,0.0,-0.24081903298321547,-393216.0
7,2,0.75,0.75,0.75,0.5,0.5,0.4,-0.2738453275861795,-491520.0
6,4,0.75,0.75,0.25,0.75,1.0,0.4,-0.18736565551333675,-294912.0
7,4,0.0,0.25,0.0,0.0,1.0,0.0,-0.2833899171540244,-294912.0
9,3,0.5,0.25,0.25,1.0,0.25,0.4,-0.304649006991009,-393216.0
8,2,0.5,0.25,1.0,0.75,0.5,0.6,-0.23979439337161731,-491520.0
7,4,0.5,0.75,0.75,1.0,0.25,0.2,-0.26577618329332403,-294912.0
8,4,1.0,0.0,1.0,0.25,0.25,0.4,-0.30131140136691703,-294912.0
6,3,0.5,0.5,1.0,0.75,0.75,0.2,-0.189101039415146,-393216.0
8,4,0.5,0.25,0.0,0.0,0.5,0.4,-0.4202337946866957,-294912.0
8,4,0.25,0.0,1.0,0.0,0.5,0.0,-0.38112889851681836,-294912.0
5,3,0.0,0.75,0.25,0.5,0.5,0.8,-0.13381270166602288,-393216.0
5,4,0.25,1.0,0.75,0.25,1.0,0.2,-0.17352494601619647,-294912.0
9,2,0.0,1.0,0.0,0.0,0.75,0.0,-0.3311422958408216,-491520.0
6,4,0.75,0.25,0.25,0.0,1.0,0.8,-0.18208409450816274,-294912.0
6,3,0.75,1.0,0.25,0.25,0.25,0.8,-0.2595455239405289,-393216.0
9,4,0.25,0.75,0.5,0.5,0.0,0.8,-0.28717590356740696,-294912.0
9,2,0.25,0.25,0.25,0.0,0.25,0.4,-0.2724747007332871,-491520.0
5,4,0.75,0.0,0.25,0.75,0.25,0.0,-0.1883776883729226,-294912.0
8,2,0.25,0.5,0.25,1.0,0.25,0.2,-0.2974050300816066,-491520.0
8,4,0.75,0.25,0.0,0.75,0.25,0.0,-0.35145872097876896,-294912.0
9,4,0.5,0.75,0.75,0.25,0.75,0.2,-0.34179864477799204,-294912.0
9,4,0.5,0.25,0.0,0.0,1.0,0.8,-0.3062672311035695,-294912.0
8,4,0.75,1.0,1.0,1.0,0.0,0.4,-0.251302054467067,-294912.0
6,4,1.0,0.75,0.5,0.25,0.5,0.4,-0.2387746528745913,-294912.0
9,4,0.5,0.25,1.0,0.0,0.25,0.8,-0.30611869042210516,-294912.0
9,3,1.0,0.25,1.0,0.5,0.0,0.6,-0.3361349873797777,-393216.0
8,2,0.5,0.25,0.0,0.75,0.25,0.0,-0.35121969792822605,-491520.0
9,3,0.25,1.0,0.5,0.75,0.25,0.4,-0.2864784467894158,-393216.0
8,3,0.5,1.0,0.0,0.75,1.0,0.2,-0.3287122411170441,-393216.0
5,2,0.0,0.25,0.25,0.5,0.75,0.6,-0.13086887705914013,-491520.0
6,3,0.0,1.0,0.5,1.0,1.0,0.6,-0.31173809083265586,-393216.0
7,4,1.0,0.25,0.25,1.0,1.0,0.2,-0.31894157253415645,-294912.0
9,3,0.5,0.5,0.25,0.75,1.0,0.8,-0.2635227103309614,-393216.0
6,4,1.0,0.25,1.0,0.75,0.0,0.0,-0.3571235183380892,-294912.0
5,4,0.5,0.25,0.0,1.0,0.25,0.4,-0.1883776883729226,-294912.0
7,3,0.25,0.75,1.0,0.75,0.75,0.8,-0.2725044793688731,-393216.0
5,4,1.0,0.25,1.0,0.0,1.0,0.4,-0.17352494601619647,-294912.0
5,3,0.0,0.0,1.0,0.5,1.0,0.8,-0.3017827619815531,-393216.0
9,2,0.0,1.0,0.75,0.75,1.0,0.2,-0.4154861236083026,-491520.0
6,4,0.0,0.0,0.75,0.25,0.25,0.4,-0.10957946344323567,-294912.0
5,2,0.0,0.75,1.0,1.0,1.0,0.0,-0.13086887705914013,-491520.0
9,3,1.0,0.5,0.75,0.25,0.75,0.4,-0.4045529292508937,-393216.0
9,4,1.0,0.75,0.25,1.0,0.25,0.2,-0.25289055198200167,-294912.0
7,4,0.0,0.25,0.0,0.0,0.5,0.0,-0.2833899171540244,-294912.0
5,4,0.5,0.75,0.75,0.0,0.0,0.2,-0.17352494601619647,-294912.0
8,3,1.0,1.0,0.75,0.5,0.25,0.0,-0.3162357042265642,-393216.0
7,2,1.0,1.0,0.75,1.0,0.75,0.6,-0.26829910270840523,-491520.0
6,2,0.75,0.25,0.25,0.25,1.0,0.0,-0.18736565551333675,-491520.0
6,4,0.5,1.0,0.5,0.75,0.0,0.2,-0.2103383206020316,-294912.0
6,2,1.0,1.0,0.5,0.5,0.0,0.8,-0.22640852606944492,-491520.0
8,3,1.0,0.0,0.0,0.0,0.75,0.0,-0.3455963460991546,-393216.0
9,2,0.0,1.0,0.25,0.5,0.25,0.0,-0.3507568309745236,-491520.0
6,4,0.75,0.0,0.5,0.0,0.0,0.2,-0.24224774478939276,-294912.0
7,3,0.75,0.25,0.0,0.5,1.0,0.8,-0.3233797067500584,-393216.0
5,4,0.5,0.0,0.0,0.75,0.0,0.2,-0.15886063458279814,-294912.0
9,4,0.5,0.0,1.0,0.0,0.0,0.6,-0.42493518469440145,-294912.0
7,4,0.0,0.25,0.0,0.5,0.75,0.0,-0.296058574754163,-294912.0
5,3,0.25,0.0,0.0,0.5,0.25,0.0,-0.15875346588095648,-393216.0
9,4,0.75,0.5,0.25,0.5,0.5,0.6,-0.2819124807443561,-294912.0
9,3,0.25,0.75,0.5,0.5,0.25,0.8,-0.2613237240474001,-393216.0
5,3,0.5,0.25,0.0,0.0,0.75,0.2,-0.1312897999763842,-393216.0
7,3,1.0,0.25,0.25,0.5,0.0,0.2,-0.31918584768985814,-393216.0
6,3,1.0,0.75,0.25,0.5,0.0,0.4,-0.24081903298321547,-393216.0
9,2,1.0,0.5,0.25,0.5,1.0,0.2,-0.28913861568539956,-491520.0
5,2,0.5,0.5,0.25,0.5,0.75,0.8,-0.17553809798587558,-491520.0
9,4,0.75,1.0,0.0,1.0,0.75,0.6,-0.3213184378742471,-294912.0
9,4,0.75,0.25,0.25,0.25,0.5,0.6,-0.31463412077524083,-294912.0
6,2,0.75,0.25,1.0,1.0,1.0,0.4,-0.18895783503854818,-491520.0
6,2,0.75,0.0,1.0,0.0,0.5,0.0,-0.25851847903141384,-491520.0
8,2,1.0,1.0,0.5,0.25,0.5,0.6,-0.31332921668483343,-491520.0
7,3,0.75,0.25,0.75,0.25,0.0,0.0,-0.3121530372007005,-393216.0
9,2,1.0,0.75,0.0,0.0,0.5,0.2,-0.3920667416495128,-491520.0
9,3,0.5,1.0,0.25,1.0,0.0,0.6,-0.40898536801112273,-393216.0
7,4,1.0,0.5,0.25,0.5,0.5,0.4,-0.31894157253415645,-294912.0
5,4,0.25,1.0,0.0,0.5,0.0,0.2,-0.17352494601619647,-294912.0
5,3,1.0,1.0,0.75,1.0,1.0,0.0,-0.17352494601619647,-393216.0
7,3,0.75,0.25,0.0,0.25,0.5,0.6,-0.3844217327655531,-393216.0
5,4,1.0,0.25,0.0,0.75,0.0,0.6,-0.1883776883729226,-294912.0
5,3,1.0,0.75,0.25,1.0,0.5,0.0,-0.1312897999763842,-393216.0
6,4,0.0,1.0,0.0,0.5,0.5,0.4,-0.10957946344323567,-294912.0
7,4,0.75,0.75,0.0,1.0,0.0,0.0,-0.34572523160291563,-294912.0
8,4,0.75,1.0,0.0,0.25,0.5,0.4,-0.2830831538649137,-294912.0
5,3,0.75,1.0,0.75,0.0,1.0,0.8,-0.17352494601619647,-393216.0
7,3,1.0,0.25,0.75,0.5,1.0,0.4,-0.2936161278974214,-393216.0
7,4,0.0,0.75,0.5,0.0,0.0,0.4,-0.3695184556635509,-294912.0
5,4,1.0,0.0,0.5,1.0,0.75,0.2,-0.15875346588095648,-294912.0
8,4,0.5,0.75,1.0,0.0,0.75,0.4,-0.3213429534709319,-294912.0
6,3,0.75,0.25,0.5,0.75,1.0,0.2,-0.18736565551333675,-393216.0
9,2,0.0,1.0,0.75,0.0,0.75,0.4,-0.4288433949161437,-491520.0
6,4,0.0,0.5,0.0,0.25,0.0,0.2,-0.10336191155517224,-294912.0
8,3,0.0,0.25,0.0,0.25,0.75,0.0,-0.32692015208748776,-393216.0
5,2,0.25,0.0,1.0,1.0,0.0,0.0,-0.17963177361316388,-491520.0
8,2,0.0,0.0,0.25,0.0,0.25,0.0,-0.40842756582735973,-491520.0
9,3,1.0,0.25,1.0,0.25,0.0,0.0,-0.4065516659820146,-393216.0
7,2,0.0,0.5,1.0,0.75,0.25,0.8,-0.19962993455522635,-491520.0
8,4,0.5,1.0,0.75,0.0,0.0,0.8,-0.39712649986311815,-294912.0
7,2,1.0,0.5,0.0,0.25,0.5,0.4,-0.382659765495773,-491520.0
5,3,0.0,0.25,0.5,0.75,0.5,0.4,-0.13381270166602288,-393216.0
6,4,1.0,1.0,1.0,0.25,1.0,0.6,-0.2387746528745913,-294912.0
5,3,0.75,1.0,0.5,0.0,0.5,0.2,-0.17352494601619647,-393216.0
9,4,1.0,0.0,0.0,0.25,0.5,0.6,-0.3506318182835814,-294912.0
5,4,1.0,0.25,0.0,0.75,0.75,0.4,-0.1883776883729226,-294912.0
6,2,0.5,0.5,1.0,0.75,0.5,0.4,-0.18895783503854818,-491520.0
6,2,1.0,0.25,0.5,0.75,0.75,0.8,-0.22640852606944492,-491520.0
8,4,0.75,0.25,0.25,0.5,1.0,0.8,-0.26933181257820155,-294912.0
6,4,1.0,1.0,0.75,0.75,0.25,0.2,-0.2387746528745913,-294912.0
7,2,0.0,0.0,0.5,1.0,0.75,0.8,-0.3203044655024129,-491520.0
6,3,0.75,0.5,0.25,0.5,0.5,0.2,-0.18736565551333675,-393216.0
9,2,0.25,0.5,0.75,0.0,1.0,0.4,-0.33058874738719785,-491520.0
9,2,1.0,0.75,0.25,0.5,0.25,0.8,-0.2556590415881123,-491520.0
9,4,0.5,0.25,0.25,0.5,0.25,0.6,-0.33186782136226645,-294912.0
8,2,1.0,0.75,0.0,0.5,0.0,0.4,-0.35787207917837466,-491520.0
6,4,0.5,0.5,0.0,0.75,1.0,0.2,-0.20709114249260266,-294912.0
6,4,0.0,0.5,0.0,1.0,0.5,0.4,-0.2356690603849351,-294912.0
6,4,0.5,0.5,0.25,1.0,0.25,0.8,-0.18208409450816274,-294912.0
7,4,1.0,0.25,1.0,0.25,0.25,0.4,-0.33151739017041604,-294912.0
7,3,0.75,1.0,1.0,0.5,0.0,0.2,-0.2725044793688731,-393216.0
7,3,0.25,0.0,0.75,0.5,0.25,0.0,-0.3354336859637158,-393216.0
6,4,0.25,1.0,0.5,0.0,0.25,0.4,-0.24224774478939276,-294912.0
9,2,0.25,0.75,0.0,0.5,0.25,0.4,-0.3273014942097128,-491520.0
7,4,0.75,0.5,0.25,0.0,0.5,0.0,-0.2809304903901045,-294912.0
8,2,0.75,0.0,0.0,0.0,1.0,0.0,-0.2857224897706158,-491520.0
9,4,0.75,1.0,1.0,0.0,1.0,0.4,-0.36019519438714837,-294912.0
5,2,0.25,0.75,0.5,0.0,1.0,0.2,-0.17553809798587558,-491520.0
8,3,0.0,0.25,0.25,0.75,1.0,0.2,-0.3655958237505203,-393216.0
5,3,0.5,0.5,0.75,0.5,0.75,0.4,-0.17352494601619647,-393216.0
6,3,0.25,0.5,0.75,0.5,1.0,0.8,-0.18736565551333675,-393216.0
8,4,0.75,0.25,1.0,0.5,0.25,0.8,-0.30131140136691703,-294912.0
8,2,0.75,0.0,0.5,0.25,0.0,0.4,-0.24843098762753174,-491520.0
5,4,0.5,0.0,1.0,1.0,0.5,0.2,-0.15875346588095648,-294912.0

End of doe/resume phase, the number of evaluated configurations is: 200

End of DoE - Time 16583.0478 sec
Starting optimization iteration 1
End of training - Time       0.06 sec
Model fitting time     0.0623 sec
Total RS time     0.0590 sec
Optimization function time     1.2687 sec
Starting local search iteration: , #configs:30
0, 
1, 
2, 
3, 
4, 
5, 
6, 
7, 
8, 
9, 
10, 
11, 
12, 
13, 
14, 
15, 
16, 
17, 
18, 
19, 
20, 
21, 
22, 
23, 
24, 
25, 
26, 
27, 
28, 
29, 
Multi-start LS time     0.5526 sec
MSLS time     0.6327 sec
Local search time     1.9675 sec
Total iteration time     2.0324 sec
End of training - Time       0.06 sec
Model fitting time     0.0587 sec
Total RS time     0.0559 sec
Optimization function time     0.5896 sec
Starting local search iteration: , #configs:30
0, 
1, 
2, 
3, 
4, 
5, 
6, 
7, 
8, 
9, 
10, 
11, 
12, 
13, 
14, 
15, 
16, 
17, 
18, 
19, 
20, 
21, 
22, 
23, 
24, 
25, 
26, 
27, 
28, 
29, 
Multi-start LS time     0.6929 sec
MSLS time     0.8639 sec
Local search time     1.5213 sec
Total iteration time     3.6166 sec
End of training - Time       0.12 sec
Model fitting time     0.1198 sec
0.02093913642819545 < 0.1 random sampling a configuration to run
Local search time     0.0010 sec
Total iteration time     3.7413 sec
End of training - Time       0.07 sec
Model fitting time     0.0720 sec
Total RS time     0.0574 sec
Optimization function time     0.6112 sec
Starting local search iteration: , #configs:30
0, 
1, 
2, 
3, 
4, 
5, 
6, 
7, 
8, 
9, 
10, 
11, 
12, 
13, 
14, 
15, 
16, 
17, 
18, 
19, 
20, 
21, 
22, 
23, 
24, 
25, 
26, 
27, 
28, 
29, 
Multi-start LS time     0.6109 sec
MSLS time     0.6940 sec
Local search time     1.3716 sec
Total iteration time     5.1877 sec
End of training - Time       0.06 sec
Model fitting time     0.0606 sec
Total RS time     0.0541 sec
Optimization function time     0.6471 sec
Starting local search iteration: , #configs:30
0, 
1, 
2, 
3, 
4, 
5, 
6, 
7, 
8, 
9, 
10, 
11, 
12, 
13, 
14, 
15, 
16, 
17, 
18, 
19, 
20, 
21, 
22, 
23, 
24, 
25, 
26, 
27, 
28, 
29, 
Multi-start LS time     0.5884 sec
MSLS time     0.7673 sec
Local search time     1.4843 sec
Total iteration time     6.7370 sec
End of training - Time       0.09 sec
Model fitting time     0.0933 sec
Total RS time     0.0613 sec
Optimization function time     0.6932 sec
Starting local search iteration: , #configs:30
0, 
1, 
2, 
3, 
4, 
5, 
6, 
7, 
8, 
9, 
10, 
11, 
12, 
13, 
14, 
15, 
16, 
17, 
18, 
19, 
20, 
21, 
22, 
23, 
24, 
25, 
26, 
27, 
28, 
29, 
Multi-start LS time     0.5544 sec
MSLS time     0.6361 sec
Local search time     1.3974 sec
Total iteration time     8.2303 sec
End of training - Time       0.06 sec
Model fitting time     0.0632 sec
Total RS time     0.0516 sec
Optimization function time     0.5425 sec
Starting local search iteration: , #configs:30
0, 
1, 
2, 
3, 
4, 
5, 
6, 
7, 
8, 
9, 
10, 
11, 
12, 
13, 
14, 
15, 
16, 
17, 
18, 
19, 
20, 
21, 
22, 
23, 
24, 
25, 
26, 
27, 
28, 
29, 
Multi-start LS time     0.5670 sec
MSLS time     0.6510 sec
Local search time     1.2549 sec
Total iteration time     9.5521 sec
End of training - Time       0.12 sec
Model fitting time     0.1204 sec
Total RS time     0.1193 sec
Optimization function time     0.8478 sec
Starting local search iteration: , #configs:30
0, 
1, 
2, 
3, 
4, 
5, 
6, 
7, 
8, 
9, 
10, 
11, 
12, 
13, 
14, 
15, 
16, 
17, 
18, 
19, 
20, 
21, 
22, 
23, 
24, 
25, 
26, 
27, 
28, 
29, 
Multi-start LS time     0.6187 sec
MSLS time     0.7045 sec
Local search time     1.6800 sec
Total iteration time    11.3562 sec
End of training - Time       0.06 sec
Model fitting time     0.0644 sec
Total RS time     0.0545 sec
Optimization function time     0.6332 sec
Starting local search iteration: , #configs:30
0, 
1, 
2, 
3, 
4, 
5, 
6, 
7, 
8, 
9, 
10, 
11, 
12, 
13, 
14, 
15, 
16, 
17, 
18, 
19, 
20, 
21, 
22, 
23, 
24, 
25, 
26, 
27, 
28, 
29, 
Multi-start LS time     0.7883 sec
MSLS time     0.9874 sec
Local search time     1.6944 sec
Total iteration time    13.1198 sec
End of training - Time       0.07 sec
Model fitting time     0.0743 sec
Total RS time     0.0542 sec
Optimization function time     0.6914 sec
Starting local search iteration: , #configs:30
0, 
1, 
2, 
3, 
4, 
5, 
6, 
7, 
8, 
9, 
10, 
11, 
12, 
13, 
14, 
15, 
16, 
17, 
18, 
19, 
20, 
21, 
22, 
23, 
24, 
25, 
26, 
27, 
28, 
29, 
Multi-start LS time     0.5633 sec
MSLS time     0.6446 sec
Local search time     1.3980 sec
Running on client-server mode.
Communication protocol: sending message...
Request 10
depth,features_per_partition,c1,c2,c3,c4,c5,c6
5,2,1.0,0.75,0.0,0.0,0.25,0.4
5,2,0.25,1.0,0.25,0.0,0.0,0.4
5,2,0.0,0.75,0.75,1.0,1.0,0.4
8,2,1.0,0.75,0.0,0.0,0.25,0.8
6,2,1.0,0.0,1.0,0.0,0.25,0.8
7,2,0.0,1.0,0.0,0.0,0.0,0.4
5,2,0.5,0.0,0.25,0.75,1.0,0.6
6,2,1.0,0.75,0.5,0.0,0.0,0.0
6,2,1.0,1.0,0.5,1.0,0.5,0.0
7,2,0.0,0.25,0.25,0.0,0.25,0.8
Communication protocol: receiving message....
depth,features_per_partition,c1,c2,c3,c4,c5,c6,f1_score,num_flows
5,2,1.0,0.75,0.0,0.0,0.25,0.4,-0.1300622598692047,-491520.0
5,2,0.25,1.0,0.25,0.0,0.0,0.4,-0.1300622598692047,-491520.0
5,2,0.0,0.75,0.75,1.0,1.0,0.4,-0.13086887705914013,-491520.0
8,2,1.0,0.75,0.0,0.0,0.25,0.8,-0.36021884813136834,-491520.0
6,2,1.0,0.0,1.0,0.0,0.25,0.8,-0.20521345730834933,-491520.0
7,2,0.0,1.0,0.0,0.0,0.0,0.4,-0.29240768780030374,-491520.0
5,2,0.5,0.0,0.25,0.75,1.0,0.6,-0.1300622598692047,-491520.0
6,2,1.0,0.75,0.5,0.0,0.0,0.0,-0.3672146240484169,-491520.0
6,2,1.0,1.0,0.5,1.0,0.5,0.0,-0.21574189399068797,-491520.0
7,2,0.0,0.25,0.25,0.0,0.25,0.8,-0.30285267203618965,-491520.0
Black box function time  1006.3492 sec
Total iteration time  1020.9421 sec
Starting optimization iteration 2
End of training - Time       0.09 sec
Model fitting time     0.0952 sec
Total RS time     0.0975 sec
Optimization function time     0.6676 sec
Starting local search iteration: , #configs:30
0, 
1, 
2, 
3, 
4, 
5, 
6, 
7, 
8, 
9, 
10, 
11, 
12, 
13, 
14, 
15, 
16, 
17, 
18, 
19, 
20, 
21, 
22, 
23, 
24, 
25, 
26, 
27, 
28, 
29, 
Multi-start LS time     0.5540 sec
MSLS time     0.6379 sec
Local search time     1.4102 sec
Total iteration time     1.5084 sec
End of training - Time       0.06 sec
Model fitting time     0.0607 sec
Total RS time     0.0530 sec
Optimization function time     0.5841 sec
Starting local search iteration: , #configs:30
0, 
1, 
2, 
3, 
4, 
5, 
6, 
7, 
8, 
9, 
10, 
11, 
12, 
13, 
14, 
15, 
16, 
17, 
18, 
19, 
20, 
21, 
22, 
23, 
24, 
25, 
26, 
27, 
28, 
29, 
Multi-start LS time     0.8077 sec
MSLS time     1.0084 sec
Local search time     1.6616 sec
Total iteration time     3.2361 sec
End of training - Time       0.13 sec
Model fitting time     0.1325 sec
0.013542996016273734 < 0.1 random sampling a configuration to run
Local search time     0.0011 sec
Total iteration time     3.3734 sec
End of training - Time       0.13 sec
Model fitting time     0.1322 sec
Total RS time     0.0884 sec
Optimization function time     0.6830 sec
Starting local search iteration: , #configs:30
0, 
1, 
2, 
3, 
4, 
5, 
6, 
7, 
8, 
9, 
10, 
11, 
12, 
13, 
14, 
15, 
16, 
17, 
18, 
19, 
20, 
21, 
22, 
23, 
24, 
25, 
26, 
27, 
28, 
29, 
Multi-start LS time     0.5670 sec
MSLS time     0.6577 sec
Local search time     1.4375 sec
Total iteration time     4.9464 sec
End of training - Time       0.07 sec
Model fitting time     0.0692 sec
Total RS time     0.0556 sec
Optimization function time     0.6463 sec
Starting local search iteration: , #configs:30
0, 
1, 
2, 
3, 
4, 
5, 
6, 
7, 
8, 
9, 
10, 
11, 
12, 
13, 
14, 
15, 
16, 
17, 
18, 
19, 
20, 
21, 
22, 
23, 
24, 
25, 
26, 
27, 
28, 
29, 
Multi-start LS time     0.6348 sec
MSLS time     0.7193 sec
Local search time     1.4296 sec
Total iteration time     6.4480 sec
End of training - Time       0.07 sec
Model fitting time     0.0685 sec
Total RS time     0.0547 sec
Optimization function time     0.6458 sec
Starting local search iteration: , #configs:30
0, 
1, 
2, 
3, 
4, 
5, 
6, 
7, 
8, 
9, 
10, 
11, 
12, 
13, 
14, 
15, 
16, 
17, 
18, 
19, 
20, 
21, 
22, 
23, 
24, 
25, 
26, 
27, 
28, 
29, 
Multi-start LS time     1.0828 sec
MSLS time     1.1638 sec
Local search time     1.8712 sec
Total iteration time     8.3903 sec
End of training - Time       0.07 sec
Model fitting time     0.0660 sec
0.04850201114245223 < 0.1 random sampling a configuration to run
Local search time     0.0005 sec
Total iteration time     8.4589 sec
End of training - Time       0.07 sec
Model fitting time     0.0703 sec
Total RS time     0.0573 sec
Optimization function time     0.6903 sec
Starting local search iteration: , #configs:30
0, 
1, 
2, 
3, 
4, 
5, 
6, 
7, 
8, 
9, 
10, 
11, 
12, 
13, 
14, 
15, 
16, 
17, 
18, 
19, 
20, 
21, 
22, 
23, 
24, 
25, 
26, 
27, 
28, 
29, 
Multi-start LS time     0.6312 sec
MSLS time     0.7130 sec
Local search time     1.4688 sec
Total iteration time    10.0008 sec
End of training - Time       0.07 sec
Model fitting time     0.0679 sec
Total RS time     0.0553 sec
Optimization function time     0.8133 sec
Starting local search iteration: , #configs:30
0, 
1, 
2, 
3, 
4, 
5, 
6, 
7, 
8, 
9, 
10, 
11, 
12, 
13, 
14, 
15, 
16, 
17, 
18, 
19, 
20, 
21, 
22, 
23, 
24, 
25, 
26, 
27, 
28, 
29, 
Multi-start LS time     0.7442 sec
MSLS time     0.8300 sec
Local search time     1.7062 sec
Total iteration time    11.7775 sec
End of training - Time       0.07 sec
Model fitting time     0.0717 sec
Total RS time     0.0567 sec
Optimization function time     0.6289 sec
Starting local search iteration: , #configs:30
0, 
1, 
2, 
3, 
4, 
5, 
6, 
7, 
8, 
9, 
10, 
11, 
12, 
13, 
14, 
15, 
16, 
17, 
18, 
19, 
20, 
21, 
22, 
23, 
24, 
25, 
26, 
27, 
28, 
29, 
Multi-start LS time     0.6688 sec
MSLS time     0.7575 sec
Local search time     1.4505 sec
Running on client-server mode.
Communication protocol: sending message...
Request 10
depth,features_per_partition,c1,c2,c3,c4,c5,c6
9,3,0.0,0.75,0.0,0.5,0.5,0.8
6,3,0.0,1.0,0.0,1.0,0.5,0.8
7,4,0.75,0.5,0.5,0.5,1.0,0.8
9,2,0.0,0.75,0.0,0.0,0.5,0.8
7,2,0.5,0.75,0.0,1.0,0.0,0.8
7,4,0.75,1.0,0.75,0.0,0.0,0.8
5,2,0.5,0.25,1.0,0.5,0.25,0.6
8,2,0.75,0.5,0.0,1.0,1.0,0.6
9,2,0.5,0.0,0.75,0.5,0.0,0.6
7,2,0.75,1.0,0.0,0.5,0.25,0.6
Communication protocol: receiving message....
depth,features_per_partition,c1,c2,c3,c4,c5,c6,f1_score,num_flows
9,3,0.0,0.75,0.0,0.5,0.5,0.8,-0.4223861153264943,-393216.0
6,3,0.0,1.0,0.0,1.0,0.5,0.8,-0.31173809083265586,-393216.0
7,4,0.75,0.5,0.5,0.5,1.0,0.8,-0.24151128434897448,-294912.0
9,2,0.0,0.75,0.0,0.0,0.5,0.8,-0.43413618683001515,-491520.0
7,2,0.5,0.75,0.0,1.0,0.0,0.8,-0.380910732548609,-491520.0
7,4,0.75,1.0,0.75,0.0,0.0,0.8,-0.3405249897844978,-294912.0
5,2,0.5,0.25,1.0,0.5,0.25,0.6,-0.17553809798587558,-491520.0
8,2,0.75,0.5,0.0,1.0,1.0,0.6,-0.36021884813136834,-491520.0
9,2,0.5,0.0,0.75,0.5,0.0,0.6,-0.3636549600104944,-491520.0
7,2,0.75,1.0,0.0,0.5,0.25,0.6,-0.380910732548609,-491520.0
Black box function time   928.4309 sec
Total iteration time   941.7313 sec
Starting optimization iteration 3
End of training - Time       0.12 sec
Model fitting time     0.1247 sec
0.01852773860095769 < 0.1 random sampling a configuration to run
Local search time     0.0010 sec
Total iteration time     0.1293 sec
End of training - Time       0.12 sec
Model fitting time     0.1179 sec
Total RS time     0.0515 sec
Optimization function time     0.5106 sec
Starting local search iteration: , #configs:30
0, 
1, 
2, 
3, 
4, 
5, 
6, 
7, 
8, 
9, 
10, 
11, 
12, 
13, 
14, 
15, 
16, 
17, 
18, 
19, 
20, 
21, 
22, 
23, 
24, 
25, 
26, 
27, 
28, 
29, 
Multi-start LS time     0.4659 sec
MSLS time     0.5464 sec
Local search time     1.1152 sec
Total iteration time     1.3648 sec
End of training - Time       0.06 sec
Model fitting time     0.0645 sec
Total RS time     0.0514 sec
Optimization function time     0.4845 sec
Starting local search iteration: , #configs:30
0, 
1, 
2, 
3, 
4, 
5, 
6, 
7, 
8, 
9, 
10, 
11, 
12, 
13, 
14, 
15, 
16, 
17, 
18, 
19, 
20, 
21, 
22, 
23, 
24, 
25, 
26, 
27, 
28, 
29, 
Multi-start LS time     0.5492 sec
MSLS time     0.6311 sec
Local search time     1.1745 sec
Total iteration time     2.6065 sec
End of training - Time       0.07 sec
Model fitting time     0.0667 sec
Total RS time     0.0517 sec
Optimization function time     0.5195 sec
Starting local search iteration: , #configs:30
0, 
1, 
2, 
3, 
4, 
5, 
6, 
7, 
8, 
9, 
10, 
11, 
12, 
13, 
14, 
15, 
16, 
17, 
18, 
19, 
20, 
21, 
22, 
23, 
24, 
25, 
26, 
27, 
28, 
29, 
Multi-start LS time     0.5444 sec
MSLS time     0.6257 sec
Local search time     1.2045 sec
Total iteration time     3.8803 sec
End of training - Time       0.06 sec
Model fitting time     0.0635 sec
0.07695894103267042 < 0.1 random sampling a configuration to run
Local search time     0.0006 sec
Total iteration time     3.9463 sec
End of training - Time       0.06 sec
Model fitting time     0.0636 sec
Total RS time     0.0519 sec
Optimization function time     0.5254 sec
Starting local search iteration: , #configs:30
0, 
1, 
2, 
3, 
4, 
5, 
6, 
7, 
8, 
9, 
10, 
11, 
12, 
13, 
14, 
15, 
16, 
17, 
18, 
19, 
20, 
21, 
22, 
23, 
24, 
25, 
26, 
27, 
28, 
29, 
Multi-start LS time     0.5256 sec
MSLS time     0.6077 sec
Local search time     1.1920 sec
Total iteration time     5.2044 sec
End of training - Time       0.07 sec
Model fitting time     0.0695 sec
Total RS time     0.0526 sec
Optimization function time     0.5673 sec
Starting local search iteration: , #configs:30
0, 
1, 
2, 
3, 
4, 
5, 
6, 
7, 
8, 
9, 
10, 
11, 
12, 
13, 
14, 
15, 
16, 
17, 
18, 
19, 
20, 
21, 
22, 
23, 
24, 
25, 
26, 
27, 
28, 
29, 
Multi-start LS time     0.5735 sec
MSLS time     0.6604 sec
Local search time     1.2874 sec
Total iteration time     6.5639 sec
End of training - Time       0.07 sec
Model fitting time     0.0662 sec
Total RS time     0.0518 sec
Optimization function time     0.5604 sec
Starting local search iteration: , #configs:30
0, 
1, 
2, 
3, 
4, 
5, 
6, 
7, 
8, 
9, 
10, 
11, 
12, 
13, 
14, 
15, 
16, 
17, 
18, 
19, 
20, 
21, 
22, 
23, 
24, 
25, 
26, 
27, 
28, 
29, 
Multi-start LS time     0.5159 sec
MSLS time     0.6363 sec
Local search time     1.2555 sec
Total iteration time     7.8881 sec
End of training - Time       0.07 sec
Model fitting time     0.0667 sec
Total RS time     0.0528 sec
Optimization function time     0.5477 sec
Starting local search iteration: , #configs:30
0, 
1, 
2, 
3, 
4, 
5, 
6, 
7, 
8, 
9, 
10, 
11, 
12, 
13, 
14, 
15, 
16, 
17, 
18, 
19, 
20, 
21, 
22, 
23, 
24, 
25, 
26, 
27, 
28, 
29, 
Multi-start LS time     0.5041 sec
MSLS time     0.5910 sec
Local search time     1.1987 sec
Total iteration time     9.1561 sec
End of training - Time       0.07 sec
Model fitting time     0.0673 sec
Total RS time     0.0519 sec
Optimization function time     0.5575 sec
Starting local search iteration: , #configs:30
0, 
1, 
2, 
3, 
4, 
5, 
6, 
7, 
8, 
9, 
10, 
11, 
12, 
13, 
14, 
15, 
16, 
17, 
18, 
19, 
20, 
21, 
22, 
23, 
24, 
25, 
26, 
27, 
28, 
29, 
Multi-start LS time     0.7219 sec
MSLS time     0.8053 sec
Local search time     1.4222 sec
Running on client-server mode.
Communication protocol: sending message...
Request 10
depth,features_per_partition,c1,c2,c3,c4,c5,c6
7,3,0.75,0.25,0.5,0.0,0.25,0.4
9,3,0.0,0.25,1.0,0.0,0.25,0.4
6,3,0.75,0.0,1.0,0.0,0.0,0.8
7,2,0.75,0.25,1.0,0.0,0.0,0.6
6,4,0.25,0.0,0.5,0.5,0.75,0.6
6,2,0.75,0.25,1.0,0.25,0.0,0.8
9,2,0.0,0.75,1.0,0.0,0.0,0.8
7,2,0.5,0.0,1.0,0.0,0.0,0.0
9,2,0.0,1.0,0.0,0.25,0.0,0.8
9,2,0.0,1.0,0.25,1.0,0.0,0.0
Communication protocol: receiving message....
depth,features_per_partition,c1,c2,c3,c4,c5,c6,f1_score,num_flows
7,3,0.75,0.25,0.5,0.0,0.25,0.4,-0.23003124904539884,-393216.0
9,3,0.0,0.25,1.0,0.0,0.25,0.4,-0.3925653767009567,-393216.0
6,3,0.75,0.0,1.0,0.0,0.0,0.8,-0.2285216069428315,-393216.0
7,2,0.75,0.25,1.0,0.0,0.0,0.6,-0.3001538984886969,-491520.0
6,4,0.25,0.0,0.5,0.5,0.75,0.6,-0.2103383206020316,-294912.0
6,2,0.75,0.25,1.0,0.25,0.0,0.8,-0.18895783503854818,-491520.0
9,2,0.0,0.75,1.0,0.0,0.0,0.8,-0.3019639445970583,-491520.0
7,2,0.5,0.0,1.0,0.0,0.0,0.0,-0.37834995511186825,-491520.0
9,2,0.0,1.0,0.0,0.25,0.0,0.8,-0.4288433949161437,-491520.0
9,2,0.0,1.0,0.25,1.0,0.0,0.0,-0.3256911571925654,-491520.0
Black box function time   921.0363 sec
Total iteration time   931.6825 sec
Starting optimization iteration 4
End of training - Time       0.07 sec
Model fitting time     0.0669 sec
Total RS time     0.0533 sec
Optimization function time     0.6377 sec
Starting local search iteration: , #configs:30
0, 
1, 
2, 
3, 
4, 
5, 
6, 
7, 
8, 
9, 
10, 
11, 
12, 
13, 
14, 
15, 
16, 
17, 
18, 
19, 
20, 
21, 
22, 
23, 
24, 
25, 
26, 
27, 
28, 
29, 
Multi-start LS time     0.5000 sec
MSLS time     0.5803 sec
Local search time     1.2784 sec
Total iteration time     1.3478 sec
End of training - Time       0.06 sec
Model fitting time     0.0614 sec
Total RS time     0.0516 sec
Optimization function time     0.5876 sec
Starting local search iteration: , #configs:30
0, 
1, 
2, 
3, 
4, 
5, 
6, 
7, 
8, 
9, 
10, 
11, 
12, 
13, 
14, 
15, 
16, 
17, 
18, 
19, 
20, 
21, 
22, 
23, 
24, 
25, 
26, 
27, 
28, 
29, 
Multi-start LS time     0.4851 sec
MSLS time     0.5695 sec
Local search time     1.2164 sec
Total iteration time     2.6282 sec
End of training - Time       0.06 sec
Model fitting time     0.0634 sec
Total RS time     0.0518 sec
Optimization function time     0.5237 sec
Starting local search iteration: , #configs:30
0, 
1, 
2, 
3, 
4, 
5, 
6, 
7, 
8, 
9, 
10, 
11, 
12, 
13, 
14, 
15, 
16, 
17, 
18, 
19, 
20, 
21, 
22, 
23, 
24, 
25, 
26, 
27, 
28, 
29, 
Multi-start LS time     0.4873 sec
MSLS time     0.5731 sec
Local search time     1.1568 sec
Total iteration time     3.8511 sec
End of training - Time       0.06 sec
Model fitting time     0.0652 sec
Total RS time     0.0530 sec
Optimization function time     0.5434 sec
Starting local search iteration: , #configs:30
0, 
1, 
2, 
3, 
4, 
5, 
6, 
7, 
8, 
9, 
10, 
11, 
12, 
13, 
14, 
15, 
16, 
17, 
18, 
19, 
20, 
21, 
22, 
23, 
24, 
25, 
26, 
27, 
28, 
29, 
Multi-start LS time     0.6445 sec
MSLS time     0.7277 sec
Local search time     1.3310 sec
Total iteration time     5.2499 sec
End of training - Time       0.06 sec
Model fitting time     0.0650 sec
0.04102361696776902 < 0.1 random sampling a configuration to run
Local search time     0.0006 sec
Total iteration time     5.3173 sec
End of training - Time       0.06 sec
Model fitting time     0.0647 sec
Total RS time     0.0517 sec
Optimization function time     0.5340 sec
Starting local search iteration: , #configs:30
0, 
1, 
2, 
3, 
4, 
5, 
6, 
7, 
8, 
9, 
10, 
11, 
12, 
13, 
14, 
15, 
16, 
17, 
18, 
19, 
20, 
21, 
22, 
23, 
24, 
25, 
26, 
27, 
28, 
29, 
Multi-start LS time     0.6408 sec
MSLS time     0.7264 sec
Local search time     1.3201 sec
Total iteration time     6.7047 sec
End of training - Time       0.07 sec
Model fitting time     0.0693 sec
Total RS time     0.0532 sec
Optimization function time     0.6191 sec
Starting local search iteration: , #configs:30
0, 
1, 
2, 
3, 
4, 
5, 
6, 
7, 
8, 
9, 
10, 
11, 
12, 
13, 
14, 
15, 
16, 
17, 
18, 
19, 
20, 
21, 
22, 
23, 
24, 
25, 
26, 
27, 
28, 
29, 
Multi-start LS time     0.4963 sec
MSLS time     0.5807 sec
Local search time     1.2612 sec
Total iteration time     8.0381 sec
End of training - Time       0.07 sec
Model fitting time     0.0694 sec
Total RS time     0.0529 sec
Optimization function time     0.5879 sec
Starting local search iteration: , #configs:30
0, 
1, 
2, 
3, 
4, 
5, 
6, 
7, 
8, 
9, 
10, 
11, 
12, 
13, 
14, 
15, 
16, 
17, 
18, 
19, 
20, 
21, 
22, 
23, 
24, 
25, 
26, 
27, 
28, 
29, 
Multi-start LS time     0.5723 sec
MSLS time     0.6595 sec
Local search time     1.3077 sec
Total iteration time     9.4177 sec
End of training - Time       0.07 sec
Model fitting time     0.0702 sec
Total RS time     0.0547 sec
Optimization function time     0.6124 sec
Starting local search iteration: , #configs:30
0, 
1, 
2, 
3, 
4, 
5, 
6, 
7, 
8, 
9, 
10, 
11, 
12, 
13, 
14, 
15, 
16, 
17, 
18, 
19, 
20, 
21, 
22, 
23, 
24, 
25, 
26, 
27, 
28, 
29, 
Multi-start LS time     0.5076 sec
MSLS time     0.6141 sec
Local search time     1.2939 sec
Total iteration time    10.7859 sec
End of training - Time       0.09 sec
Model fitting time     0.0854 sec
Total RS time     0.0615 sec
Optimization function time     0.7328 sec
Starting local search iteration: , #configs:30
0, 
1, 
2, 
3, 
4, 
5, 
6, 
7, 
8, 
9, 
10, 
11, 
12, 
13, 
14, 
15, 
16, 
17, 
18, 
19, 
20, 
21, 
22, 
23, 
24, 
25, 
26, 
27, 
28, 
29, 
Multi-start LS time     0.5594 sec
MSLS time     0.6442 sec
Local search time     1.4480 sec
Running on client-server mode.
Communication protocol: sending message...
Request 10
depth,features_per_partition,c1,c2,c3,c4,c5,c6
9,3,0.0,0.0,0.0,0.0,0.5,0.4
9,3,0.5,0.0,0.0,0.0,0.0,0.8
9,3,0.0,0.0,1.0,0.0,0.25,0.6
9,2,0.0,0.0,0.0,0.0,0.25,0.0
8,3,0.75,0.25,0.5,0.25,0.0,0.6
7,2,0.0,0.25,0.0,0.75,0.0,0.0
9,2,1.0,0.5,0.0,0.0,0.0,0.0
8,2,0.25,0.5,0.0,0.0,0.25,0.0
6,2,1.0,0.75,0.0,0.75,0.0,0.0
6,2,0.25,0.75,0.0,0.0,0.75,0.0
Communication protocol: receiving message....
depth,features_per_partition,c1,c2,c3,c4,c5,c6,f1_score,num_flows
9,3,0.0,0.0,0.0,0.0,0.5,0.4,-0.33460356305584715,-393216.0
9,3,0.5,0.0,0.0,0.0,0.0,0.8,-0.3703630992011355,-393216.0
9,3,0.0,0.0,1.0,0.0,0.25,0.6,-0.40394266976040477,-393216.0
9,2,0.0,0.0,0.0,0.0,0.25,0.0,-0.2856152462531865,-491520.0
8,3,0.75,0.25,0.5,0.25,0.0,0.6,-0.2721033748964933,-393216.0
7,2,0.0,0.25,0.0,0.75,0.0,0.0,-0.2815790682105818,-491520.0
9,2,1.0,0.5,0.0,0.0,0.0,0.0,-0.42824375884783655,-491520.0
8,2,0.25,0.5,0.0,0.0,0.25,0.0,-0.4062957637222852,-491520.0
6,2,1.0,0.75,0.0,0.75,0.0,0.0,-0.2613974867348423,-491520.0
6,2,0.25,0.75,0.0,0.0,0.75,0.0,-0.32646289940777173,-491520.0
Black box function time   825.9494 sec
Total iteration time   838.2695 sec
Starting optimization iteration 5
End of training - Time       0.07 sec
Model fitting time     0.0692 sec
0.09228231430955003 < 0.1 random sampling a configuration to run
Local search time     0.0006 sec
Total iteration time     0.0717 sec
End of training - Time       0.06 sec
Model fitting time     0.0650 sec
Total RS time     0.0517 sec
Optimization function time     0.5032 sec
Starting local search iteration: , #configs:30
0, 
1, 
2, 
3, 
4, 
5, 
6, 
7, 
8, 
9, 
10, 
11, 
12, 
13, 
14, 
15, 
16, 
17, 
18, 
19, 
20, 
21, 
22, 
23, 
24, 
25, 
26, 
27, 
28, 
29, 
Multi-start LS time     0.5709 sec
MSLS time     0.6496 sec
Local search time     1.2109 sec
Total iteration time     1.3501 sec
End of training - Time       0.07 sec
Model fitting time     0.0679 sec
0.08232548089329494 < 0.1 random sampling a configuration to run
Local search time     0.0006 sec
Total iteration time     1.4205 sec
End of training - Time       0.07 sec
Model fitting time     0.0658 sec
Total RS time     0.0511 sec
Optimization function time     0.4749 sec
Starting local search iteration: , #configs:30
0, 
1, 
2, 
3, 
4, 
5, 
6, 
7, 
8, 
9, 
10, 
11, 
12, 
13, 
14, 
15, 
16, 
17, 
18, 
19, 
20, 
21, 
22, 
23, 
24, 
25, 
26, 
27, 
28, 
29, 
Multi-start LS time     0.5347 sec
MSLS time     0.6395 sec
Local search time     1.1732 sec
Total iteration time     2.6622 sec
End of training - Time       0.07 sec
Model fitting time     0.0683 sec
Total RS time     0.0530 sec
Optimization function time     0.5470 sec
Starting local search iteration: , #configs:30
0, 
1, 
2, 
3, 
4, 
5, 
6, 
7, 
8, 
9, 
10, 
11, 
12, 
13, 
14, 
15, 
16, 
17, 
18, 
19, 
20, 
21, 
22, 
23, 
24, 
25, 
26, 
27, 
28, 
29, 
Multi-start LS time     0.4829 sec
MSLS time     0.5649 sec
Local search time     1.1725 sec
Total iteration time     3.9057 sec
End of training - Time       0.07 sec
Model fitting time     0.0723 sec
Total RS time     0.0517 sec
Optimization function time     0.5473 sec
Starting local search iteration: , #configs:30
0, 
1, 
2, 
3, 
4, 
5, 
6, 
7, 
8, 
9, 
10, 
11, 
12, 
13, 
14, 
15, 
16, 
17, 
18, 
19, 
20, 
21, 
22, 
23, 
24, 
25, 
26, 
27, 
28, 
29, 
Multi-start LS time     0.4847 sec
MSLS time     0.5653 sec
Local search time     1.1707 sec
Total iteration time     5.1513 sec
End of training - Time       0.07 sec
Model fitting time     0.0688 sec
Total RS time     0.0505 sec
Optimization function time     0.5215 sec
Starting local search iteration: , #configs:30
0, 
1, 
2, 
3, 
4, 
5, 
6, 
7, 
8, 
9, 
10, 
11, 
12, 
13, 
14, 
15, 
16, 
17, 
18, 
19, 
20, 
21, 
22, 
23, 
24, 
25, 
26, 
27, 
28, 
29, 
Multi-start LS time     0.5172 sec
MSLS time     0.5958 sec
Local search time     1.1742 sec
Total iteration time     6.3969 sec
End of training - Time       0.07 sec
Model fitting time     0.0713 sec
Total RS time     0.0511 sec
Optimization function time     0.5286 sec
Starting local search iteration: , #configs:30
0, 
1, 
2, 
3, 
4, 
5, 
6, 
7, 
8, 
9, 
10, 
11, 
12, 
13, 
14, 
15, 
16, 
17, 
18, 
19, 
20, 
21, 
22, 
23, 
24, 
25, 
26, 
27, 
28, 
29, 
Multi-start LS time     0.5633 sec
MSLS time     0.6428 sec
Local search time     1.2294 sec
Total iteration time     7.7002 sec
End of training - Time       0.07 sec
Model fitting time     0.0722 sec
0.09119503722995936 < 0.1 random sampling a configuration to run
Local search time     0.0006 sec
Total iteration time     7.7750 sec
End of training - Time       0.07 sec
Model fitting time     0.0729 sec
Total RS time     0.0519 sec
Optimization function time     0.5590 sec
Starting local search iteration: , #configs:30
0, 
1, 
2, 
3, 
4, 
5, 
6, 
7, 
8, 
9, 
10, 
11, 
12, 
13, 
14, 
15, 
16, 
17, 
18, 
19, 
20, 
21, 
22, 
23, 
24, 
25, 
26, 
27, 
28, 
29, 
Multi-start LS time     0.5106 sec
MSLS time     0.5901 sec
Local search time     1.2086 sec
Running on client-server mode.
Communication protocol: sending message...
Request 10
depth,features_per_partition,c1,c2,c3,c4,c5,c6
5,2,0.0,0.25,0.0,0.5,0.75,0.6
5,2,0.0,0.25,1.0,0.5,0.0,0.6
9,2,0.0,0.0,0.5,0.5,0.75,0.4
9,2,0.0,0.25,0.5,0.75,1.0,0.8
7,2,0.0,0.25,0.25,1.0,0.75,0.8
8,2,0.0,1.0,0.0,0.75,1.0,0.8
10,2,0.0,0.5,0.0,0.75,0.25,0.8
9,2,0.0,1.0,0.75,0.25,0.75,0.8
8,3,1.0,0.25,0.5,0.0,0.5,0.0
9,2,0.0,1.0,0.0,0.5,0.0,0.8
Communication protocol: receiving message....
depth,features_per_partition,c1,c2,c3,c4,c5,c6,f1_score,num_flows
5,2,0.0,0.25,0.0,0.5,0.75,0.6,-0.13086887705914013,-491520.0
5,2,0.0,0.25,1.0,0.5,0.0,0.6,-0.13086887705914013,-491520.0
9,2,0.0,0.0,0.5,0.5,0.75,0.4,-0.383444900721461,-491520.0
9,2,0.0,0.25,0.5,0.75,1.0,0.8,-0.43102370798407086,-491520.0
7,2,0.0,0.25,0.25,1.0,0.75,0.8,-0.30285267203618965,-491520.0
8,2,0.0,1.0,0.0,0.75,1.0,0.8,-0.22877494601280968,-491520.0
10,2,0.0,0.5,0.0,0.75,0.25,0.8,-0.2674043702327938,-491520.0
9,2,0.0,1.0,0.75,0.25,0.75,0.8,-0.4288433949161437,-491520.0
8,3,1.0,0.25,0.5,0.0,0.5,0.0,-0.3336639562223614,-393216.0
9,2,0.0,1.0,0.0,0.5,0.0,0.8,-0.383444900721461,-491520.0
Black box function time   917.0826 sec
Total iteration time   926.1398 sec
Starting optimization iteration 6
End of training - Time       0.16 sec
Model fitting time     0.1563 sec
Total RS time     0.0745 sec
Optimization function time     0.7628 sec
Starting local search iteration: , #configs:30
0, 
1, 
2, 
3, 
4, 
5, 
6, 
7, 
8, 
9, 
10, 
11, 
12, 
13, 
14, 
15, 
16, 
17, 
18, 
19, 
20, 
21, 
22, 
23, 
24, 
25, 
26, 
27, 
28, 
29, 
Multi-start LS time     0.6817 sec
MSLS time     0.7674 sec
Local search time     1.6135 sec
Total iteration time     1.7733 sec
End of training - Time       0.07 sec
Model fitting time     0.0721 sec
Total RS time     0.0565 sec
Optimization function time     0.6067 sec
Starting local search iteration: , #configs:30
0, 
1, 
2, 
3, 
4, 
5, 
6, 
7, 
8, 
9, 
10, 
11, 
12, 
13, 
14, 
15, 
16, 
17, 
18, 
19, 
20, 
21, 
22, 
23, 
24, 
25, 
26, 
27, 
28, 
29, 
Multi-start LS time     0.5078 sec
MSLS time     0.5873 sec
Local search time     1.2574 sec
Total iteration time     3.1055 sec
End of training - Time       0.07 sec
Model fitting time     0.0670 sec
Total RS time     0.0518 sec
Optimization function time     0.6144 sec
Starting local search iteration: , #configs:30
0, 
1, 
2, 
3, 
4, 
5, 
6, 
7, 
8, 
9, 
10, 
11, 
12, 
13, 
14, 
15, 
16, 
17, 
18, 
19, 
20, 
21, 
22, 
23, 
24, 
25, 
26, 
27, 
28, 
29, 
Multi-start LS time     0.6772 sec
MSLS time     0.7647 sec
Local search time     1.4396 sec
Total iteration time     4.6149 sec
End of training - Time       0.08 sec
Model fitting time     0.0763 sec
Total RS time     0.0564 sec
Optimization function time     0.6694 sec
Starting local search iteration: , #configs:30
0, 
1, 
2, 
3, 
4, 
5, 
6, 
7, 
8, 
9, 
10, 
11, 
12, 
13, 
14, 
15, 
16, 
17, 
18, 
19, 
20, 
21, 
22, 
23, 
24, 
25, 
26, 
27, 
28, 
29, 
Multi-start LS time     0.5022 sec
MSLS time     0.5836 sec
Local search time     1.3165 sec
Total iteration time     6.0104 sec
End of training - Time       0.07 sec
Model fitting time     0.0694 sec
Total RS time     0.0519 sec
Optimization function time     0.5357 sec
Starting local search iteration: , #configs:30
0, 
1, 
2, 
3, 
4, 
5, 
6, 
7, 
8, 
9, 
10, 
11, 
12, 
13, 
14, 
15, 
16, 
17, 
18, 
19, 
20, 
21, 
22, 
23, 
24, 
25, 
26, 
27, 
28, 
29, 
Multi-start LS time     0.6280 sec
MSLS time     0.7135 sec
Local search time     1.3097 sec
Total iteration time     7.3924 sec
End of training - Time       0.08 sec
Model fitting time     0.0758 sec
Total RS time     0.0547 sec
Optimization function time     0.5868 sec
Starting local search iteration: , #configs:30
0, 
1, 
2, 
3, 
4, 
5, 
6, 
7, 
8, 
9, 
10, 
11, 
12, 
13, 
14, 
15, 
16, 
17, 
18, 
19, 
20, 
21, 
22, 
23, 
24, 
25, 
26, 
27, 
28, 
29, 
Multi-start LS time     0.5300 sec
MSLS time     0.6138 sec
Local search time     1.2637 sec
Total iteration time     8.7346 sec
End of training - Time       0.07 sec
Model fitting time     0.0700 sec
Total RS time     0.0538 sec
Optimization function time     0.6092 sec
Starting local search iteration: , #configs:30
0, 
1, 
2, 
3, 
4, 
5, 
6, 
7, 
8, 
9, 
10, 
11, 
12, 
13, 
14, 
15, 
16, 
17, 
18, 
19, 
20, 
21, 
22, 
23, 
24, 
25, 
26, 
27, 
28, 
29, 
Multi-start LS time     0.5942 sec
MSLS time     0.6736 sec
Local search time     1.3435 sec
Total iteration time    10.1507 sec
End of training - Time       0.07 sec
Model fitting time     0.0724 sec
Total RS time     0.0522 sec
Optimization function time     0.5042 sec
Starting local search iteration: , #configs:30
0, 
1, 
2, 
3, 
4, 
5, 
6, 
7, 
8, 
9, 
10, 
11, 
12, 
13, 
14, 
15, 
16, 
17, 
18, 
19, 
20, 
21, 
22, 
23, 
24, 
25, 
26, 
27, 
28, 
29, 
Multi-start LS time     0.6294 sec
MSLS time     0.7123 sec
Local search time     1.2771 sec
Total iteration time    11.5029 sec
End of training - Time       0.07 sec
Model fitting time     0.0740 sec
Total RS time     0.0540 sec
Optimization function time     0.6282 sec
Starting local search iteration: , #configs:30
0, 
1, 
2, 
3, 
4, 
5, 
6, 
7, 
8, 
9, 
10, 
11, 
12, 
13, 
14, 
15, 
16, 
17, 
18, 
19, 
20, 
21, 
22, 
23, 
24, 
25, 
26, 
27, 
28, 
29, 
Multi-start LS time     0.6368 sec
MSLS time     0.7225 sec
Local search time     1.4139 sec
Total iteration time    12.9937 sec
End of training - Time       0.08 sec
Model fitting time     0.0762 sec
Total RS time     0.0542 sec
Optimization function time     0.5563 sec
Starting local search iteration: , #configs:30
0, 
1, 
2, 
3, 
4, 
5, 
6, 
7, 
8, 
9, 
10, 
11, 
12, 
13, 
14, 
15, 
16, 
17, 
18, 
19, 
20, 
21, 
22, 
23, 
24, 
25, 
26, 
27, 
28, 
29, 
Multi-start LS time     0.5835 sec
MSLS time     0.6640 sec
Local search time     1.2811 sec
Running on client-server mode.
Communication protocol: sending message...
Request 10
depth,features_per_partition,c1,c2,c3,c4,c5,c6
7,2,0.0,0.5,0.0,0.0,0.5,0.6
9,2,0.0,0.5,0.0,0.0,0.5,0.8
9,2,0.0,0.75,0.0,0.25,0.5,0.8
7,2,0.0,0.0,0.25,0.0,0.5,0.8
9,2,0.0,1.0,0.25,0.0,0.75,0.8
9,2,0.75,0.75,0.0,0.25,0.5,0.6
9,2,0.0,0.75,0.5,0.25,1.0,0.8
9,2,0.0,0.75,0.75,0.0,0.5,0.6
9,2,0.25,1.0,1.0,0.0,0.75,0.8
9,2,0.5,1.0,0.0,0.25,0.0,0.6
Communication protocol: receiving message....
depth,features_per_partition,c1,c2,c3,c4,c5,c6,f1_score,num_flows
7,2,0.0,0.5,0.0,0.0,0.5,0.6,-0.2673279995218917,-491520.0
9,2,0.0,0.5,0.0,0.0,0.5,0.8,-0.43413618683001515,-491520.0
9,2,0.0,0.75,0.0,0.25,0.5,0.8,-0.41116319475142077,-491520.0
7,2,0.0,0.0,0.25,0.0,0.5,0.8,-0.29240768780030374,-491520.0
9,2,0.0,1.0,0.25,0.0,0.75,0.8,-0.3311422958408216,-491520.0
9,2,0.75,0.75,0.0,0.25,0.5,0.6,-0.2559854162297689,-491520.0
9,2,0.0,0.75,0.5,0.25,1.0,0.8,-0.41226139550937135,-491520.0
9,2,0.0,0.75,0.75,0.0,0.5,0.6,-0.41116319475142077,-491520.0
9,2,0.25,1.0,1.0,0.0,0.75,0.8,-0.20430314302827862,-491520.0
9,2,0.5,1.0,0.0,0.25,0.0,0.6,-0.20430314302827862,-491520.0
Black box function time   869.1337 sec
Total iteration time   883.4856 sec
Starting optimization iteration 7
End of training - Time       0.15 sec
Model fitting time     0.1527 sec
Total RS time     0.0592 sec
Optimization function time     0.5550 sec
Starting local search iteration: , #configs:30
0, 
1, 
2, 
3, 
4, 
5, 
6, 
7, 
8, 
9, 
10, 
11, 
12, 
13, 
14, 
15, 
16, 
17, 
18, 
19, 
20, 
21, 
22, 
23, 
24, 
25, 
26, 
27, 
28, 
29, 
Multi-start LS time     0.5573 sec
MSLS time     0.6378 sec
Local search time     1.2600 sec
Total iteration time     1.4160 sec
End of training - Time       0.07 sec
Model fitting time     0.0732 sec
Total RS time     0.0532 sec
Optimization function time     0.5187 sec
Starting local search iteration: , #configs:30
0, 
1, 
2, 
3, 
4, 
5, 
6, 
7, 
8, 
9, 
10, 
11, 
12, 
13, 
14, 
15, 
16, 
17, 
18, 
19, 
20, 
21, 
22, 
23, 
24, 
25, 
26, 
27, 
28, 
29, 
Multi-start LS time     0.4982 sec
MSLS time     0.5815 sec
Local search time     1.1615 sec
Total iteration time     2.6534 sec
End of training - Time       0.07 sec
Model fitting time     0.0686 sec
Total RS time     0.0530 sec
Optimization function time     0.5165 sec
Starting local search iteration: , #configs:30
0, 
1, 
2, 
3, 
4, 
5, 
6, 
7, 
8, 
9, 
10, 
11, 
12, 
13, 
14, 
15, 
16, 
17, 
18, 
19, 
20, 
21, 
22, 
23, 
24, 
25, 
26, 
27, 
28, 
29, 
Multi-start LS time     0.4680 sec
MSLS time     0.5484 sec
Local search time     1.1243 sec
Total iteration time     3.8490 sec
End of training - Time       0.07 sec
Model fitting time     0.0726 sec
Total RS time     0.1106 sec
Optimization function time     0.4781 sec
Starting local search iteration: , #configs:30
0, 
1, 
2, 
3, 
4, 
5, 
6, 
7, 
8, 
9, 
10, 
11, 
12, 
13, 
14, 
15, 
16, 
17, 
18, 
19, 
20, 
21, 
22, 
23, 
24, 
25, 
26, 
27, 
28, 
29, 
Multi-start LS time     0.6223 sec
MSLS time     0.7035 sec
Local search time     1.3001 sec
Total iteration time     5.2244 sec
End of training - Time       0.07 sec
Model fitting time     0.0724 sec
Total RS time     0.0534 sec
Optimization function time     0.5682 sec
Starting local search iteration: , #configs:30
0, 
1, 
2, 
3, 
4, 
5, 
6, 
7, 
8, 
9, 
10, 
11, 
12, 
13, 
14, 
15, 
16, 
17, 
18, 
19, 
20, 
21, 
22, 
23, 
24, 
25, 
26, 
27, 
28, 
29, 
Multi-start LS time     0.5018 sec
MSLS time     0.5835 sec
Local search time     1.2130 sec
Total iteration time     6.5125 sec
End of training - Time       0.07 sec
Model fitting time     0.0746 sec
Total RS time     0.0531 sec
Optimization function time     0.5515 sec
Starting local search iteration: , #configs:30
0, 
1, 
2, 
3, 
4, 
5, 
6, 
7, 
8, 
9, 
10, 
11, 
12, 
13, 
14, 
15, 
16, 
17, 
18, 
19, 
20, 
21, 
22, 
23, 
24, 
25, 
26, 
27, 
28, 
29, 
Multi-start LS time     0.4864 sec
MSLS time     0.5681 sec
Local search time     1.1808 sec
Total iteration time     7.7707 sec
End of training - Time       0.08 sec
Model fitting time     0.0782 sec
0.08279781392293772 < 0.1 random sampling a configuration to run
Local search time     0.0006 sec
Total iteration time     7.8516 sec
End of training - Time       0.08 sec
Model fitting time     0.0763 sec
0.0487085041717874 < 0.1 random sampling a configuration to run
Local search time     0.0006 sec
Total iteration time     7.9305 sec
End of training - Time       0.08 sec
Model fitting time     0.0765 sec
Total RS time     0.0541 sec
Optimization function time     0.5493 sec
Starting local search iteration: , #configs:30
0, 
1, 
2, 
3, 
4, 
5, 
6, 
7, 
8, 
9, 
10, 
11, 
12, 
13, 
14, 
15, 
16, 
17, 
18, 
19, 
20, 
21, 
22, 
23, 
24, 
25, 
26, 
27, 
28, 
29, 
Multi-start LS time     0.4994 sec
MSLS time     0.5806 sec
Local search time     1.1919 sec
Total iteration time     9.2016 sec
End of training - Time       0.08 sec
Model fitting time     0.0771 sec
Total RS time     0.0534 sec
Optimization function time     0.5405 sec
Starting local search iteration: , #configs:30
0, 
1, 
2, 
3, 
4, 
5, 
6, 
7, 
8, 
9, 
10, 
11, 
12, 
13, 
14, 
15, 
16, 
17, 
18, 
19, 
20, 
21, 
22, 
23, 
24, 
25, 
26, 
27, 
28, 
29, 
Multi-start LS time     0.5570 sec
MSLS time     0.6422 sec
Local search time     1.2452 sec
Running on client-server mode.
Communication protocol: sending message...
Request 10
depth,features_per_partition,c1,c2,c3,c4,c5,c6
9,2,0.25,1.0,0.0,0.0,0.5,0.8
9,2,0.25,1.0,0.0,0.0,0.25,0.2
9,2,0.0,1.0,0.75,0.25,0.75,0.2
8,2,0.0,1.0,0.0,0.0,0.5,0.8
9,2,0.0,1.0,0.0,0.0,0.0,0.6
9,2,0.0,1.0,0.0,0.25,0.25,0.6
7,4,0.75,0.25,0.5,0.0,0.75,0.8
5,3,0.0,1.0,0.5,0.75,0.5,0.0
7,2,0.5,1.0,0.0,0.0,0.0,0.0
9,2,0.0,1.0,0.75,0.75,1.0,0.0
Communication protocol: receiving message....
depth,features_per_partition,c1,c2,c3,c4,c5,c6,f1_score,num_flows
9,2,0.25,1.0,0.0,0.0,0.5,0.8,-0.4094363286367109,-491520.0
9,2,0.25,1.0,0.0,0.0,0.25,0.2,-0.4094363286367109,-491520.0
9,2,0.0,1.0,0.75,0.25,0.75,0.2,-0.4288433949161437,-491520.0
8,2,0.0,1.0,0.0,0.0,0.5,0.8,-0.3258609551866087,-491520.0
9,2,0.0,1.0,0.0,0.0,0.0,0.6,-0.3311422958408216,-491520.0
9,2,0.0,1.0,0.0,0.25,0.25,0.6,-0.4145978672736996,-491520.0
7,4,0.75,0.25,0.5,0.0,0.75,0.8,-0.2809304903901045,-294912.0
5,3,0.0,1.0,0.5,0.75,0.5,0.0,-0.13381270166602288,-393216.0
7,2,0.5,1.0,0.0,0.0,0.0,0.0,-0.3593757216976808,-491520.0
9,2,0.0,1.0,0.75,0.75,1.0,0.0,-0.4154861236083026,-491520.0
Black box function time   854.1530 sec
Total iteration time   864.6777 sec
Starting optimization iteration 8
End of training - Time       0.15 sec
Model fitting time     0.1518 sec
Total RS time     0.1082 sec
Optimization function time     0.5996 sec
Starting local search iteration: , #configs:30
0, 
1, 
2, 
3, 
4, 
5, 
6, 
7, 
8, 
9, 
10, 
11, 
12, 
13, 
14, 
15, 
16, 
17, 
18, 
19, 
20, 
21, 
22, 
23, 
24, 
25, 
26, 
27, 
28, 
29, 
Multi-start LS time     0.4858 sec
MSLS time     0.5679 sec
Local search time     1.2835 sec
Total iteration time     1.4387 sec
End of training - Time       0.07 sec
Model fitting time     0.0727 sec
Total RS time     0.0529 sec
Optimization function time     0.5404 sec
Starting local search iteration: , #configs:30
0, 
1, 
2, 
3, 
4, 
5, 
6, 
7, 
8, 
9, 
10, 
11, 
12, 
13, 
14, 
15, 
16, 
17, 
18, 
19, 
20, 
21, 
22, 
23, 
24, 
25, 
26, 
27, 
28, 
29, 
Multi-start LS time     0.4890 sec
MSLS time     0.5713 sec
Local search time     1.1726 sec
Total iteration time     2.6867 sec
End of training - Time       0.07 sec
Model fitting time     0.0749 sec
Total RS time     0.0545 sec
Optimization function time     0.5884 sec
Starting local search iteration: , #configs:30
0, 
1, 
2, 
3, 
4, 
5, 
6, 
7, 
8, 
9, 
10, 
11, 
12, 
13, 
14, 
15, 
16, 
17, 
18, 
19, 
20, 
21, 
22, 
23, 
24, 
25, 
26, 
27, 
28, 
29, 
Multi-start LS time     0.5021 sec
MSLS time     0.5839 sec
Local search time     1.2346 sec
Total iteration time     3.9990 sec
End of training - Time       0.08 sec
Model fitting time     0.0794 sec
Total RS time     0.0552 sec
Optimization function time     0.5624 sec
Starting local search iteration: , #configs:30
0, 
1, 
2, 
3, 
4, 
5, 
6, 
7, 
8, 
9, 
10, 
11, 
12, 
13, 
14, 
15, 
16, 
17, 
18, 
19, 
20, 
21, 
22, 
23, 
24, 
25, 
26, 
27, 
28, 
29, 
Multi-start LS time     0.5462 sec
MSLS time     0.6262 sec
Local search time     1.2507 sec
Total iteration time     5.3317 sec
End of training - Time       0.08 sec
Model fitting time     0.0754 sec
Total RS time     0.0528 sec
Optimization function time     0.5350 sec
Starting local search iteration: , #configs:30
0, 
1, 
2, 
3, 
4, 
5, 
6, 
7, 
8, 
9, 
10, 
11, 
12, 
13, 
14, 
15, 
16, 
17, 
18, 
19, 
20, 
21, 
22, 
23, 
24, 
25, 
26, 
27, 
28, 
29, 
Multi-start LS time     0.5107 sec
MSLS time     0.5911 sec
Local search time     1.1870 sec
Total iteration time     6.5970 sec
End of training - Time       0.08 sec
Model fitting time     0.0768 sec
Total RS time     0.0529 sec
Optimization function time     0.6049 sec
Starting local search iteration: , #configs:30
0, 
1, 
2, 
3, 
4, 
5, 
6, 
7, 
8, 
9, 
10, 
11, 
12, 
13, 
14, 
15, 
16, 
17, 
18, 
19, 
20, 
21, 
22, 
23, 
24, 
25, 
26, 
27, 
28, 
29, 
Multi-start LS time     0.4883 sec
MSLS time     0.5726 sec
Local search time     1.2386 sec
Total iteration time     7.9152 sec
End of training - Time       0.07 sec
Model fitting time     0.0743 sec
Total RS time     0.0536 sec
Optimization function time     0.5603 sec
Starting local search iteration: , #configs:30
0, 
1, 
2, 
3, 
4, 
5, 
6, 
7, 
8, 
9, 
10, 
11, 
12, 
13, 
14, 
15, 
16, 
17, 
18, 
19, 
20, 
21, 
22, 
23, 
24, 
25, 
26, 
27, 
28, 
29, 
Multi-start LS time     0.4972 sec
MSLS time     0.5792 sec
Local search time     1.2012 sec
Total iteration time     9.1934 sec
End of training - Time       0.07 sec
Model fitting time     0.0742 sec
Total RS time     0.0527 sec
Optimization function time     0.4978 sec
Starting local search iteration: , #configs:30
0, 
1, 
2, 
3, 
4, 
5, 
6, 
7, 
8, 
9, 
10, 
11, 
12, 
13, 
14, 
15, 
16, 
17, 
18, 
19, 
20, 
21, 
22, 
23, 
24, 
25, 
26, 
27, 
28, 
29, 
Multi-start LS time     0.4744 sec
MSLS time     0.5845 sec
Local search time     1.1419 sec
Total iteration time    10.4121 sec
End of training - Time       0.08 sec
Model fitting time     0.0762 sec
Total RS time     0.0525 sec
Optimization function time     0.5278 sec
Starting local search iteration: , #configs:30
0, 
1, 
2, 
3, 
4, 
5, 
6, 
7, 
8, 
9, 
10, 
11, 
12, 
13, 
14, 
15, 
16, 
17, 
18, 
19, 
20, 
21, 
22, 
23, 
24, 
25, 
26, 
27, 
28, 
29, 
Multi-start LS time     0.5223 sec
MSLS time     0.6554 sec
Local search time     1.2431 sec
Total iteration time    11.7340 sec
End of training - Time       0.08 sec
Model fitting time     0.0752 sec
Total RS time     0.0528 sec
Optimization function time     0.5046 sec
Starting local search iteration: , #configs:30
0, 
1, 
2, 
3, 
4, 
5, 
6, 
7, 
8, 
9, 
10, 
11, 
12, 
13, 
14, 
15, 
16, 
17, 
18, 
19, 
20, 
21, 
22, 
23, 
24, 
25, 
26, 
27, 
28, 
29, 
Multi-start LS time     0.4801 sec
MSLS time     0.5626 sec
Local search time     1.1267 sec
Running on client-server mode.
Communication protocol: sending message...
Request 10
depth,features_per_partition,c1,c2,c3,c4,c5,c6
7,2,0.0,0.5,0.0,1.0,0.5,0.4
7,3,0.5,0.0,0.0,1.0,0.5,0.0
7,2,0.75,0.0,0.0,1.0,0.5,0.8
7,3,0.5,0.0,0.0,0.25,0.5,0.0
8,2,0.75,0.5,0.0,1.0,0.5,0.6
9,2,0.0,0.5,0.0,1.0,0.5,0.8
8,2,0.75,0.25,0.0,1.0,1.0,0.8
9,2,0.0,0.25,0.0,0.25,0.5,0.8
9,2,0.0,0.5,0.0,0.25,0.75,0.8
9,2,1.0,0.0,0.25,1.0,0.5,0.0
Communication protocol: receiving message....
depth,features_per_partition,c1,c2,c3,c4,c5,c6,f1_score,num_flows
7,2,0.0,0.5,0.0,1.0,0.5,0.4,-0.28313587190774026,-491520.0
7,3,0.5,0.0,0.0,1.0,0.5,0.0,-0.36223439626864606,-393216.0
7,2,0.75,0.0,0.0,1.0,0.5,0.8,-0.18032149134216546,-491520.0
7,3,0.5,0.0,0.0,0.25,0.5,0.0,-0.20784457071947351,-393216.0
8,2,0.75,0.5,0.0,1.0,0.5,0.6,-0.36021884813136834,-491520.0
9,2,0.0,0.5,0.0,1.0,0.5,0.8,-0.43413618683001515,-491520.0
8,2,0.75,0.25,0.0,1.0,1.0,0.8,-0.28269858532689623,-491520.0
9,2,0.0,0.25,0.0,0.25,0.5,0.8,-0.37962427142451083,-491520.0
9,2,0.0,0.5,0.0,0.25,0.75,0.8,-0.3019639445970583,-491520.0
9,2,1.0,0.0,0.25,1.0,0.5,0.0,-0.41126534144735205,-491520.0
Black box function time   893.3470 sec
Total iteration time   906.2838 sec
Starting optimization iteration 9
End of training - Time       0.07 sec
Model fitting time     0.0731 sec
Total RS time     0.0532 sec
Optimization function time     0.5450 sec
Starting local search iteration: , #configs:30
0, 
1, 
2, 
3, 
4, 
5, 
6, 
7, 
8, 
9, 
10, 
11, 
12, 
13, 
14, 
15, 
16, 
17, 
18, 
19, 
20, 
21, 
22, 
23, 
24, 
25, 
26, 
27, 
28, 
29, 
Multi-start LS time     0.4962 sec
MSLS time     0.5769 sec
Local search time     1.1827 sec
Total iteration time     1.2584 sec
End of training - Time       0.07 sec
Model fitting time     0.0744 sec
Total RS time     0.0524 sec
Optimization function time     0.5330 sec
Starting local search iteration: , #configs:30
0, 
1, 
2, 
3, 
4, 
5, 
6, 
7, 
8, 
9, 
10, 
11, 
12, 
13, 
14, 
15, 
16, 
17, 
18, 
19, 
20, 
21, 
22, 
23, 
24, 
25, 
26, 
27, 
28, 
29, 
Multi-start LS time     0.4789 sec
MSLS time     0.5599 sec
Local search time     1.1521 sec
Total iteration time     2.4876 sec
End of training - Time       0.08 sec
Model fitting time     0.0768 sec
Total RS time     0.0517 sec
Optimization function time     0.5344 sec
Starting local search iteration: , #configs:30
0, 
1, 
2, 
3, 
4, 
5, 
6, 
7, 
8, 
9, 
10, 
11, 
12, 
13, 
14, 
15, 
16, 
17, 
18, 
19, 
20, 
21, 
22, 
23, 
24, 
25, 
26, 
27, 
28, 
29, 
Multi-start LS time     0.4817 sec
MSLS time     0.5618 sec
Local search time     1.1548 sec
Total iteration time     3.7217 sec
End of training - Time       0.08 sec
Model fitting time     0.0799 sec
Total RS time     0.0514 sec
Optimization function time     0.5490 sec
Starting local search iteration: , #configs:30
0, 
1, 
2, 
3, 
4, 
5, 
6, 
7, 
8, 
9, 
10, 
11, 
12, 
13, 
14, 
15, 
16, 
17, 
18, 
19, 
20, 
21, 
22, 
23, 
24, 
25, 
26, 
27, 
28, 
29, 
Multi-start LS time     0.4979 sec
MSLS time     0.5819 sec
Local search time     1.1892 sec
Total iteration time     4.9934 sec
End of training - Time       0.08 sec
Model fitting time     0.0777 sec
0.08774654070491716 < 0.1 random sampling a configuration to run
Local search time     0.0006 sec
Total iteration time     5.0738 sec
End of training - Time       0.08 sec
Model fitting time     0.0765 sec
Total RS time     0.0519 sec
Optimization function time     0.5272 sec
Starting local search iteration: , #configs:30
0, 
1, 
2, 
3, 
4, 
5, 
6, 
7, 
8, 
9, 
10, 
11, 
12, 
13, 
14, 
15, 
16, 
17, 
18, 
19, 
20, 
21, 
22, 
23, 
24, 
25, 
26, 
27, 
28, 
29, 
Multi-start LS time     0.4679 sec
MSLS time     0.5503 sec
Local search time     1.1365 sec
Total iteration time     6.2892 sec
End of training - Time       0.08 sec
Model fitting time     0.0788 sec
Total RS time     0.0514 sec
Optimization function time     0.5233 sec
Starting local search iteration: , #configs:30
0, 
1, 
2, 
3, 
4, 
5, 
6, 
7, 
8, 
9, 
10, 
11, 
12, 
13, 
14, 
15, 
16, 
17, 
18, 
19, 
20, 
21, 
22, 
23, 
24, 
25, 
26, 
27, 
28, 
29, 
Multi-start LS time     0.4676 sec
MSLS time     0.5516 sec
Local search time     1.1332 sec
Total iteration time     7.5038 sec
End of training - Time       0.08 sec
Model fitting time     0.0804 sec
Total RS time     0.0518 sec
Optimization function time     0.4752 sec
Starting local search iteration: , #configs:30
0, 
1, 
2, 
3, 
4, 
5, 
6, 
7, 
8, 
9, 
10, 
11, 
12, 
13, 
14, 
15, 
16, 
17, 
18, 
19, 
20, 
21, 
22, 
23, 
24, 
25, 
26, 
27, 
28, 
29, 
Multi-start LS time     0.4966 sec
MSLS time     0.5754 sec
Local search time     1.1101 sec
Total iteration time     8.6970 sec
End of training - Time       0.08 sec
Model fitting time     0.0787 sec
Total RS time     0.0521 sec
Optimization function time     0.5247 sec
Starting local search iteration: , #configs:30
0, 
1, 
2, 
3, 
4, 
5, 
6, 
7, 
8, 
9, 
10, 
11, 
12, 
13, 
14, 
15, 
16, 
17, 
18, 
19, 
20, 
21, 
22, 
23, 
24, 
25, 
26, 
27, 
28, 
29, 
Multi-start LS time     0.5044 sec
MSLS time     0.5846 sec
Local search time     1.1691 sec
Total iteration time     9.9476 sec
End of training - Time       0.08 sec
Model fitting time     0.0820 sec
Total RS time     0.0530 sec
Optimization function time     0.5416 sec
Starting local search iteration: , #configs:30
0, 
1, 
2, 
3, 
4, 
5, 
6, 
7, 
8, 
9, 
10, 
11, 
12, 
13, 
14, 
15, 
16, 
17, 
18, 
19, 
20, 
21, 
22, 
23, 
24, 
25, 
26, 
27, 
28, 
29, 
Multi-start LS time     0.5380 sec
MSLS time     0.6180 sec
Local search time     1.2205 sec
Running on client-server mode.
Communication protocol: sending message...
Request 10
depth,features_per_partition,c1,c2,c3,c4,c5,c6
9,2,0.0,1.0,1.0,0.0,0.75,0.2
9,2,0.0,0.75,1.0,0.25,0.0,0.2
9,3,0.0,0.75,1.0,0.25,0.0,0.4
9,3,0.0,0.75,0.5,0.75,0.0,0.4
8,4,0.25,0.25,0.5,0.5,0.0,0.8
8,2,0.0,0.0,1.0,0.0,0.75,0.0
9,2,0.0,0.0,1.0,0.0,0.0,0.6
7,2,0.25,0.0,0.25,0.0,0.0,0.6
7,2,0.0,0.0,0.25,0.0,1.0,0.0
9,2,0.25,0.0,0.75,0.0,0.0,0.0
Communication protocol: receiving message....
Key Error while getting the random configurations results.
The key HyperMapper was looking for is: depth
The headers received are: ['']
The input-ouput parameters specified in the json are: ['depth', 'features_per_partition', 'c1', 'c2', 'c3', 'c4', 'c5', 'c6', 'f1_score', 'num_flows', 'Timestamp']
