{'application_name': 'UCSBFinetuning-PCAPS0-f10', 'hypermapper_mode': {'mode': 'client-server'}, 'design_of_experiment': {'doe_type': 'random sampling', 'number_of_samples': 200}, 'output_data_file': '/home/annuszulfiqar/research/NetEye/dt-framework/results/hypermapper-bayesian_optimization-UCSBFinetuning-PCAPS0-f10-2024-12-10-15:18:09/output_samples.csv', 'log_file': '/home/annuszulfiqar/research/NetEye/dt-framework/results/hypermapper-bayesian_optimization-UCSBFinetuning-PCAPS0-f10-2024-12-10-15:18:09/hypermapper_log.log', 'input_parameters': {'depth': {'parameter_type': 'integer', 'values': [5, 50], 'prior': 'uniform', 'custom_gaussian_prior_means': False, 'custom_gaussian_prior_stds': False}, 'features_per_partition': {'parameter_type': 'ordinal', 'values': [1], 'prior': 'uniform', 'custom_gaussian_prior_means': False, 'custom_gaussian_prior_stds': False}, 'c1': {'parameter_type': 'ordinal', 'values': [0.0, 0.25, 0.5, 0.75, 1.0], 'prior': 'uniform', 'custom_gaussian_prior_means': False, 'custom_gaussian_prior_stds': False}, 'c2': {'parameter_type': 'ordinal', 'values': [0.0, 0.25, 0.5, 0.75, 1.0], 'prior': 'uniform', 'custom_gaussian_prior_means': False, 'custom_gaussian_prior_stds': False}, 'c3': {'parameter_type': 'ordinal', 'values': [0.0, 0.25, 0.5, 0.75, 1.0], 'prior': 'uniform', 'custom_gaussian_prior_means': False, 'custom_gaussian_prior_stds': False}, 'c4': {'parameter_type': 'ordinal', 'values': [0.0, 0.25, 0.5, 0.75, 1.0], 'prior': 'uniform', 'custom_gaussian_prior_means': False, 'custom_gaussian_prior_stds': False}, 'c5': {'parameter_type': 'ordinal', 'values': [0.0, 0.25, 0.5, 0.75, 1.0], 'prior': 'uniform', 'custom_gaussian_prior_means': False, 'custom_gaussian_prior_stds': False}, 'c6': {'parameter_type': 'ordinal', 'values': [0.0, 0.2, 0.4, 0.6, 0.8], 'prior': 'uniform', 'custom_gaussian_prior_means': False, 'custom_gaussian_prior_stds': False}}, 'optimization_objectives': ['f1_score', 'num_flows'], 'optimization_iterations': 500, 'evaluations_per_optimization_iteration': 10, 'optimization_method': 'bayesian_optimization', 'acquisition_function': 'EI', 'scalarization_method': 'tchebyshev', 'verbose_logging': False, 'profiling': False, 'noise': True, 'profiling_file': 'profiles/profile.csv', 'append_profiles': False, 'number_of_cpus': 0, 'max_number_of_predictions': 1000000, 'time_budget': -1, 'number_of_repetitions': 1, 'models': {'model': 'random_forest', 'number_of_trees': 10, 'max_features': 0.5, 'bootstrap': False, 'min_samples_split': 5}, 'output_image': {'output_image_pdf_file': 'output_pareto.pdf', 'image_xlog': False, 'image_ylog': False}, 'feasible_output': {'name': 'Valid', 'true_value': 'True', 'false_value': 'False', 'enable_feasible_predictor': False, 'enable_feasible_predictor_grid_search_on_recall_and_precision': False, 'feasible_predictor_grid_search_validation_file': '/home/lnardi/spatial-lang/results/apps_classification_test_set/BlackScholes.csv'}, 'timestamp': 'Timestamp', 'run_directory': '.', 'output_pareto_file': 'output_pareto.csv', 'weight_sampling': 'flat', 'bounding_box_limits': [0, 1], 'local_search_starting_points': 10, 'local_search_random_points': 10000, 'local_search_evaluation_limit': -1, 'scalarization_key': 'scalarization', 'local_search_scalarization_weights': [1], 'print_parameter_importance': False, 'normalize_inputs': False, 'epsilon_greedy_threshold': 0.1, 'prior_method': 'pibo', 'prior_beta': -1, 'prior_floor': 1e-06, 'model_posterior_weight': 10, 'model_good_quantile': 0.05, 'prior_estimation_file': 'samples.csv', 'prior_estimation_quantile': 0.1, 'estimate_multivariate_priors': False, 'resume_optimization': False, 'resume_optimization_data': 'output_samples.csv', 'bandwidth_parameter': 0, 'bandwidth_n_factor': 100, 'prior_limit_estimation_points': 10000, 'posterior_computation_lower_limit': 1e-08, 'custom_gaussian_prior_means': [0], 'custom_gaussian_prior_stds': [-1], 'acquisition_function_optimizer': 'local_search', 'evolution_population_size': 50, 'evolution_generations': 150, 'mutation_rate': 1, 'evolution_crossover': False, 'regularize_evolution': False, 'batch_size': 2, 'print_best': 'auto', 'print_posterior_best': False, 'cma_es_sigma': 0.2, 'cma_es_starting_points': 1, 'cma_es_random_points': 10000}
Design of experiment phase, number of new doe samples = 200 .......
Running on client-server mode.
Communication protocol: sending message...
Request 200
depth,features_per_partition,c1,c2,c3,c4,c5,c6
22,1,0.25,0.75,0.25,0.75,0.75,0.0
43,1,0.5,0.75,0.25,0.5,0.75,0.0
48,1,0.25,0.75,1.0,0.5,0.25,0.4
9,1,0.0,0.5,1.0,1.0,1.0,0.0
20,1,0.25,0.75,0.5,0.25,0.75,0.8
43,1,0.75,0.25,0.0,1.0,0.75,0.0
20,1,0.25,0.5,0.0,0.75,0.25,0.0
41,1,0.25,0.0,0.75,0.75,0.75,0.6
15,1,0.75,0.75,1.0,0.25,1.0,0.8
22,1,0.0,0.25,0.5,0.25,0.0,0.4
15,1,1.0,0.75,0.5,0.5,0.75,0.2
35,1,0.5,0.0,0.75,0.0,0.5,0.8
45,1,0.75,0.0,0.75,0.0,0.0,0.0
50,1,1.0,0.5,0.0,0.0,0.0,0.2
5,1,0.25,0.5,0.25,1.0,0.25,0.4
40,1,0.75,0.75,0.75,0.0,0.75,0.6
6,1,0.75,0.0,0.75,0.5,1.0,0.0
14,1,1.0,1.0,0.25,0.25,0.0,0.0
27,1,0.25,1.0,0.5,0.25,0.0,0.8
25,1,1.0,0.0,0.0,0.0,0.0,0.4
26,1,0.25,0.0,0.5,0.75,0.25,0.8
10,1,0.75,0.5,1.0,0.0,0.75,0.6
49,1,0.5,0.75,0.0,0.5,1.0,0.6
8,1,0.0,0.5,0.75,1.0,0.5,0.2
14,1,0.25,0.25,0.25,0.25,0.75,0.6
22,1,1.0,0.75,0.75,0.0,0.25,0.4
45,1,0.75,1.0,0.75,0.75,0.0,0.8
44,1,0.0,0.0,0.5,1.0,0.25,0.0
9,1,1.0,0.75,0.75,0.25,0.0,0.4
38,1,0.25,0.75,0.25,1.0,0.25,0.6
18,1,1.0,0.5,0.5,1.0,0.5,0.0
19,1,0.0,0.25,0.25,0.0,0.75,0.4
15,1,0.25,0.75,0.5,1.0,1.0,0.2
13,1,0.25,0.0,0.0,0.5,0.75,0.6
50,1,0.5,0.5,0.75,1.0,0.75,0.0
34,1,1.0,0.0,0.0,0.0,0.25,0.4
24,1,0.75,0.75,0.0,0.5,0.75,0.8
34,1,0.0,0.25,0.5,1.0,1.0,0.6
13,1,0.25,0.0,0.75,1.0,0.0,0.6
8,1,1.0,0.25,0.75,0.5,0.75,0.2
27,1,0.25,1.0,0.75,0.25,1.0,0.4
9,1,0.25,1.0,0.5,0.5,0.5,0.8
12,1,0.75,1.0,0.5,1.0,0.0,0.8
25,1,1.0,1.0,1.0,0.0,0.0,0.2
41,1,0.0,0.0,0.25,0.75,0.75,0.0
41,1,0.25,0.75,0.5,0.5,0.75,0.4
15,1,0.75,0.0,0.25,0.5,0.0,0.0
35,1,0.25,1.0,0.0,0.25,0.5,0.2
48,1,0.5,1.0,1.0,1.0,0.25,0.4
28,1,0.25,0.25,0.0,0.5,0.5,0.4
9,1,1.0,0.75,1.0,0.5,0.75,0.0
24,1,0.25,0.25,0.5,0.75,0.75,0.4
5,1,1.0,0.0,0.0,0.5,0.5,0.4
11,1,0.5,0.25,0.75,1.0,1.0,0.4
34,1,0.0,0.0,0.75,1.0,0.0,0.6
29,1,0.25,1.0,0.75,0.0,1.0,0.8
12,1,0.75,0.25,0.0,0.25,0.75,0.8
7,1,0.75,0.25,0.0,0.0,0.75,0.6
46,1,0.75,0.0,1.0,0.25,1.0,0.2
24,1,1.0,0.25,1.0,0.75,0.25,0.2
27,1,1.0,0.5,0.5,0.75,0.5,0.0
48,1,0.5,0.0,0.25,0.0,0.25,0.2
31,1,1.0,0.75,0.75,0.25,0.25,0.8
46,1,1.0,0.5,1.0,0.0,0.25,0.6
30,1,0.0,0.5,0.5,0.25,0.5,0.8
40,1,0.5,0.0,1.0,1.0,1.0,0.2
42,1,0.25,0.0,0.5,1.0,1.0,0.8
16,1,0.75,0.25,0.75,0.5,0.25,0.6
33,1,0.5,1.0,1.0,0.5,1.0,0.4
15,1,1.0,0.25,0.5,0.0,0.5,0.2
48,1,0.5,0.25,0.0,0.25,0.25,0.0
19,1,0.0,0.0,0.0,0.5,0.5,0.0
36,1,0.75,0.5,0.25,1.0,0.25,0.8
13,1,1.0,0.75,0.25,1.0,0.5,0.2
6,1,0.75,0.0,0.75,0.0,1.0,0.8
42,1,0.25,0.5,0.5,1.0,0.75,0.6
36,1,0.25,1.0,0.25,0.25,0.5,0.4
10,1,0.0,0.25,0.0,1.0,0.0,0.2
29,1,0.0,0.5,1.0,1.0,0.0,0.0
25,1,0.0,0.5,0.5,0.75,1.0,0.4
25,1,0.75,0.25,0.5,1.0,0.0,0.0
22,1,0.5,0.0,1.0,1.0,0.0,0.0
45,1,0.75,1.0,0.25,1.0,0.0,0.8
13,1,0.75,0.25,0.0,1.0,0.25,0.8
8,1,0.25,0.0,1.0,0.75,0.25,0.0
27,1,0.75,1.0,0.75,0.5,0.25,0.4
9,1,0.5,0.5,0.0,0.0,0.75,0.0
32,1,0.75,0.5,0.25,0.0,1.0,0.0
46,1,0.25,0.75,0.0,0.0,0.75,0.0
37,1,0.75,0.0,0.25,0.75,0.5,0.4
8,1,1.0,0.75,0.0,0.25,0.5,0.0
47,1,0.0,0.75,1.0,0.75,0.0,0.2
32,1,0.75,0.25,0.75,0.0,0.5,0.2
41,1,0.25,0.25,0.75,0.5,0.5,0.0
28,1,0.0,0.25,1.0,0.5,0.25,0.4
17,1,0.25,0.25,1.0,0.75,0.75,0.2
36,1,0.0,0.75,0.25,1.0,0.75,0.6
20,1,0.75,1.0,0.5,1.0,0.75,0.2
39,1,0.25,0.0,1.0,0.25,0.0,0.0
38,1,0.5,0.75,0.25,0.25,1.0,0.6
18,1,0.25,0.5,0.0,0.0,0.75,0.8
30,1,0.25,0.75,0.75,0.75,0.5,0.2
9,1,0.5,0.5,0.0,1.0,0.25,0.2
23,1,1.0,0.0,1.0,0.75,0.25,0.2
20,1,0.5,0.5,1.0,0.75,1.0,0.0
32,1,0.75,0.25,0.5,0.5,1.0,0.0
16,1,1.0,0.5,0.5,0.25,0.25,0.8
50,1,0.5,0.5,0.5,0.0,0.25,0.0
36,1,0.5,1.0,0.0,0.25,0.5,0.6
21,1,0.25,0.25,1.0,0.75,1.0,0.8
22,1,1.0,1.0,1.0,0.25,1.0,0.8
37,1,0.75,0.0,0.0,0.25,0.75,0.4
48,1,0.5,0.0,0.0,0.75,0.0,0.0
11,1,0.25,0.5,0.0,0.5,0.5,0.0
10,1,0.25,1.0,0.25,0.5,0.75,0.2
45,1,0.5,0.0,0.75,0.25,0.75,0.6
24,1,1.0,1.0,0.25,0.5,1.0,0.2
10,1,0.0,0.0,0.25,0.0,1.0,0.8
29,1,0.0,0.5,0.5,1.0,0.5,0.0
13,1,0.0,0.25,0.0,0.0,0.5,0.0
7,1,0.5,0.75,0.75,0.75,0.75,0.0
46,1,0.0,0.5,1.0,0.5,0.0,0.4
48,1,1.0,1.0,0.0,1.0,0.75,0.8
7,1,0.25,0.25,0.25,0.25,0.0,0.0
46,1,0.25,1.0,0.25,0.0,0.25,0.2
24,1,0.0,0.5,0.5,1.0,0.0,0.8
14,1,0.25,0.25,0.75,0.25,0.75,0.4
50,1,1.0,1.0,0.25,0.25,1.0,0.8
47,1,0.0,1.0,0.5,0.5,0.5,0.0
32,1,0.25,0.0,0.75,0.0,0.5,0.2
36,1,0.5,0.0,0.5,0.75,0.75,0.0
28,1,0.5,1.0,0.25,0.5,0.75,0.2
27,1,1.0,0.25,0.25,0.0,0.5,0.8
13,1,0.25,0.0,0.75,0.5,0.5,0.2
38,1,0.25,0.5,0.0,0.5,0.25,0.0
45,1,0.5,0.0,0.5,0.25,1.0,0.8
32,1,0.0,0.25,0.5,0.25,0.25,0.8
28,1,0.25,1.0,0.0,0.75,0.0,0.8
45,1,1.0,0.0,0.0,0.5,0.5,0.0
37,1,0.25,0.75,0.5,0.5,0.5,0.4
48,1,0.75,0.75,1.0,1.0,0.25,0.4
7,1,0.75,0.25,0.25,1.0,1.0,0.6
43,1,0.0,0.5,0.75,0.75,0.0,0.6
31,1,0.25,0.5,0.25,0.25,1.0,0.8
32,1,1.0,1.0,0.75,0.5,1.0,0.2
26,1,0.0,1.0,1.0,1.0,0.0,0.0
41,1,1.0,0.5,0.25,1.0,0.5,0.0
16,1,0.5,1.0,0.75,0.5,0.0,0.6
10,1,0.0,1.0,0.75,1.0,0.25,0.2
35,1,0.0,0.75,1.0,1.0,0.0,0.2
46,1,0.25,0.0,0.0,0.5,0.5,0.0
13,1,0.25,0.0,0.75,1.0,1.0,0.2
31,1,0.75,0.75,0.0,0.0,1.0,0.6
12,1,0.25,0.0,0.0,0.25,0.25,0.4
28,1,0.5,0.25,0.0,0.25,0.25,0.4
14,1,0.25,0.75,0.75,1.0,0.75,0.8
31,1,0.25,0.0,0.25,0.0,0.75,0.0
31,1,0.5,0.25,0.0,0.25,1.0,0.0
42,1,0.25,0.5,1.0,0.0,0.25,0.6
49,1,0.25,0.75,0.25,0.25,0.75,0.4
49,1,0.0,0.75,1.0,0.25,0.0,0.2
41,1,0.75,0.5,1.0,1.0,0.25,0.6
31,1,0.25,0.75,0.25,1.0,0.25,0.2
48,1,0.75,0.25,1.0,1.0,0.75,0.2
6,1,1.0,1.0,0.5,0.75,0.5,0.8
18,1,0.75,0.5,0.25,0.25,0.75,0.4
11,1,0.0,1.0,0.5,0.75,0.0,0.4
22,1,0.75,0.0,1.0,0.75,0.75,0.8
10,1,0.75,0.0,0.0,0.25,0.5,0.0
7,1,1.0,0.0,0.0,0.5,0.5,0.6
44,1,0.25,0.25,0.75,0.75,0.0,0.6
26,1,0.0,0.5,0.5,0.0,0.75,0.8
38,1,0.0,0.5,0.75,0.0,0.0,0.8
8,1,0.75,0.25,1.0,0.5,0.5,0.8
19,1,1.0,0.25,0.0,1.0,1.0,0.2
43,1,0.75,0.5,0.0,0.75,0.75,0.0
43,1,0.5,1.0,0.5,1.0,0.5,0.6
13,1,0.5,0.0,0.75,0.0,0.5,0.0
28,1,0.0,0.25,0.75,0.0,1.0,0.8
21,1,0.25,0.25,0.5,0.75,1.0,0.4
11,1,0.75,0.25,0.5,0.0,1.0,0.2
48,1,0.75,0.25,0.0,0.25,0.25,0.0
41,1,0.0,0.75,0.0,1.0,0.0,0.4
12,1,0.5,0.25,0.75,1.0,0.5,0.6
43,1,0.25,0.5,1.0,0.5,0.0,0.4
15,1,0.5,0.0,0.0,0.25,0.25,0.2
8,1,0.75,0.5,1.0,0.5,0.0,0.2
42,1,0.75,0.25,1.0,0.0,0.5,0.0
28,1,0.5,0.0,0.75,0.75,0.5,0.0
11,1,0.5,0.25,0.0,0.25,0.25,0.8
7,1,1.0,0.25,1.0,1.0,0.75,0.4
15,1,0.0,1.0,0.0,1.0,0.25,0.2
23,1,0.0,1.0,0.5,0.25,1.0,0.2
28,1,0.25,0.25,0.25,0.25,1.0,0.2
12,1,0.0,1.0,1.0,1.0,0.75,0.4
40,1,0.0,0.0,1.0,1.0,0.25,0.6
13,1,0.0,0.25,1.0,0.5,0.25,0.2
15,1,1.0,0.25,0.75,0.25,0.0,0.8
20,1,1.0,0.75,1.0,1.0,0.75,0.2
48,1,1.0,0.5,0.0,0.5,0.25,0.6
Communication protocol: receiving message....
depth,features_per_partition,c1,c2,c3,c4,c5,c6,f1_score,num_flows
22,1,0.25,0.75,0.25,0.75,0.75,0.0,-0.25249043580788727,-786432.0
43,1,0.5,0.75,0.25,0.5,0.75,0.0,-0.31381845547264053,-786432.0
48,1,0.25,0.75,1.0,0.5,0.25,0.4,-0.36274262952947306,-786432.0
9,1,0.0,0.5,1.0,1.0,1.0,0.0,-0.14565455127368676,-786432.0
20,1,0.25,0.75,0.5,0.25,0.75,0.8,-0.18314902690967694,-786432.0
43,1,0.75,0.25,0.0,1.0,0.75,0.0,-0.31691720290099373,-589824.0
20,1,0.25,0.5,0.0,0.75,0.25,0.0,-0.32548932414815596,-786432.0
41,1,0.25,0.0,0.75,0.75,0.75,0.6,-0.33073978584455777,-786432.0
15,1,0.75,0.75,1.0,0.25,1.0,0.8,-0.17209663711157797,-786432.0
22,1,0.0,0.25,0.5,0.25,0.0,0.4,-0.28847852720147704,-786432.0
15,1,1.0,0.75,0.5,0.5,0.75,0.2,-0.19030206125710525,-786432.0
35,1,0.5,0.0,0.75,0.0,0.5,0.8,-0.20349088835022797,-786432.0
45,1,0.75,0.0,0.75,0.0,0.0,0.0,-0.2963312914481801,-786432.0
50,1,1.0,0.5,0.0,0.0,0.0,0.2,-0.36847428281086947,-786432.0
5,1,0.25,0.5,0.25,1.0,0.25,0.4,-0.12068426313085032,-786432.0
40,1,0.75,0.75,0.75,0.0,0.75,0.6,-0.2399030233610896,-786432.0
6,1,0.75,0.0,0.75,0.5,1.0,0.0,-0.10470864612084375,-786432.0
14,1,1.0,1.0,0.25,0.25,0.0,0.0,-0.2129184407159548,-786432.0
27,1,0.25,1.0,0.5,0.25,0.0,0.8,-0.2605420784456611,-786432.0
25,1,1.0,0.0,0.0,0.0,0.0,0.4,-0.37616806036721184,-786432.0
26,1,0.25,0.0,0.5,0.75,0.25,0.8,-0.2953917729077747,-786432.0
10,1,0.75,0.5,1.0,0.0,0.75,0.6,-0.09369074425626628,-786432.0
49,1,0.5,0.75,0.0,0.5,1.0,0.6,-0.32237565029044857,-786432.0
8,1,0.0,0.5,0.75,1.0,0.5,0.2,-0.14440104009715948,-786432.0
14,1,0.25,0.25,0.25,0.25,0.75,0.6,-0.18648362593734394,-786432.0
22,1,1.0,0.75,0.75,0.0,0.25,0.4,-0.2739883665714288,-786432.0
45,1,0.75,1.0,0.75,0.75,0.0,0.8,-0.24651351103209598,-786432.0
44,1,0.0,0.0,0.5,1.0,0.25,0.0,-0.393736017870182,-983040.0
9,1,1.0,0.75,0.75,0.25,0.0,0.4,-0.1315784732234802,-786432.0
38,1,0.25,0.75,0.25,1.0,0.25,0.6,-0.22958813029414074,-786432.0
18,1,1.0,0.5,0.5,1.0,0.5,0.0,-0.26656195380732034,-786432.0
19,1,0.0,0.25,0.25,0.0,0.75,0.4,-0.1972487523812896,-786432.0
15,1,0.25,0.75,0.5,1.0,1.0,0.2,-0.208486628227954,-786432.0
13,1,0.25,0.0,0.0,0.5,0.75,0.6,-0.2996598313458104,-786432.0
50,1,0.5,0.5,0.75,1.0,0.75,0.0,-0.3113054308191329,-786432.0
34,1,1.0,0.0,0.0,0.0,0.25,0.4,-0.3063968107271005,-786432.0
24,1,0.75,0.75,0.0,0.5,0.75,0.8,-0.2781061786337959,-786432.0
34,1,0.0,0.25,0.5,1.0,1.0,0.6,-0.24744516305194056,-589824.0
13,1,0.25,0.0,0.75,1.0,0.0,0.6,-0.24974132910944868,-786432.0
8,1,1.0,0.25,0.75,0.5,0.75,0.2,-0.09971322674863738,-786432.0
27,1,0.25,1.0,0.75,0.25,1.0,0.4,-0.22191969095227035,-786432.0
9,1,0.25,1.0,0.5,0.5,0.5,0.8,-0.1547506756004521,-786432.0
12,1,0.75,1.0,0.5,1.0,0.0,0.8,-0.16130283905340922,-786432.0
25,1,1.0,1.0,1.0,0.0,0.0,0.2,-0.26791280555921954,-786432.0
41,1,0.0,0.0,0.25,0.75,0.75,0.0,-0.3941053569098919,-983040.0
41,1,0.25,0.75,0.5,0.5,0.75,0.4,-0.2290144934871961,-786432.0
15,1,0.75,0.0,0.25,0.5,0.0,0.0,-0.22784799050558083,-786432.0
35,1,0.25,1.0,0.0,0.25,0.5,0.2,-0.3069921313445016,-786432.0
48,1,0.5,1.0,1.0,1.0,0.25,0.4,-0.26237704646872767,-589824.0
28,1,0.25,0.25,0.0,0.5,0.5,0.4,-0.24523228802750585,-589824.0
9,1,1.0,0.75,1.0,0.5,0.75,0.0,-0.12204846312574559,-786432.0
24,1,0.25,0.25,0.5,0.75,0.75,0.4,-0.18948233744422668,-786432.0
5,1,1.0,0.0,0.0,0.5,0.5,0.4,-0.07723241027052298,-786432.0
11,1,0.5,0.25,0.75,1.0,1.0,0.4,-0.15483821243504273,-786432.0
34,1,0.0,0.0,0.75,1.0,0.0,0.6,-0.3941053569098919,-983040.0
29,1,0.25,1.0,0.75,0.0,1.0,0.8,-0.27485167950162004,-786432.0
12,1,0.75,0.25,0.0,0.25,0.75,0.8,-0.1761734150752037,-786432.0
7,1,0.75,0.25,0.0,0.0,0.75,0.6,-0.10003757994918522,-786432.0
46,1,0.75,0.0,1.0,0.25,1.0,0.2,-0.24434680228979266,-786432.0
24,1,1.0,0.25,1.0,0.75,0.25,0.2,-0.2386641823815008,-589824.0
27,1,1.0,0.5,0.5,0.75,0.5,0.0,-0.22490373647166473,-589824.0
48,1,0.5,0.0,0.25,0.0,0.25,0.2,-0.28107094521930304,-786432.0
31,1,1.0,0.75,0.75,0.25,0.25,0.8,-0.27059564767087146,-589824.0
46,1,1.0,0.5,1.0,0.0,0.25,0.6,-0.24482581838547696,-589824.0
30,1,0.0,0.5,0.5,0.25,0.5,0.8,-0.254128707149922,-589824.0
40,1,0.5,0.0,1.0,1.0,1.0,0.2,-0.33521780787885325,-786432.0
42,1,0.25,0.0,0.5,1.0,1.0,0.8,-0.33073978584455777,-786432.0
16,1,0.75,0.25,0.75,0.5,0.25,0.6,-0.172428806150662,-786432.0
33,1,0.5,1.0,1.0,0.5,1.0,0.4,-0.34298607436971557,-786432.0
15,1,1.0,0.25,0.5,0.0,0.5,0.2,-0.20038212121925367,-786432.0
48,1,0.5,0.25,0.0,0.25,0.25,0.0,-0.27754634350586405,-786432.0
19,1,0.0,0.0,0.0,0.5,0.5,0.0,-0.3800896801838331,-786432.0
36,1,0.75,0.5,0.25,1.0,0.25,0.8,-0.2388048164739792,-786432.0
13,1,1.0,0.75,0.25,1.0,0.5,0.2,-0.20081205141910646,-786432.0
6,1,0.75,0.0,0.75,0.0,1.0,0.8,-0.10707115669852918,-786432.0
42,1,0.25,0.5,0.5,1.0,0.75,0.6,-0.22588503548216626,-786432.0
36,1,0.25,1.0,0.25,0.25,0.5,0.4,-0.22717356571253952,-786432.0
10,1,0.0,0.25,0.0,1.0,0.0,0.2,-0.20110799699193402,-786432.0
29,1,0.0,0.5,1.0,1.0,0.0,0.0,-0.3447013939639149,-786432.0
25,1,0.0,0.5,0.5,0.75,1.0,0.4,-0.297769597879497,-589824.0
25,1,0.75,0.25,0.5,1.0,0.0,0.0,-0.22919839714028065,-786432.0
22,1,0.5,0.0,1.0,1.0,0.0,0.0,-0.267085512039963,-786432.0
45,1,0.75,1.0,0.25,1.0,0.0,0.8,-0.24613319373939566,-589824.0
13,1,0.75,0.25,0.0,1.0,0.25,0.8,-0.19677049753985554,-786432.0
8,1,0.25,0.0,1.0,0.75,0.25,0.0,-0.1695733770127365,-786432.0
27,1,0.75,1.0,0.75,0.5,0.25,0.4,-0.26158447541872676,-786432.0
9,1,0.5,0.5,0.0,0.0,0.75,0.0,-0.1102278972677718,-786432.0
32,1,0.75,0.5,0.25,0.0,1.0,0.0,-0.2673073458242764,-786432.0
46,1,0.25,0.75,0.0,0.0,0.75,0.0,-0.25744642669901296,-786432.0
37,1,0.75,0.0,0.25,0.75,0.5,0.4,-0.32206490550524175,-786432.0
8,1,1.0,0.75,0.0,0.25,0.5,0.0,-0.08285770573931185,-786432.0
47,1,0.0,0.75,1.0,0.75,0.0,0.2,-0.3252852436350126,-589824.0
32,1,0.75,0.25,0.75,0.0,0.5,0.2,-0.21899352898300872,-589824.0
41,1,0.25,0.25,0.75,0.5,0.5,0.0,-0.28076624937034556,-786432.0
28,1,0.0,0.25,1.0,0.5,0.25,0.4,-0.2481535286471275,-589824.0
17,1,0.25,0.25,1.0,0.75,0.75,0.2,-0.17383116498994478,-786432.0
36,1,0.0,0.75,0.25,1.0,0.75,0.6,-0.3253398477327188,-589824.0
20,1,0.75,1.0,0.5,1.0,0.75,0.2,-0.26045452248077533,-589824.0
39,1,0.25,0.0,1.0,0.25,0.0,0.0,-0.2492077271742855,-786432.0
38,1,0.5,0.75,0.25,0.25,1.0,0.6,-0.28364236777850665,-589824.0
18,1,0.25,0.5,0.0,0.0,0.75,0.8,-0.2859421330559571,-786432.0
30,1,0.25,0.75,0.75,0.75,0.5,0.2,-0.221481970811345,-786432.0
9,1,0.5,0.5,0.0,1.0,0.25,0.2,-0.20261392158174038,-786432.0
23,1,1.0,0.0,1.0,0.75,0.25,0.2,-0.3258608618071968,-786432.0
20,1,0.5,0.5,1.0,0.75,1.0,0.0,-0.24119145352006788,-786432.0
32,1,0.75,0.25,0.5,0.5,1.0,0.0,-0.22487221094915916,-589824.0
16,1,1.0,0.5,0.5,0.25,0.25,0.8,-0.18197475161547744,-786432.0
50,1,0.5,0.5,0.5,0.0,0.25,0.0,-0.27845087604151536,-786432.0
36,1,0.5,1.0,0.0,0.25,0.5,0.6,-0.3155640281943644,-786432.0
21,1,0.25,0.25,1.0,0.75,1.0,0.8,-0.1884808030408623,-786432.0
22,1,1.0,1.0,1.0,0.25,1.0,0.8,-0.28241813674216765,-786432.0
37,1,0.75,0.0,0.0,0.25,0.75,0.4,-0.2802984214439967,-786432.0
48,1,0.5,0.0,0.0,0.75,0.0,0.0,-0.3757105065904851,-786432.0
11,1,0.25,0.5,0.0,0.5,0.5,0.0,-0.23603249109547433,-786432.0
10,1,0.25,1.0,0.25,0.5,0.75,0.2,-0.1303937632705873,-786432.0
45,1,0.5,0.0,0.75,0.25,0.75,0.6,-0.3349784551275505,-786432.0
24,1,1.0,1.0,0.25,0.5,1.0,0.2,-0.2663741216268603,-589824.0
10,1,0.0,0.0,0.25,0.0,1.0,0.8,-0.29967159743763827,-786432.0
29,1,0.0,0.5,0.5,1.0,0.5,0.0,-0.2928220169019485,-589824.0
13,1,0.0,0.25,0.0,0.0,0.5,0.0,-0.38475403777631545,-786432.0
7,1,0.5,0.75,0.75,0.75,0.75,0.0,-0.09268086673464052,-786432.0
46,1,0.0,0.5,1.0,0.5,0.0,0.4,-0.3166075312921426,-589824.0
48,1,1.0,1.0,0.0,1.0,0.75,0.8,-0.3049087311644402,-589824.0
7,1,0.25,0.25,0.25,0.25,0.0,0.0,-0.1392118829198414,-786432.0
46,1,0.25,1.0,0.25,0.0,0.25,0.2,-0.33079374516243587,-786432.0
24,1,0.0,0.5,0.5,1.0,0.0,0.8,-0.3110500116996404,-589824.0
14,1,0.25,0.25,0.75,0.25,0.75,0.4,-0.17983593834101325,-786432.0
50,1,1.0,1.0,0.25,0.25,1.0,0.8,-0.2997527433355572,-589824.0
47,1,0.0,1.0,0.5,0.5,0.5,0.0,-0.3259889448432754,-589824.0
32,1,0.25,0.0,0.75,0.0,0.5,0.2,-0.18808809973259508,-786432.0
36,1,0.5,0.0,0.5,0.75,0.75,0.0,-0.19164360259302277,-786432.0
28,1,0.5,1.0,0.25,0.5,0.75,0.2,-0.32493931965711037,-786432.0
27,1,1.0,0.25,0.25,0.0,0.5,0.8,-0.2607740963184885,-589824.0
13,1,0.25,0.0,0.75,0.5,0.5,0.2,-0.1926070863896415,-786432.0
38,1,0.25,0.5,0.0,0.5,0.25,0.0,-0.19208179617871693,-786432.0
45,1,0.5,0.0,0.5,0.25,1.0,0.8,-0.334333959390533,-786432.0
32,1,0.0,0.25,0.5,0.25,0.25,0.8,-0.3069411997339234,-589824.0
28,1,0.25,1.0,0.0,0.75,0.0,0.8,-0.19281092466100536,-786432.0
45,1,1.0,0.0,0.0,0.5,0.5,0.0,-0.3425526858637284,-786432.0
37,1,0.25,0.75,0.5,0.5,0.5,0.4,-0.22756205078068795,-786432.0
48,1,0.75,0.75,1.0,1.0,0.25,0.4,-0.2725271549436163,-589824.0
7,1,0.75,0.25,0.25,1.0,1.0,0.6,-0.11532648404027315,-786432.0
43,1,0.0,0.5,0.75,0.75,0.0,0.6,-0.33512031120693414,-589824.0
31,1,0.25,0.5,0.25,0.25,1.0,0.8,-0.20148393342043214,-786432.0
32,1,1.0,1.0,0.75,0.5,1.0,0.2,-0.2728610771786592,-786432.0
26,1,0.0,1.0,1.0,1.0,0.0,0.0,-0.3656822962370626,-786432.0
41,1,1.0,0.5,0.25,1.0,0.5,0.0,-0.296787362534045,-589824.0
16,1,0.5,1.0,0.75,0.5,0.0,0.6,-0.21341332655659898,-786432.0
10,1,0.0,1.0,0.75,1.0,0.25,0.2,-0.1371458403299858,-786432.0
35,1,0.0,0.75,1.0,1.0,0.0,0.2,-0.33744274887189984,-589824.0
46,1,0.25,0.0,0.0,0.5,0.5,0.0,-0.24679658918870526,-786432.0
13,1,0.25,0.0,0.75,1.0,1.0,0.2,-0.23670080406722016,-786432.0
31,1,0.75,0.75,0.0,0.0,1.0,0.6,-0.21065950661004812,-786432.0
12,1,0.25,0.0,0.0,0.25,0.25,0.4,-0.2802013980417551,-786432.0
28,1,0.5,0.25,0.0,0.25,0.25,0.4,-0.2252628549546938,-589824.0
14,1,0.25,0.75,0.75,1.0,0.75,0.8,-0.2006573685217033,-786432.0
31,1,0.25,0.0,0.25,0.0,0.75,0.0,-0.2622240682119472,-786432.0
31,1,0.5,0.25,0.0,0.25,1.0,0.0,-0.21834359970384273,-786432.0
42,1,0.25,0.5,1.0,0.0,0.25,0.6,-0.29563468041205065,-786432.0
49,1,0.25,0.75,0.25,0.25,0.75,0.4,-0.3616793797642621,-786432.0
49,1,0.0,0.75,1.0,0.25,0.0,0.2,-0.3262184960937819,-589824.0
41,1,0.75,0.5,1.0,1.0,0.25,0.6,-0.2716814577147747,-786432.0
31,1,0.25,0.75,0.25,1.0,0.25,0.2,-0.21851934047632404,-786432.0
48,1,0.75,0.25,1.0,1.0,0.75,0.2,-0.24379738957782002,-589824.0
6,1,1.0,1.0,0.5,0.75,0.5,0.8,-0.11203592226934798,-786432.0
18,1,0.75,0.5,0.25,0.25,0.75,0.4,-0.2106806273682955,-786432.0
11,1,0.0,1.0,0.5,0.75,0.0,0.4,-0.15536658787974422,-786432.0
22,1,0.75,0.0,1.0,0.75,0.75,0.8,-0.33878526528234554,-786432.0
10,1,0.75,0.0,0.0,0.25,0.5,0.0,-0.18092218753969372,-786432.0
7,1,1.0,0.0,0.0,0.5,0.5,0.6,-0.10331249655728349,-786432.0
44,1,0.25,0.25,0.75,0.75,0.0,0.6,-0.2615422611697892,-786432.0
26,1,0.0,0.5,0.5,0.0,0.75,0.8,-0.3055926841361513,-589824.0
38,1,0.0,0.5,0.75,0.0,0.0,0.8,-0.37995586364926487,-786432.0
8,1,0.75,0.25,1.0,0.5,0.5,0.8,-0.12162261177573665,-786432.0
19,1,1.0,0.25,0.0,1.0,1.0,0.2,-0.19525180440063628,-786432.0
43,1,0.75,0.5,0.0,0.75,0.75,0.0,-0.3370333858435431,-589824.0
43,1,0.5,1.0,0.5,1.0,0.5,0.6,-0.28497377630424797,-589824.0
13,1,0.5,0.0,0.75,0.0,0.5,0.0,-0.22380401335242694,-786432.0
28,1,0.0,0.25,0.75,0.0,1.0,0.8,-0.3553093345973546,-589824.0
21,1,0.25,0.25,0.5,0.75,1.0,0.4,-0.17646194944004023,-786432.0
11,1,0.75,0.25,0.5,0.0,1.0,0.2,-0.19769005542065637,-786432.0
48,1,0.75,0.25,0.0,0.25,0.25,0.0,-0.302842530894746,-589824.0
41,1,0.0,0.75,0.0,1.0,0.0,0.4,-0.3949396642851854,-786432.0
12,1,0.5,0.25,0.75,1.0,0.5,0.6,-0.159603118502069,-786432.0
43,1,0.25,0.5,1.0,0.5,0.0,0.4,-0.29551703590959016,-786432.0
15,1,0.5,0.0,0.0,0.25,0.25,0.2,-0.19205424108892807,-786432.0
8,1,0.75,0.5,1.0,0.5,0.0,0.2,-0.08285770573931185,-786432.0
42,1,0.75,0.25,1.0,0.0,0.5,0.0,-0.3197310750420239,-589824.0
28,1,0.5,0.0,0.75,0.75,0.5,0.0,-0.19276798829470082,-786432.0
11,1,0.5,0.25,0.0,0.25,0.25,0.8,-0.15483821243504273,-786432.0
7,1,1.0,0.25,1.0,1.0,0.75,0.4,-0.11526854546691064,-786432.0
15,1,0.0,1.0,0.0,1.0,0.25,0.2,-0.309153296167652,-786432.0
23,1,0.0,1.0,0.5,0.25,1.0,0.2,-0.28360851067835313,-589824.0
28,1,0.25,0.25,0.25,0.25,1.0,0.2,-0.18876972139342546,-786432.0
12,1,0.0,1.0,1.0,1.0,0.75,0.4,-0.15379441681912417,-786432.0
40,1,0.0,0.0,1.0,1.0,0.25,0.6,-0.3298994050157104,-589824.0
13,1,0.0,0.25,1.0,0.5,0.25,0.2,-0.16921853199799905,-786432.0
15,1,1.0,0.25,0.75,0.25,0.0,0.8,-0.19613693758096143,-786432.0
20,1,1.0,0.75,1.0,1.0,0.75,0.2,-0.23788909400531644,-589824.0
48,1,1.0,0.5,0.0,0.5,0.25,0.6,-0.3032471610768755,-589824.0

End of doe/resume phase, the number of evaluated configurations is: 200

End of DoE - Time  1492.0660 sec
Starting optimization iteration 1
End of training - Time       0.14 sec
Model fitting time     0.1407 sec
Total RS time     0.1109 sec
Optimization function time     1.1290 sec
Starting local search iteration: , #configs:30
0, 
1, 
2, 
3, 
4, 
5, 
6, 
7, 
8, 
9, 
10, 
11, 
12, 
13, 
14, 
15, 
16, 
17, 
18, 
19, 
20, 
21, 
22, 
23, 
24, 
25, 
26, 
27, 
28, 
29, 
Multi-start LS time     0.5663 sec
MSLS time     0.6521 sec
Local search time     1.8990 sec
Total iteration time     2.0427 sec
End of training - Time       0.07 sec
Model fitting time     0.0681 sec
Total RS time     0.0603 sec
Optimization function time     0.9810 sec
Starting local search iteration: , #configs:30
0, 
1, 
2, 
3, 
4, 
5, 
6, 
7, 
8, 
9, 
10, 
11, 
12, 
13, 
14, 
15, 
16, 
17, 
18, 
19, 
20, 
21, 
22, 
23, 
24, 
25, 
26, 
27, 
28, 
29, 
Multi-start LS time     0.5489 sec
MSLS time     0.6348 sec
Local search time     1.6835 sec
Total iteration time     3.7970 sec
End of training - Time       0.07 sec
Model fitting time     0.0685 sec
Total RS time     0.0567 sec
Optimization function time     0.7635 sec
Starting local search iteration: , #configs:30
0, 
1, 
2, 
3, 
4, 
5, 
6, 
7, 
8, 
9, 
10, 
11, 
12, 
13, 
14, 
15, 
16, 
17, 
18, 
19, 
20, 
21, 
22, 
23, 
24, 
25, 
26, 
27, 
28, 
29, 
Multi-start LS time     0.6933 sec
MSLS time     0.7843 sec
Local search time     1.6132 sec
Total iteration time     5.4817 sec
End of training - Time       0.07 sec
Model fitting time     0.0741 sec
Total RS time     0.0585 sec
Optimization function time     0.7777 sec
Starting local search iteration: , #configs:30
0, 
1, 
2, 
3, 
4, 
5, 
6, 
7, 
8, 
9, 
10, 
11, 
12, 
13, 
14, 
15, 
16, 
17, 
18, 
19, 
20, 
21, 
22, 
23, 
24, 
25, 
26, 
27, 
28, 
29, 
Multi-start LS time     0.7896 sec
MSLS time     0.8863 sec
Local search time     1.7320 sec
Total iteration time     7.2912 sec
End of training - Time       0.08 sec
Model fitting time     0.0795 sec
Total RS time     0.0644 sec
Optimization function time     0.8641 sec
Starting local search iteration: , #configs:30
0, 
1, 
2, 
3, 
4, 
5, 
6, 
7, 
8, 
9, 
10, 
11, 
12, 
13, 
14, 
15, 
16, 
17, 
18, 
19, 
20, 
21, 
22, 
23, 
24, 
25, 
26, 
27, 
28, 
29, 
Multi-start LS time     0.7631 sec
MSLS time     0.8550 sec
Local search time     1.7933 sec
Total iteration time     9.1670 sec
End of training - Time       0.13 sec
Model fitting time     0.1343 sec
Total RS time     0.0683 sec
Optimization function time     0.8165 sec
Starting local search iteration: , #configs:30
0, 
1, 
2, 
3, 
4, 
5, 
6, 
7, 
8, 
9, 
10, 
11, 
12, 
13, 
14, 
15, 
16, 
17, 
18, 
19, 
20, 
21, 
22, 
23, 
24, 
25, 
26, 
27, 
28, 
29, 
Multi-start LS time     0.7479 sec
MSLS time     0.8372 sec
Local search time     1.7311 sec
Total iteration time    11.0357 sec
End of training - Time       0.07 sec
Model fitting time     0.0732 sec
Total RS time     0.0599 sec
Optimization function time     0.8777 sec
Starting local search iteration: , #configs:30
0, 
1, 
2, 
3, 
4, 
5, 
6, 
7, 
8, 
9, 
10, 
11, 
12, 
13, 
14, 
15, 
16, 
17, 
18, 
19, 
20, 
21, 
22, 
23, 
24, 
25, 
26, 
27, 
28, 
29, 
Multi-start LS time     1.0075 sec
MSLS time     1.0984 sec
Local search time     2.0474 sec
Total iteration time    13.1593 sec
End of training - Time       0.08 sec
Model fitting time     0.0761 sec
Total RS time     0.0577 sec
Optimization function time     0.8128 sec
Starting local search iteration: , #configs:30
0, 
1, 
2, 
3, 
4, 
5, 
6, 
7, 
8, 
9, 
10, 
11, 
12, 
13, 
14, 
15, 
16, 
17, 
18, 
19, 
20, 
21, 
22, 
23, 
24, 
25, 
26, 
27, 
28, 
29, 
Multi-start LS time     0.7014 sec
MSLS time     0.7995 sec
Local search time     1.6790 sec
Total iteration time    14.9173 sec
End of training - Time       0.08 sec
Model fitting time     0.0794 sec
Total RS time     0.0604 sec
Optimization function time     0.9490 sec
Starting local search iteration: , #configs:30
0, 
1, 
2, 
3, 
4, 
5, 
6, 
7, 
8, 
9, 
10, 
11, 
12, 
13, 
14, 
15, 
16, 
17, 
18, 
19, 
20, 
21, 
22, 
23, 
24, 
25, 
26, 
27, 
28, 
29, 
Multi-start LS time     0.7446 sec
MSLS time     0.8371 sec
Local search time     1.8559 sec
Total iteration time    16.8555 sec
End of training - Time       0.07 sec
Model fitting time     0.0747 sec
Total RS time     0.0590 sec
Optimization function time     1.1142 sec
Starting local search iteration: , #configs:30
0, 
1, 
2, 
3, 
4, 
5, 
6, 
7, 
8, 
9, 
10, 
11, 
12, 
13, 
14, 
15, 
16, 
17, 
18, 
19, 
20, 
21, 
22, 
23, 
24, 
25, 
26, 
27, 
28, 
29, 
Multi-start LS time     0.9551 sec
MSLS time     1.0481 sec
Local search time     2.2315 sec
Running on client-server mode.
Communication protocol: sending message...
Request 10
depth,features_per_partition,c1,c2,c3,c4,c5,c6
20,1,0.0,0.0,0.25,1.0,1.0,0.6
20,1,0.0,0.0,0.0,0.75,0.5,0.0
22,1,0.0,0.0,0.25,0.75,1.0,0.4
42,1,0.0,0.0,0.0,0.75,0.5,0.0
39,1,0.0,0.0,0.25,0.75,0.75,0.0
44,1,0.0,0.0,0.0,0.75,0.0,0.0
22,1,0.0,0.0,0.25,0.25,0.0,0.0
14,1,0.0,0.0,0.0,0.0,0.0,0.0
41,1,0.0,0.0,0.25,1.0,0.75,0.0
42,1,0.0,0.0,0.5,1.0,1.0,0.4
Communication protocol: receiving message....
depth,features_per_partition,c1,c2,c3,c4,c5,c6,f1_score,num_flows
20,1,0.0,0.0,0.25,1.0,1.0,0.6,-0.2834828488344834,-589824.0
20,1,0.0,0.0,0.0,0.75,0.5,0.0,-0.3831460543963765,-786432.0
22,1,0.0,0.0,0.25,0.75,1.0,0.4,-0.3071661496369085,-589824.0
42,1,0.0,0.0,0.0,0.75,0.5,0.0,-0.38264707587296465,-983040.0
39,1,0.0,0.0,0.25,0.75,0.75,0.0,-0.3950477624571329,-786432.0
44,1,0.0,0.0,0.0,0.75,0.0,0.0,-0.5077675424320381,-983040.0
22,1,0.0,0.0,0.25,0.25,0.0,0.0,-0.36614647896232577,-786432.0
14,1,0.0,0.0,0.0,0.0,0.0,0.0,-0.0,-0.0
41,1,0.0,0.0,0.25,1.0,0.75,0.0,-0.3941053569098919,-983040.0
42,1,0.0,0.0,0.5,1.0,1.0,0.4,-0.32796238252227644,-589824.0
Black box function time    81.0778 sec
Total iteration time   100.2403 sec
Starting optimization iteration 2
End of training - Time       0.16 sec
Model fitting time     0.1586 sec
Total RS time     0.1107 sec
Optimization function time     0.9512 sec
Starting local search iteration: , #configs:30
0, 
1, 
2, 
3, 
4, 
5, 
6, 
7, 
8, 
9, 
10, 
11, 
12, 
13, 
14, 
15, 
16, 
17, 
18, 
19, 
20, 
21, 
22, 
23, 
24, 
25, 
26, 
27, 
28, 
29, 
Multi-start LS time     0.7409 sec
MSLS time     0.8365 sec
Local search time     1.9082 sec
Total iteration time     2.0704 sec
End of training - Time       0.08 sec
Model fitting time     0.0773 sec
Total RS time     0.0595 sec
Optimization function time     0.9059 sec
Starting local search iteration: , #configs:30
0, 
1, 
2, 
3, 
4, 
5, 
6, 
7, 
8, 
9, 
10, 
11, 
12, 
13, 
14, 
15, 
16, 
17, 
18, 
19, 
20, 
21, 
22, 
23, 
24, 
25, 
26, 
27, 
28, 
29, 
Multi-start LS time     0.7441 sec
MSLS time     0.8344 sec
Local search time     1.8097 sec
Total iteration time     3.9604 sec
End of training - Time       0.07 sec
Model fitting time     0.0733 sec
Total RS time     0.0561 sec
Optimization function time     0.8605 sec
Starting local search iteration: , #configs:30
0, 
1, 
2, 
3, 
4, 
5, 
6, 
7, 
8, 
9, 
10, 
11, 
12, 
13, 
14, 
15, 
16, 
17, 
18, 
19, 
20, 
21, 
22, 
23, 
24, 
25, 
26, 
27, 
28, 
29, 
Multi-start LS time     0.5810 sec
MSLS time     0.7110 sec
Local search time     1.6357 sec
Total iteration time     5.6722 sec
End of training - Time       0.07 sec
Model fitting time     0.0735 sec
Total RS time     0.0552 sec
Optimization function time     0.6381 sec
Starting local search iteration: , #configs:30
0, 
1, 
2, 
3, 
4, 
5, 
6, 
7, 
8, 
9, 
10, 
11, 
12, 
13, 
14, 
15, 
16, 
17, 
18, 
19, 
20, 
21, 
22, 
23, 
24, 
25, 
26, 
27, 
28, 
29, 
Multi-start LS time     0.6869 sec
MSLS time     0.8181 sec
Local search time     1.5215 sec
Total iteration time     7.2702 sec
End of training - Time       0.08 sec
Model fitting time     0.0829 sec
Total RS time     0.1054 sec
Optimization function time     0.7989 sec
Starting local search iteration: , #configs:30
0, 
1, 
2, 
3, 
4, 
5, 
6, 
7, 
8, 
9, 
10, 
11, 
12, 
13, 
14, 
15, 
16, 
17, 
18, 
19, 
20, 
21, 
22, 
23, 
24, 
25, 
26, 
27, 
28, 
29, 
Multi-start LS time     0.7084 sec
MSLS time     0.7932 sec
Local search time     1.7049 sec
Total iteration time     9.0607 sec
End of training - Time       0.07 sec
Model fitting time     0.0742 sec
0.07185784954871222 < 0.1 random sampling a configuration to run
Local search time     0.0006 sec
Total iteration time     9.1375 sec
End of training - Time       0.07 sec
Model fitting time     0.0745 sec
Total RS time     0.0547 sec
Optimization function time     0.8946 sec
Starting local search iteration: , #configs:30
0, 
1, 
2, 
3, 
4, 
5, 
6, 
7, 
8, 
9, 
10, 
11, 
12, 
13, 
14, 
15, 
16, 
17, 
18, 
19, 
20, 
21, 
22, 
23, 
24, 
25, 
26, 
27, 
28, 
29, 
Multi-start LS time     0.6916 sec
MSLS time     0.7829 sec
Local search time     1.7399 sec
Total iteration time    10.9546 sec
End of training - Time       0.08 sec
Model fitting time     0.0777 sec
Total RS time     0.0568 sec
Optimization function time     0.8128 sec
Starting local search iteration: , #configs:30
0, 
1, 
2, 
3, 
4, 
5, 
6, 
7, 
8, 
9, 
10, 
11, 
12, 
13, 
14, 
15, 
16, 
17, 
18, 
19, 
20, 
21, 
22, 
23, 
24, 
25, 
26, 
27, 
28, 
29, 
Multi-start LS time     0.7101 sec
MSLS time     0.7973 sec
Local search time     1.6743 sec
Total iteration time    12.7093 sec
End of training - Time       0.08 sec
Model fitting time     0.0777 sec
Total RS time     0.0560 sec
Optimization function time     0.9353 sec
Starting local search iteration: , #configs:30
0, 
1, 
2, 
3, 
4, 
5, 
6, 
7, 
8, 
9, 
10, 
11, 
12, 
13, 
14, 
15, 
16, 
17, 
18, 
19, 
20, 
21, 
22, 
23, 
24, 
25, 
26, 
27, 
28, 
29, 
Multi-start LS time     0.6912 sec
MSLS time     0.7919 sec
Local search time     1.7915 sec
Total iteration time    14.5813 sec
End of training - Time       0.08 sec
Model fitting time     0.0784 sec
Total RS time     0.0936 sec
Optimization function time     0.9789 sec
Starting local search iteration: , #configs:30
0, 
1, 
2, 
3, 
4, 
5, 
6, 
7, 
8, 
9, 
10, 
11, 
12, 
13, 
14, 
15, 
16, 
17, 
18, 
19, 
20, 
21, 
22, 
23, 
24, 
25, 
26, 
27, 
28, 
29, 
Multi-start LS time     0.7771 sec
MSLS time     0.8725 sec
Local search time     1.9552 sec
Running on client-server mode.
Communication protocol: sending message...
Request 10
depth,features_per_partition,c1,c2,c3,c4,c5,c6
44,1,0.0,0.0,0.0,0.0,0.0,0.0
44,1,0.0,0.0,0.0,0.5,0.0,0.0
44,1,0.0,0.0,0.0,1.0,0.75,0.0
44,1,0.0,0.0,0.0,0.75,0.25,0.0
44,1,0.0,0.0,0.25,1.0,0.0,0.0
34,1,0.5,0.5,0.5,0.5,1.0,0.0
44,1,0.0,0.0,0.5,1.0,0.0,0.0
44,1,0.0,0.0,0.5,0.75,0.25,0.0
43,1,0.0,0.0,0.0,0.75,0.25,0.0
42,1,0.0,0.0,0.0,0.75,0.0,0.0
Communication protocol: receiving message....
depth,features_per_partition,c1,c2,c3,c4,c5,c6,f1_score,num_flows
44,1,0.0,0.0,0.0,0.0,0.0,0.0,-0.0,-0.0
44,1,0.0,0.0,0.0,0.5,0.0,0.0,-0.5077675424320381,-983040.0
44,1,0.0,0.0,0.0,1.0,0.75,0.0,-0.38264707587296465,-983040.0
44,1,0.0,0.0,0.0,0.75,0.25,0.0,-0.38264707587296465,-983040.0
44,1,0.0,0.0,0.25,1.0,0.0,0.0,-0.3828323650082844,-983040.0
34,1,0.5,0.5,0.5,0.5,1.0,0.0,-0.24813521375863665,-786432.0
44,1,0.0,0.0,0.5,1.0,0.0,0.0,-0.38264707587296465,-983040.0
44,1,0.0,0.0,0.5,0.75,0.25,0.0,-0.393736017870182,-983040.0
43,1,0.0,0.0,0.0,0.75,0.25,0.0,-0.38264707587296465,-983040.0
42,1,0.0,0.0,0.0,0.75,0.0,0.0,-0.5077675424320381,-983040.0
Black box function time    69.5466 sec
Total iteration time    86.1622 sec
Starting optimization iteration 3
End of training - Time       0.16 sec
Model fitting time     0.1593 sec
Total RS time     0.1097 sec
Optimization function time     0.6974 sec
Starting local search iteration: , #configs:30
0, 
1, 
2, 
3, 
4, 
5, 
6, 
7, 
8, 
9, 
10, 
11, 
12, 
13, 
14, 
15, 
16, 
17, 
18, 
19, 
20, 
21, 
22, 
23, 
24, 
25, 
26, 
27, 
28, 
29, 
Multi-start LS time     0.5872 sec
MSLS time     0.6734 sec
Local search time     1.4885 sec
Total iteration time     1.6511 sec
End of training - Time       0.08 sec
Model fitting time     0.0762 sec
Total RS time     0.1354 sec
Optimization function time     0.7858 sec
Starting local search iteration: , #configs:30
0, 
1, 
2, 
3, 
4, 
5, 
6, 
7, 
8, 
9, 
10, 
11, 
12, 
13, 
14, 
15, 
16, 
17, 
18, 
19, 
20, 
21, 
22, 
23, 
24, 
25, 
26, 
27, 
28, 
29, 
Multi-start LS time     0.5923 sec
MSLS time     0.6776 sec
Local search time     1.6065 sec
Total iteration time     3.3365 sec
End of training - Time       0.08 sec
Model fitting time     0.0761 sec
0.03992853323141665 < 0.1 random sampling a configuration to run
Local search time     0.0006 sec
Total iteration time     3.4154 sec
End of training - Time       0.08 sec
Model fitting time     0.0767 sec
Total RS time     0.0542 sec
Optimization function time     0.8524 sec
Starting local search iteration: , #configs:30
0, 
1, 
2, 
3, 
4, 
5, 
6, 
7, 
8, 
9, 
10, 
11, 
12, 
13, 
14, 
15, 
16, 
17, 
18, 
19, 
20, 
21, 
22, 
23, 
24, 
25, 
26, 
27, 
28, 
29, 
Multi-start LS time     0.7725 sec
MSLS time     0.8582 sec
Local search time     1.7722 sec
Total iteration time     5.2670 sec
End of training - Time       0.08 sec
Model fitting time     0.0796 sec
Total RS time     0.0559 sec
Optimization function time     0.8627 sec
Starting local search iteration: , #configs:30
0, 
1, 
2, 
3, 
4, 
5, 
6, 
7, 
8, 
9, 
10, 
11, 
12, 
13, 
14, 
15, 
16, 
17, 
18, 
19, 
20, 
21, 
22, 
23, 
24, 
25, 
26, 
27, 
28, 
29, 
Multi-start LS time     0.6957 sec
MSLS time     0.8617 sec
Local search time     1.7939 sec
Total iteration time     7.1446 sec
End of training - Time       0.08 sec
Model fitting time     0.0792 sec
0.057983844641650184 < 0.1 random sampling a configuration to run
Local search time     0.0006 sec
Total iteration time     7.2265 sec
End of training - Time       0.08 sec
Model fitting time     0.0800 sec
Total RS time     0.0579 sec
Optimization function time     0.8791 sec
Starting local search iteration: , #configs:30
0, 
1, 
2, 
3, 
4, 
5, 
6, 
7, 
8, 
9, 
10, 
11, 
12, 
13, 
14, 
15, 
16, 
17, 
18, 
19, 
20, 
21, 
22, 
23, 
24, 
25, 
26, 
27, 
28, 
29, 
Multi-start LS time     0.7130 sec
MSLS time     0.9556 sec
Local search time     1.9044 sec
Total iteration time     9.2139 sec
End of training - Time       0.08 sec
Model fitting time     0.0826 sec
Total RS time     0.0552 sec
Optimization function time     0.8047 sec
Starting local search iteration: , #configs:30
0, 
1, 
2, 
3, 
4, 
5, 
6, 
7, 
8, 
9, 
10, 
11, 
12, 
13, 
14, 
15, 
16, 
17, 
18, 
19, 
20, 
21, 
22, 
23, 
24, 
25, 
26, 
27, 
28, 
29, 
Multi-start LS time     0.6912 sec
MSLS time     0.8847 sec
Local search time     1.7570 sec
Total iteration time    11.0578 sec
End of training - Time       0.10 sec
Model fitting time     0.1008 sec
Total RS time     0.0576 sec
Optimization function time     0.7855 sec
Starting local search iteration: , #configs:30
0, 
1, 
2, 
3, 
4, 
5, 
6, 
7, 
8, 
9, 
10, 
11, 
12, 
13, 
14, 
15, 
16, 
17, 
18, 
19, 
20, 
21, 
22, 
23, 
24, 
25, 
26, 
27, 
28, 
29, 
Multi-start LS time     0.8247 sec
MSLS time     0.9111 sec
Local search time     1.7625 sec
Total iteration time    12.9239 sec
End of training - Time       0.08 sec
Model fitting time     0.0815 sec
0.055680850117303615 < 0.1 random sampling a configuration to run
Local search time     0.0006 sec
Running on client-server mode.
Communication protocol: sending message...
Request 10
depth,features_per_partition,c1,c2,c3,c4,c5,c6
26,1,0.0,0.0,0.75,0.0,0.0,0.6
34,1,0.25,0.0,0.0,0.0,0.0,0.6
47,1,0.0,0.75,0.25,0.25,0.75,0.2
46,1,0.0,0.0,0.0,0.25,0.0,0.0
45,1,0.0,0.0,0.0,0.5,0.0,0.0
49,1,0.75,0.5,0.5,1.0,0.0,0.0
43,1,0.0,0.0,0.0,0.5,0.0,0.0
49,1,0.0,0.0,0.5,0.75,0.0,0.0
43,1,0.0,0.0,1.0,1.0,0.25,0.0
16,1,0.0,0.5,1.0,0.0,1.0,0.8
Communication protocol: receiving message....
depth,features_per_partition,c1,c2,c3,c4,c5,c6,f1_score,num_flows
26,1,0.0,0.0,0.75,0.0,0.0,0.6,-0.3794259863289737,-786432.0
34,1,0.25,0.0,0.0,0.0,0.0,0.6,-0.2638995264838696,-589824.0
47,1,0.0,0.75,0.25,0.25,0.75,0.2,-0.3337228308352689,-589824.0
46,1,0.0,0.0,0.0,0.25,0.0,0.0,-0.5077675424320381,-983040.0
45,1,0.0,0.0,0.0,0.5,0.0,0.0,-0.5077675424320381,-983040.0
49,1,0.75,0.5,0.5,1.0,0.0,0.0,-0.32679888184885225,-589824.0
43,1,0.0,0.0,0.0,0.5,0.0,0.0,-0.5077675424320381,-983040.0
49,1,0.0,0.0,0.5,0.75,0.0,0.0,-0.38264707587296465,-983040.0
43,1,0.0,0.0,1.0,1.0,0.25,0.0,-0.393736017870182,-983040.0
16,1,0.0,0.5,1.0,0.0,1.0,0.8,-0.25766460286923343,-786432.0
Black box function time    75.1341 sec
Total iteration time    88.1408 sec
Starting optimization iteration 4
End of training - Time       0.08 sec
Model fitting time     0.0781 sec
Total RS time     0.0557 sec
Optimization function time     0.8776 sec
Starting local search iteration: , #configs:30
0, 
1, 
2, 
3, 
4, 
5, 
6, 
7, 
8, 
9, 
10, 
11, 
12, 
13, 
14, 
15, 
16, 
17, 
18, 
19, 
20, 
21, 
22, 
23, 
24, 
25, 
26, 
27, 
28, 
29, 
Multi-start LS time     0.7050 sec
MSLS time     0.7929 sec
Local search time     1.7376 sec
Total iteration time     1.8187 sec
End of training - Time       0.08 sec
Model fitting time     0.0817 sec
Total RS time     0.0592 sec
Optimization function time     0.7881 sec
Starting local search iteration: , #configs:30
0, 
1, 
2, 
3, 
4, 
5, 
6, 
7, 
8, 
9, 
10, 
11, 
12, 
13, 
14, 
15, 
16, 
17, 
18, 
19, 
20, 
21, 
22, 
23, 
24, 
25, 
26, 
27, 
28, 
29, 
Multi-start LS time     0.8475 sec
MSLS time     0.9342 sec
Local search time     1.7904 sec
Total iteration time     3.6939 sec
End of training - Time       0.08 sec
Model fitting time     0.0817 sec
Total RS time     0.0577 sec
Optimization function time     0.7276 sec
Starting local search iteration: , #configs:30
0, 
1, 
2, 
3, 
4, 
5, 
6, 
7, 
8, 
9, 
10, 
11, 
12, 
13, 
14, 
15, 
16, 
17, 
18, 
19, 
20, 
21, 
22, 
23, 
24, 
25, 
26, 
27, 
28, 
29, 
Multi-start LS time     0.7776 sec
MSLS time     0.8692 sec
Local search time     1.6641 sec
Total iteration time     5.4427 sec
End of training - Time       0.08 sec
Model fitting time     0.0827 sec
Total RS time     0.0592 sec
Optimization function time     0.7721 sec
Starting local search iteration: , #configs:30
0, 
1, 
2, 
3, 
4, 
5, 
6, 
7, 
8, 
9, 
10, 
11, 
12, 
13, 
14, 
15, 
16, 
17, 
18, 
19, 
20, 
21, 
22, 
23, 
24, 
25, 
26, 
27, 
28, 
29, 
Multi-start LS time     0.8225 sec
MSLS time     0.9151 sec
Local search time     1.7561 sec
Total iteration time     7.2844 sec
End of training - Time       0.10 sec
Model fitting time     0.0985 sec
Total RS time     0.0579 sec
Optimization function time     0.7870 sec
Starting local search iteration: , #configs:30
0, 
1, 
2, 
3, 
4, 
5, 
6, 
7, 
8, 
9, 
10, 
11, 
12, 
13, 
14, 
15, 
16, 
17, 
18, 
19, 
20, 
21, 
22, 
23, 
24, 
25, 
26, 
27, 
28, 
29, 
Multi-start LS time     0.7122 sec
MSLS time     0.8005 sec
Local search time     1.6545 sec
Total iteration time     9.0405 sec
End of training - Time       0.08 sec
Model fitting time     0.0850 sec
Total RS time     0.0600 sec
Optimization function time     0.8146 sec
Starting local search iteration: , #configs:30
0, 
1, 
2, 
3, 
4, 
5, 
6, 
7, 
8, 
9, 
10, 
11, 
12, 
13, 
14, 
15, 
16, 
17, 
18, 
19, 
20, 
21, 
22, 
23, 
24, 
25, 
26, 
27, 
28, 
29, 
Multi-start LS time     0.8057 sec
MSLS time     0.8991 sec
Local search time     1.7824 sec
Total iteration time    10.9110 sec
End of training - Time       0.09 sec
Model fitting time     0.0855 sec
Total RS time     0.0589 sec
Optimization function time     0.7510 sec
Starting local search iteration: , #configs:30
0, 
1, 
2, 
3, 
4, 
5, 
6, 
7, 
8, 
9, 
10, 
11, 
12, 
13, 
14, 
15, 
16, 
17, 
18, 
19, 
20, 
21, 
22, 
23, 
24, 
25, 
26, 
27, 
28, 
29, 
Multi-start LS time     0.5236 sec
MSLS time     0.6090 sec
Local search time     1.4263 sec
Total iteration time    12.4256 sec
End of training - Time       0.08 sec
Model fitting time     0.0828 sec
0.058471571100201736 < 0.1 random sampling a configuration to run
Local search time     0.0006 sec
Total iteration time    12.5111 sec
End of training - Time       0.08 sec
Model fitting time     0.0828 sec
Total RS time     0.0541 sec
Optimization function time     0.9497 sec
Starting local search iteration: , #configs:30
0, 
1, 
2, 
3, 
4, 
5, 
6, 
7, 
8, 
9, 
10, 
11, 
12, 
13, 
14, 
15, 
16, 
17, 
18, 
19, 
20, 
21, 
22, 
23, 
24, 
25, 
26, 
27, 
28, 
29, 
Multi-start LS time     0.7648 sec
MSLS time     0.8565 sec
Local search time     1.8695 sec
Total iteration time    14.4663 sec
End of training - Time       0.09 sec
Model fitting time     0.0900 sec
Total RS time     0.0589 sec
Optimization function time     0.8911 sec
Starting local search iteration: , #configs:30
0, 
1, 
2, 
3, 
4, 
5, 
6, 
7, 
8, 
9, 
10, 
11, 
12, 
13, 
14, 
15, 
16, 
17, 
18, 
19, 
20, 
21, 
22, 
23, 
24, 
25, 
26, 
27, 
28, 
29, 
Multi-start LS time     0.9567 sec
MSLS time     1.1421 sec
Local search time     2.1014 sec
Running on client-server mode.
Communication protocol: sending message...
Request 10
depth,features_per_partition,c1,c2,c3,c4,c5,c6
41,1,0.25,0.0,0.25,0.0,0.0,0.0
41,1,0.5,0.0,0.25,0.75,0.0,0.2
41,1,0.0,0.0,0.0,1.0,0.0,0.2
41,1,0.0,0.0,0.0,0.75,0.0,0.0
49,1,0.0,0.0,0.0,0.25,0.0,0.2
43,1,0.0,0.0,0.0,0.25,0.0,0.0
48,1,0.0,0.0,0.0,0.25,0.0,0.0
47,1,0.25,1.0,1.0,0.75,0.75,0.6
43,1,0.0,0.0,0.0,0.75,0.0,0.0
42,1,0.0,0.0,0.0,0.5,0.0,0.0
Communication protocol: receiving message....
depth,features_per_partition,c1,c2,c3,c4,c5,c6,f1_score,num_flows
41,1,0.25,0.0,0.25,0.0,0.0,0.0,-0.27559003409733535,-589824.0
41,1,0.5,0.0,0.25,0.75,0.0,0.2,-0.19164360259302277,-786432.0
41,1,0.0,0.0,0.0,1.0,0.0,0.2,-0.38264707587296465,-983040.0
41,1,0.0,0.0,0.0,0.75,0.0,0.0,-0.5077675424320381,-983040.0
49,1,0.0,0.0,0.0,0.25,0.0,0.2,-0.38264707587296465,-983040.0
43,1,0.0,0.0,0.0,0.25,0.0,0.0,-0.5077675424320381,-983040.0
48,1,0.0,0.0,0.0,0.25,0.0,0.0,-0.5077675424320381,-983040.0
47,1,0.25,1.0,1.0,0.75,0.75,0.6,-0.22892059150047597,-786432.0
43,1,0.0,0.0,0.0,0.75,0.0,0.0,-0.5077675424320381,-983040.0
42,1,0.0,0.0,0.0,0.5,0.0,0.0,-0.5077675424320381,-983040.0
Black box function time    54.7580 sec
Total iteration time    71.4166 sec
Starting optimization iteration 5
End of training - Time       0.08 sec
Model fitting time     0.0848 sec
Total RS time     0.0575 sec
Optimization function time     0.7496 sec
Starting local search iteration: , #configs:30
0, 
1, 
2, 
3, 
4, 
5, 
6, 
7, 
8, 
9, 
10, 
11, 
12, 
13, 
14, 
15, 
16, 
17, 
18, 
19, 
20, 
21, 
22, 
23, 
24, 
25, 
26, 
27, 
28, 
29, 
Multi-start LS time     0.6686 sec
MSLS time     0.7585 sec
Local search time     1.5736 sec
Total iteration time     1.6612 sec
End of training - Time       0.08 sec
Model fitting time     0.0849 sec
Total RS time     0.0557 sec
Optimization function time     0.8693 sec
Starting local search iteration: , #configs:30
0, 
1, 
2, 
3, 
4, 
5, 
6, 
7, 
8, 
9, 
10, 
11, 
12, 
13, 
14, 
15, 
16, 
17, 
18, 
19, 
20, 
21, 
22, 
23, 
24, 
25, 
26, 
27, 
28, 
29, 
Multi-start LS time     0.7333 sec
MSLS time     0.8268 sec
Local search time     1.7606 sec
Total iteration time     3.5096 sec
End of training - Time       0.09 sec
Model fitting time     0.0870 sec
Total RS time     0.0588 sec
Optimization function time     0.9344 sec
Starting local search iteration: , #configs:30
0, 
1, 
2, 
3, 
4, 
5, 
6, 
7, 
8, 
9, 
10, 
11, 
12, 
13, 
14, 
15, 
16, 
17, 
18, 
19, 
20, 
21, 
22, 
23, 
24, 
25, 
26, 
27, 
28, 
29, 
Multi-start LS time     0.7667 sec
MSLS time     0.8546 sec
Local search time     1.8565 sec
Total iteration time     5.4562 sec
End of training - Time       0.09 sec
Model fitting time     0.0884 sec
Total RS time     0.0574 sec
Optimization function time     0.7550 sec
Starting local search iteration: , #configs:30
0, 
1, 
2, 
3, 
4, 
5, 
6, 
7, 
8, 
9, 
10, 
11, 
12, 
13, 
14, 
15, 
16, 
17, 
18, 
19, 
20, 
21, 
22, 
23, 
24, 
25, 
26, 
27, 
28, 
29, 
Multi-start LS time     0.7216 sec
MSLS time     0.8114 sec
Local search time     1.6334 sec
Total iteration time     7.1810 sec
End of training - Time       0.08 sec
Model fitting time     0.0848 sec
Total RS time     0.0582 sec
Optimization function time     0.8145 sec
Starting local search iteration: , #configs:30
0, 
1, 
2, 
3, 
4, 
5, 
6, 
7, 
8, 
9, 
10, 
11, 
12, 
13, 
14, 
15, 
16, 
17, 
18, 
19, 
20, 
21, 
22, 
23, 
24, 
25, 
26, 
27, 
28, 
29, 
Multi-start LS time     0.7040 sec
MSLS time     0.8093 sec
Local search time     1.6923 sec
Total iteration time     8.9611 sec
End of training - Time       0.08 sec
Model fitting time     0.0851 sec
Total RS time     0.0573 sec
Optimization function time     0.8585 sec
Starting local search iteration: , #configs:30
0, 
1, 
2, 
3, 
4, 
5, 
6, 
7, 
8, 
9, 
10, 
11, 
12, 
13, 
14, 
15, 
16, 
17, 
18, 
19, 
20, 
21, 
22, 
23, 
24, 
25, 
26, 
27, 
28, 
29, 
Multi-start LS time     0.7274 sec
MSLS time     0.8214 sec
Local search time     1.7476 sec
Total iteration time    10.7970 sec
End of training - Time       0.09 sec
Model fitting time     0.0880 sec
Total RS time     0.0580 sec
Optimization function time     0.9495 sec
Starting local search iteration: , #configs:30
0, 
1, 
2, 
3, 
4, 
5, 
6, 
7, 
8, 
9, 
10, 
11, 
12, 
13, 
14, 
15, 
16, 
17, 
18, 
19, 
20, 
21, 
22, 
23, 
24, 
25, 
26, 
27, 
28, 
29, 
Multi-start LS time     0.8417 sec
MSLS time     0.9571 sec
Local search time     1.9749 sec
Total iteration time    12.8630 sec
End of training - Time       0.09 sec
Model fitting time     0.0895 sec
Total RS time     0.0601 sec
Optimization function time     0.8738 sec
Starting local search iteration: , #configs:30
0, 
1, 
2, 
3, 
4, 
5, 
6, 
7, 
8, 
9, 
10, 
11, 
12, 
13, 
14, 
15, 
16, 
17, 
18, 
19, 
20, 
21, 
22, 
23, 
24, 
25, 
26, 
27, 
28, 
29, 
Multi-start LS time     0.7496 sec
MSLS time     0.8343 sec
Local search time     1.7775 sec
Total iteration time    14.7331 sec
End of training - Time       0.09 sec
Model fitting time     0.0875 sec
Total RS time     0.0577 sec
Optimization function time     1.0207 sec
Starting local search iteration: , #configs:30
0, 
1, 
2, 
3, 
4, 
5, 
6, 
7, 
8, 
9, 
10, 
11, 
12, 
13, 
14, 
15, 
16, 
17, 
18, 
19, 
20, 
21, 
22, 
23, 
24, 
25, 
26, 
27, 
28, 
29, 
Multi-start LS time     0.7194 sec
MSLS time     0.8016 sec
Local search time     1.8884 sec
Total iteration time    16.7117 sec
End of training - Time       0.08 sec
Model fitting time     0.0831 sec
Total RS time     0.0553 sec
Optimization function time     0.9357 sec
Starting local search iteration: , #configs:30
0, 
1, 
2, 
3, 
4, 
5, 
6, 
7, 
8, 
9, 
10, 
11, 
12, 
13, 
14, 
15, 
16, 
17, 
18, 
19, 
20, 
21, 
22, 
23, 
24, 
25, 
26, 
27, 
28, 
29, 
Multi-start LS time     0.6569 sec
MSLS time     0.7944 sec
Local search time     1.7962 sec
Running on client-server mode.
Communication protocol: sending message...
Request 10
depth,features_per_partition,c1,c2,c3,c4,c5,c6
14,1,0.0,0.0,0.0,1.0,0.0,0.4
42,1,0.0,0.0,0.0,1.0,0.0,0.4
42,1,0.0,0.0,0.0,1.0,0.0,0.0
43,1,0.0,0.0,0.0,0.75,0.0,0.6
42,1,0.0,0.0,0.0,0.25,0.0,0.0
41,1,0.0,0.0,0.0,1.0,0.0,0.0
44,1,0.0,0.0,0.0,0.25,0.0,0.0
41,1,0.0,0.0,0.0,1.0,0.5,0.0
43,1,0.0,0.0,0.0,0.75,0.0,0.2
43,1,0.0,0.0,0.0,1.0,0.25,0.0
Communication protocol: receiving message....
depth,features_per_partition,c1,c2,c3,c4,c5,c6,f1_score,num_flows
14,1,0.0,0.0,0.0,1.0,0.0,0.4,-0.36282955306818626,-786432.0
42,1,0.0,0.0,0.0,1.0,0.0,0.4,-0.38264707587296465,-983040.0
42,1,0.0,0.0,0.0,1.0,0.0,0.0,-0.5077675424320381,-983040.0
43,1,0.0,0.0,0.0,0.75,0.0,0.6,-0.38264707587296465,-983040.0
42,1,0.0,0.0,0.0,0.25,0.0,0.0,-0.5077675424320381,-983040.0
41,1,0.0,0.0,0.0,1.0,0.0,0.0,-0.5077675424320381,-983040.0
44,1,0.0,0.0,0.0,0.25,0.0,0.0,-0.5077675424320381,-983040.0
41,1,0.0,0.0,0.0,1.0,0.5,0.0,-0.38264707587296465,-983040.0
43,1,0.0,0.0,0.0,0.75,0.0,0.2,-0.38264707587296465,-983040.0
43,1,0.0,0.0,0.0,1.0,0.25,0.0,-0.38264707587296465,-983040.0
Black box function time    35.0480 sec
Total iteration time    53.6398 sec
Starting optimization iteration 6
End of training - Time       0.17 sec
Model fitting time     0.1703 sec
Total RS time     0.0760 sec
Optimization function time     0.8361 sec
Starting local search iteration: , #configs:30
0, 
1, 
2, 
3, 
4, 
5, 
6, 
7, 
8, 
9, 
10, 
11, 
12, 
13, 
14, 
15, 
16, 
17, 
18, 
19, 
20, 
21, 
22, 
23, 
24, 
25, 
26, 
27, 
28, 
29, 
Multi-start LS time     0.6869 sec
MSLS time     0.7697 sec
Local search time     1.6900 sec
Total iteration time     1.8635 sec
End of training - Time       0.08 sec
Model fitting time     0.0801 sec
0.0016829554284605308 < 0.1 random sampling a configuration to run
Local search time     0.0007 sec
Total iteration time     1.9465 sec
End of training - Time       0.08 sec
Model fitting time     0.0793 sec
Total RS time     0.0554 sec
Optimization function time     0.9022 sec
Starting local search iteration: , #configs:30
0, 
1, 
2, 
3, 
4, 
5, 
6, 
7, 
8, 
9, 
10, 
11, 
12, 
13, 
14, 
15, 
16, 
17, 
18, 
19, 
20, 
21, 
22, 
23, 
24, 
25, 
26, 
27, 
28, 
29, 
Multi-start LS time     0.6577 sec
MSLS time     0.7403 sec
Local search time     1.7053 sec
Total iteration time     3.7339 sec
End of training - Time       0.08 sec
Model fitting time     0.0847 sec
Total RS time     0.0575 sec
Optimization function time     0.7256 sec
Starting local search iteration: , #configs:30
0, 
1, 
2, 
3, 
4, 
5, 
6, 
7, 
8, 
9, 
10, 
11, 
12, 
13, 
14, 
15, 
16, 
17, 
18, 
19, 
20, 
21, 
22, 
23, 
24, 
25, 
26, 
27, 
28, 
29, 
Multi-start LS time     0.6158 sec
MSLS time     0.7024 sec
Local search time     1.4930 sec
Total iteration time     5.3143 sec
End of training - Time       0.08 sec
Model fitting time     0.0809 sec
Total RS time     0.0541 sec
Optimization function time     0.9082 sec
Starting local search iteration: , #configs:30
0, 
1, 
2, 
3, 
4, 
5, 
6, 
7, 
8, 
9, 
10, 
11, 
12, 
13, 
14, 
15, 
16, 
17, 
18, 
19, 
20, 
21, 
22, 
23, 
24, 
25, 
26, 
27, 
28, 
29, 
Multi-start LS time     0.7546 sec
MSLS time     0.8426 sec
Local search time     1.8128 sec
Total iteration time     7.2109 sec
End of training - Time       0.09 sec
Model fitting time     0.0860 sec
Total RS time     0.0564 sec
Optimization function time     0.6504 sec
Starting local search iteration: , #configs:30
0, 
1, 
2, 
3, 
4, 
5, 
6, 
7, 
8, 
9, 
10, 
11, 
12, 
13, 
14, 
15, 
16, 
17, 
18, 
19, 
20, 
21, 
22, 
23, 
24, 
25, 
26, 
27, 
28, 
29, 
Multi-start LS time     0.8487 sec
MSLS time     0.9397 sec
Local search time     1.6557 sec
Total iteration time     8.9556 sec
End of training - Time       0.09 sec
Model fitting time     0.0908 sec
Total RS time     0.0606 sec
Optimization function time     0.7088 sec
Starting local search iteration: , #configs:30
0, 
1, 
2, 
3, 
4, 
5, 
6, 
7, 
8, 
9, 
10, 
11, 
12, 
13, 
14, 
15, 
16, 
17, 
18, 
19, 
20, 
21, 
22, 
23, 
24, 
25, 
26, 
27, 
28, 
29, 
Multi-start LS time     0.8542 sec
MSLS time     0.9452 sec
Local search time     1.7244 sec
Total iteration time    10.7741 sec
End of training - Time       0.10 sec
Model fitting time     0.0979 sec
Total RS time     0.0595 sec
Optimization function time     0.6388 sec
Starting local search iteration: , #configs:30
0, 
1, 
2, 
3, 
4, 
5, 
6, 
7, 
8, 
9, 
10, 
11, 
12, 
13, 
14, 
15, 
16, 
17, 
18, 
19, 
20, 
21, 
22, 
23, 
24, 
25, 
26, 
27, 
28, 
29, 
Multi-start LS time     0.8373 sec
MSLS time     0.9766 sec
Local search time     1.6824 sec
Total iteration time    12.5571 sec
End of training - Time       0.09 sec
Model fitting time     0.0876 sec
Total RS time     0.0562 sec
Optimization function time     0.6455 sec
Starting local search iteration: , #configs:30
0, 
1, 
2, 
3, 
4, 
5, 
6, 
7, 
8, 
9, 
10, 
11, 
12, 
13, 
14, 
15, 
16, 
17, 
18, 
19, 
20, 
21, 
22, 
23, 
24, 
25, 
26, 
27, 
28, 
29, 
Multi-start LS time     0.6887 sec
MSLS time     0.7777 sec
Local search time     1.4874 sec
Total iteration time    14.1349 sec
End of training - Time       0.09 sec
Model fitting time     0.0885 sec
0.021885979125883304 < 0.1 random sampling a configuration to run
Local search time     0.0007 sec
Running on client-server mode.
Communication protocol: sending message...
Request 10
depth,features_per_partition,c1,c2,c3,c4,c5,c6
37,1,0.0,0.0,0.0,1.0,0.0,0.0
21,1,0.75,0.25,0.5,1.0,0.25,0.0
40,1,0.0,0.0,0.0,0.25,0.0,0.0
43,1,0.0,0.0,0.5,0.0,0.75,0.0
43,1,0.0,0.0,0.75,1.0,0.25,0.0
41,1,0.0,0.0,0.0,0.25,0.0,0.0
44,1,0.0,0.0,1.0,1.0,0.5,0.0
41,1,0.0,0.0,0.0,0.5,0.0,0.0
41,1,0.0,0.0,0.0,1.0,0.25,0.0
32,1,0.0,0.0,1.0,0.75,1.0,0.8
Communication protocol: receiving message....
depth,features_per_partition,c1,c2,c3,c4,c5,c6,f1_score,num_flows
37,1,0.0,0.0,0.0,1.0,0.0,0.0,-0.5077675424320381,-983040.0
21,1,0.75,0.25,0.5,1.0,0.25,0.0,-0.2619458736033329,-786432.0
40,1,0.0,0.0,0.0,0.25,0.0,0.0,-0.5077675424320381,-983040.0
43,1,0.0,0.0,0.5,0.0,0.75,0.0,-0.38264707587296465,-983040.0
43,1,0.0,0.0,0.75,1.0,0.25,0.0,-0.393736017870182,-983040.0
41,1,0.0,0.0,0.0,0.25,0.0,0.0,-0.5077675424320381,-983040.0
44,1,0.0,0.0,1.0,1.0,0.5,0.0,-0.393736017870182,-983040.0
41,1,0.0,0.0,0.0,0.5,0.0,0.0,-0.5077675424320381,-983040.0
41,1,0.0,0.0,0.0,1.0,0.25,0.0,-0.38264707587296465,-983040.0
32,1,0.0,0.0,1.0,0.75,1.0,0.8,-0.3318658971412065,-589824.0
Black box function time    84.1514 sec
Total iteration time    98.3764 sec
Starting optimization iteration 7
End of training - Time       0.16 sec
Model fitting time     0.1610 sec
0.09112114519325942 < 0.1 random sampling a configuration to run
Local search time     0.0013 sec
Total iteration time     0.1664 sec
End of training - Time       0.09 sec
Model fitting time     0.0902 sec
Total RS time     0.0594 sec
Optimization function time     0.8522 sec
Starting local search iteration: , #configs:30
0, 
1, 
2, 
3, 
4, 
5, 
6, 
7, 
8, 
9, 
10, 
11, 
12, 
13, 
14, 
15, 
16, 
17, 
18, 
19, 
20, 
21, 
22, 
23, 
24, 
25, 
26, 
27, 
28, 
29, 
Multi-start LS time     0.6367 sec
MSLS time     0.8328 sec
Local search time     1.7606 sec
Total iteration time     2.0214 sec
End of training - Time       0.15 sec
Model fitting time     0.1481 sec
Total RS time     0.0601 sec
Optimization function time     0.8826 sec
Starting local search iteration: , #configs:30
0, 
1, 
2, 
3, 
4, 
5, 
6, 
7, 
8, 
9, 
10, 
11, 
12, 
13, 
14, 
15, 
16, 
17, 
18, 
19, 
20, 
21, 
22, 
23, 
24, 
25, 
26, 
27, 
28, 
29, 
Multi-start LS time     0.7459 sec
MSLS time     0.8474 sec
Local search time     1.8013 sec
Total iteration time     3.9748 sec
End of training - Time       0.09 sec
Model fitting time     0.0929 sec
Total RS time     0.0599 sec
Optimization function time     0.6966 sec
Starting local search iteration: , #configs:30
0, 
1, 
2, 
3, 
4, 
5, 
6, 
7, 
8, 
9, 
10, 
11, 
12, 
13, 
14, 
15, 
16, 
17, 
18, 
19, 
20, 
21, 
22, 
23, 
24, 
25, 
26, 
27, 
28, 
29, 
Multi-start LS time     0.8056 sec
MSLS time     0.9118 sec
Local search time     1.6776 sec
Total iteration time     5.7484 sec
End of training - Time       0.09 sec
Model fitting time     0.0929 sec
Total RS time     0.0605 sec
Optimization function time     0.8441 sec
Starting local search iteration: , #configs:30
0, 
1, 
2, 
3, 
4, 
5, 
6, 
7, 
8, 
9, 
10, 
11, 
12, 
13, 
14, 
15, 
16, 
17, 
18, 
19, 
20, 
21, 
22, 
23, 
24, 
25, 
26, 
27, 
28, 
29, 
Multi-start LS time     0.7540 sec
MSLS time     0.8441 sec
Local search time     1.7589 sec
Total iteration time     7.6034 sec
End of training - Time       0.09 sec
Model fitting time     0.0931 sec
Total RS time     0.0587 sec
Optimization function time     0.9516 sec
Starting local search iteration: , #configs:30
0, 
1, 
2, 
3, 
4, 
5, 
6, 
7, 
8, 
9, 
10, 
11, 
12, 
13, 
14, 
15, 
16, 
17, 
18, 
19, 
20, 
21, 
22, 
23, 
24, 
25, 
26, 
27, 
28, 
29, 
Multi-start LS time     0.7143 sec
MSLS time     0.8052 sec
Local search time     1.8252 sec
Total iteration time     9.5248 sec
End of training - Time       0.09 sec
Model fitting time     0.0932 sec
Total RS time     0.0582 sec
Optimization function time     0.7379 sec
Starting local search iteration: , #configs:30
0, 
1, 
2, 
3, 
4, 
5, 
6, 
7, 
8, 
9, 
10, 
11, 
12, 
13, 
14, 
15, 
16, 
17, 
18, 
19, 
20, 
21, 
22, 
23, 
24, 
25, 
26, 
27, 
28, 
29, 
Multi-start LS time     0.7567 sec
MSLS time     0.8459 sec
Local search time     1.6520 sec
Total iteration time    11.2730 sec
End of training - Time       0.09 sec
Model fitting time     0.0936 sec
Total RS time     0.0583 sec
Optimization function time     0.8126 sec
Starting local search iteration: , #configs:30
0, 
1, 
2, 
3, 
4, 
5, 
6, 
7, 
8, 
9, 
10, 
11, 
12, 
13, 
14, 
15, 
16, 
17, 
18, 
19, 
20, 
21, 
22, 
23, 
24, 
25, 
26, 
27, 
28, 
29, 
Multi-start LS time     0.6509 sec
MSLS time     0.7634 sec
Local search time     1.6419 sec
Total iteration time    13.0114 sec
End of training - Time       0.09 sec
Model fitting time     0.0904 sec
Total RS time     0.0557 sec
Optimization function time     0.6387 sec
Starting local search iteration: , #configs:30
0, 
1, 
2, 
3, 
4, 
5, 
6, 
7, 
8, 
9, 
10, 
11, 
12, 
13, 
14, 
15, 
16, 
17, 
18, 
19, 
20, 
21, 
22, 
23, 
24, 
25, 
26, 
27, 
28, 
29, 
Multi-start LS time     0.6447 sec
MSLS time     0.7262 sec
Local search time     1.4279 sec
Total iteration time    14.5323 sec
End of training - Time       0.09 sec
Model fitting time     0.0921 sec
Total RS time     0.0554 sec
Optimization function time     0.6977 sec
Starting local search iteration: , #configs:30
0, 
1, 
2, 
3, 
4, 
5, 
6, 
7, 
8, 
9, 
10, 
11, 
12, 
13, 
14, 
15, 
16, 
17, 
18, 
19, 
20, 
21, 
22, 
23, 
24, 
25, 
26, 
27, 
28, 
29, 
Multi-start LS time     0.6662 sec
MSLS time     0.7565 sec
Local search time     1.5192 sec
Running on client-server mode.
Communication protocol: sending message...
Request 10
depth,features_per_partition,c1,c2,c3,c4,c5,c6
37,1,0.25,0.75,1.0,0.0,0.5,0.4
44,1,0.0,0.0,0.5,0.0,0.5,0.0
44,1,0.0,0.0,0.0,1.0,0.5,0.0
45,1,0.0,0.0,0.0,1.0,0.75,0.0
43,1,0.0,0.0,0.0,1.0,0.5,0.0
44,1,0.0,0.0,1.0,1.0,0.75,0.0
44,1,0.0,0.0,1.0,1.0,0.5,0.2
41,1,0.0,0.0,1.0,0.25,0.5,0.0
42,1,0.0,0.0,0.0,1.0,0.75,0.0
33,1,0.0,0.0,0.0,1.0,0.0,0.0
Communication protocol: receiving message....
depth,features_per_partition,c1,c2,c3,c4,c5,c6,f1_score,num_flows
37,1,0.25,0.75,1.0,0.0,0.5,0.4,-0.29709457715865556,-786432.0
44,1,0.0,0.0,0.5,0.0,0.5,0.0,-0.38264707587296465,-983040.0
44,1,0.0,0.0,0.0,1.0,0.5,0.0,-0.38264707587296465,-983040.0
45,1,0.0,0.0,0.0,1.0,0.75,0.0,-0.38264707587296465,-983040.0
43,1,0.0,0.0,0.0,1.0,0.5,0.0,-0.38264707587296465,-983040.0
44,1,0.0,0.0,1.0,1.0,0.75,0.0,-0.393736017870182,-983040.0
44,1,0.0,0.0,1.0,1.0,0.5,0.2,-0.32916076284201673,-589824.0
41,1,0.0,0.0,1.0,0.25,0.5,0.0,-0.393736017870182,-983040.0
42,1,0.0,0.0,0.0,1.0,0.75,0.0,-0.38264707587296465,-983040.0
33,1,0.0,0.0,0.0,1.0,0.0,0.0,-0.5077675424320381,-983040.0
Black box function time    52.8437 sec
Total iteration time    68.9882 sec
Starting optimization iteration 8
End of training - Time       0.09 sec
Model fitting time     0.0876 sec
Total RS time     0.0561 sec
Optimization function time     0.5991 sec
Starting local search iteration: , #configs:30
0, 
1, 
2, 
3, 
4, 
5, 
6, 
7, 
8, 
9, 
10, 
11, 
12, 
13, 
14, 
15, 
16, 
17, 
18, 
19, 
20, 
21, 
22, 
23, 
24, 
25, 
26, 
27, 
28, 
29, 
Multi-start LS time     0.4866 sec
MSLS time     0.5724 sec
Local search time     1.2353 sec
Total iteration time     1.3257 sec
End of training - Time       0.09 sec
Model fitting time     0.0856 sec
Total RS time     0.0536 sec
Optimization function time     0.5868 sec
Starting local search iteration: , #configs:30
0, 
1, 
2, 
3, 
4, 
5, 
6, 
7, 
8, 
9, 
10, 
11, 
12, 
13, 
14, 
15, 
16, 
17, 
18, 
19, 
20, 
21, 
22, 
23, 
24, 
25, 
26, 
27, 
28, 
29, 
Multi-start LS time     0.5590 sec
MSLS time     0.6471 sec
Local search time     1.2951 sec
Total iteration time     2.7092 sec
End of training - Time       0.09 sec
Model fitting time     0.0868 sec
0.07426823612370814 < 0.1 random sampling a configuration to run
Local search time     0.0006 sec
Total iteration time     2.7988 sec
End of training - Time       0.08 sec
Model fitting time     0.0841 sec
Total RS time     0.0547 sec
Optimization function time     0.6023 sec
Starting local search iteration: , #configs:30
0, 
1, 
2, 
3, 
4, 
5, 
6, 
7, 
8, 
9, 
10, 
11, 
12, 
13, 
14, 
15, 
16, 
17, 
18, 
19, 
20, 
21, 
22, 
23, 
24, 
25, 
26, 
27, 
28, 
29, 
Multi-start LS time     0.6110 sec
MSLS time     0.6945 sec
Local search time     1.3593 sec
Total iteration time     4.2450 sec
End of training - Time       0.09 sec
Model fitting time     0.0882 sec
Total RS time     0.0547 sec
Optimization function time     0.8034 sec
Starting local search iteration: , #configs:30
0, 
1, 
2, 
3, 
4, 
5, 
6, 
7, 
8, 
9, 
10, 
11, 
12, 
13, 
14, 
15, 
16, 
17, 
18, 
19, 
20, 
21, 
22, 
23, 
24, 
25, 
26, 
27, 
28, 
29, 
Multi-start LS time     0.5642 sec
MSLS time     0.6672 sec
Local search time     1.5327 sec
Total iteration time     5.8686 sec
End of training - Time       0.09 sec
Model fitting time     0.0869 sec
Total RS time     0.0533 sec
Optimization function time     0.7548 sec
Starting local search iteration: , #configs:30
0, 
1, 
2, 
3, 
4, 
5, 
6, 
7, 
8, 
9, 
10, 
11, 
12, 
13, 
14, 
15, 
16, 
17, 
18, 
19, 
20, 
21, 
22, 
23, 
24, 
25, 
26, 
27, 
28, 
29, 
Multi-start LS time     0.6096 sec
MSLS time     0.6928 sec
Local search time     1.5085 sec
Total iteration time     7.4667 sec
End of training - Time       0.09 sec
Model fitting time     0.0923 sec
Total RS time     0.0589 sec
Optimization function time     0.7960 sec
Starting local search iteration: , #configs:30
0, 
1, 
2, 
3, 
4, 
5, 
6, 
7, 
8, 
9, 
10, 
11, 
12, 
13, 
14, 
15, 
16, 
17, 
18, 
19, 
20, 
21, 
22, 
23, 
24, 
25, 
26, 
27, 
28, 
29, 
Multi-start LS time     0.6670 sec
MSLS time     0.7759 sec
Local search time     1.6417 sec
Total iteration time     9.2038 sec
End of training - Time       0.09 sec
Model fitting time     0.0935 sec
Total RS time     0.0562 sec
Optimization function time     0.8153 sec
Starting local search iteration: , #configs:30
0, 
1, 
2, 
3, 
4, 
5, 
6, 
7, 
8, 
9, 
10, 
11, 
12, 
13, 
14, 
15, 
16, 
17, 
18, 
19, 
20, 
21, 
22, 
23, 
24, 
25, 
26, 
27, 
28, 
29, 
Multi-start LS time     0.5992 sec
MSLS time     0.6942 sec
Local search time     1.5739 sec
Total iteration time    10.8742 sec
End of training - Time       0.10 sec
Model fitting time     0.0996 sec
Total RS time     0.0600 sec
Optimization function time     0.7519 sec
Starting local search iteration: , #configs:30
0, 
1, 
2, 
3, 
4, 
5, 
6, 
7, 
8, 
9, 
10, 
11, 
12, 
13, 
14, 
15, 
16, 
17, 
18, 
19, 
20, 
21, 
22, 
23, 
24, 
25, 
26, 
27, 
28, 
29, 
Multi-start LS time     0.5794 sec
MSLS time     0.6687 sec
Local search time     1.4881 sec
Total iteration time    12.4646 sec
End of training - Time       0.09 sec
Model fitting time     0.0947 sec
Total RS time     0.0548 sec
Optimization function time     0.6858 sec
Starting local search iteration: , #configs:30
0, 
1, 
2, 
3, 
4, 
5, 
6, 
7, 
8, 
9, 
10, 
11, 
12, 
13, 
14, 
15, 
16, 
17, 
18, 
19, 
20, 
21, 
22, 
23, 
24, 
25, 
26, 
27, 
28, 
29, 
Multi-start LS time     0.7401 sec
MSLS time     0.8252 sec
Local search time     1.5736 sec
Running on client-server mode.
Communication protocol: sending message...
Request 10
depth,features_per_partition,c1,c2,c3,c4,c5,c6
44,1,0.0,0.0,0.25,0.0,0.5,0.0
47,1,0.0,0.0,0.25,0.25,0.5,0.0
27,1,0.0,0.25,0.5,0.0,0.0,0.4
47,1,0.0,0.0,0.0,0.25,0.25,0.0
50,1,0.0,0.0,0.0,0.25,0.0,0.0
44,1,0.0,0.0,0.25,0.25,0.25,0.0
47,1,0.0,0.0,0.0,0.25,0.0,0.0
41,1,0.0,0.0,0.0,0.25,0.75,0.0
45,1,0.0,0.0,0.0,0.25,0.0,0.0
46,1,0.0,0.0,0.0,0.5,0.0,0.0
Communication protocol: receiving message....
depth,features_per_partition,c1,c2,c3,c4,c5,c6,f1_score,num_flows
44,1,0.0,0.0,0.25,0.0,0.5,0.0,-0.3828323650082844,-983040.0
47,1,0.0,0.0,0.25,0.25,0.5,0.0,-0.393736017870182,-983040.0
27,1,0.0,0.25,0.5,0.0,0.0,0.4,-0.30559421636620804,-786432.0
47,1,0.0,0.0,0.0,0.25,0.25,0.0,-0.38264707587296465,-983040.0
50,1,0.0,0.0,0.0,0.25,0.0,0.0,-0.5077675424320381,-983040.0
44,1,0.0,0.0,0.25,0.25,0.25,0.0,-0.3938076235720162,-786432.0
47,1,0.0,0.0,0.0,0.25,0.0,0.0,-0.5077675424320381,-983040.0
41,1,0.0,0.0,0.0,0.25,0.75,0.0,-0.38264707587296465,-983040.0
45,1,0.0,0.0,0.0,0.25,0.0,0.0,-0.5077675424320381,-983040.0
46,1,0.0,0.0,0.0,0.5,0.0,0.0,-0.5077675424320381,-983040.0
Black box function time    35.5098 sec
Total iteration time    49.6436 sec
Starting optimization iteration 9
End of training - Time       0.09 sec
Model fitting time     0.0897 sec
Total RS time     0.0560 sec
Optimization function time     0.6885 sec
Starting local search iteration: , #configs:30
0, 
1, 
2, 
3, 
4, 
5, 
6, 
7, 
8, 
9, 
10, 
11, 
12, 
13, 
14, 
15, 
16, 
17, 
18, 
19, 
20, 
21, 
22, 
23, 
24, 
25, 
26, 
27, 
28, 
29, 
Multi-start LS time     0.6049 sec
MSLS time     0.6953 sec
Local search time     1.4486 sec
Total iteration time     1.5413 sec
End of training - Time       0.09 sec
Model fitting time     0.0898 sec
Total RS time     0.0550 sec
Optimization function time     0.6303 sec
Starting local search iteration: , #configs:30
0, 
1, 
2, 
3, 
4, 
5, 
6, 
7, 
8, 
9, 
10, 
11, 
12, 
13, 
14, 
15, 
16, 
17, 
18, 
19, 
20, 
21, 
22, 
23, 
24, 
25, 
26, 
27, 
28, 
29, 
Multi-start LS time     0.6991 sec
MSLS time     0.7837 sec
Local search time     1.4767 sec
Total iteration time     3.1105 sec
End of training - Time       0.09 sec
Model fitting time     0.0906 sec
Total RS time     0.0555 sec
Optimization function time     0.6316 sec
Starting local search iteration: , #configs:30
0, 
1, 
2, 
3, 
4, 
5, 
6, 
7, 
8, 
9, 
10, 
11, 
12, 
13, 
14, 
15, 
16, 
17, 
18, 
19, 
20, 
21, 
22, 
23, 
24, 
25, 
26, 
27, 
28, 
29, 
Multi-start LS time     0.5891 sec
MSLS time     0.6746 sec
Local search time     1.3691 sec
Total iteration time     4.5729 sec
End of training - Time       0.09 sec
Model fitting time     0.0922 sec
Total RS time     0.0961 sec
Optimization function time     0.7743 sec
Starting local search iteration: , #configs:30
0, 
1, 
2, 
3, 
4, 
5, 
6, 
7, 
8, 
9, 
10, 
11, 
12, 
13, 
14, 
15, 
16, 
17, 
18, 
19, 
20, 
21, 
22, 
23, 
24, 
25, 
26, 
27, 
28, 
29, 
Multi-start LS time     0.7963 sec
MSLS time     0.9145 sec
Local search time     1.7944 sec
Total iteration time     6.4630 sec
End of training - Time       0.09 sec
Model fitting time     0.0951 sec
Total RS time     0.0549 sec
Optimization function time     0.7071 sec
Starting local search iteration: , #configs:30
0, 
1, 
2, 
3, 
4, 
5, 
6, 
7, 
8, 
9, 
10, 
11, 
12, 
13, 
14, 
15, 
16, 
17, 
18, 
19, 
20, 
21, 
22, 
23, 
24, 
25, 
26, 
27, 
28, 
29, 
Multi-start LS time     0.6138 sec
MSLS time     0.6993 sec
Local search time     1.4691 sec
Total iteration time     8.0300 sec
End of training - Time       0.09 sec
Model fitting time     0.0932 sec
Total RS time     0.0546 sec
Optimization function time     0.5894 sec
Starting local search iteration: , #configs:30
0, 
1, 
2, 
3, 
4, 
5, 
6, 
7, 
8, 
9, 
10, 
11, 
12, 
13, 
14, 
15, 
16, 
17, 
18, 
19, 
20, 
21, 
22, 
23, 
24, 
25, 
26, 
27, 
28, 
29, 
Multi-start LS time     0.5173 sec
MSLS time     0.6071 sec
Local search time     1.2588 sec
Total iteration time     9.3847 sec
End of training - Time       0.14 sec
Model fitting time     0.1376 sec
Total RS time     0.1148 sec
Optimization function time     0.7587 sec
Starting local search iteration: , #configs:30
0, 
1, 
2, 
3, 
4, 
5, 
6, 
7, 
8, 
9, 
10, 
11, 
12, 
13, 
14, 
15, 
16, 
17, 
18, 
19, 
20, 
21, 
22, 
23, 
24, 
25, 
26, 
27, 
28, 
29, 
Multi-start LS time     0.6450 sec
MSLS time     0.7308 sec
Local search time     1.6144 sec
Total iteration time    11.1402 sec
End of training - Time       0.10 sec
Model fitting time     0.1022 sec
Total RS time     0.1141 sec
Optimization function time     0.7858 sec
Starting local search iteration: , #configs:30
0, 
1, 
2, 
3, 
4, 
5, 
6, 
7, 
8, 
9, 
10, 
11, 
12, 
13, 
14, 
15, 
16, 
17, 
18, 
19, 
20, 
21, 
22, 
23, 
24, 
25, 
26, 
27, 
28, 
29, 
Multi-start LS time     0.6210 sec
MSLS time     0.7070 sec
Local search time     1.6148 sec
Total iteration time    12.8600 sec
End of training - Time       0.09 sec
Model fitting time     0.0915 sec
Total RS time     0.0536 sec
Optimization function time     0.7487 sec
Starting local search iteration: , #configs:30
0, 
1, 
2, 
3, 
4, 
5, 
6, 
7, 
8, 
9, 
10, 
11, 
12, 
13, 
14, 
15, 
16, 
17, 
18, 
19, 
20, 
21, 
22, 
23, 
24, 
25, 
26, 
27, 
28, 
29, 
Multi-start LS time     0.7135 sec
MSLS time     0.8073 sec
Local search time     1.6196 sec
Total iteration time    14.5743 sec
End of training - Time       0.10 sec
Model fitting time     0.1046 sec
Total RS time     0.0572 sec
Optimization function time     0.8824 sec
Starting local search iteration: , #configs:30
0, 
1, 
2, 
3, 
4, 
5, 
6, 
7, 
8, 
9, 
10, 
11, 
12, 
13, 
14, 
15, 
16, 
17, 
18, 
19, 
20, 
21, 
22, 
23, 
24, 
25, 
26, 
27, 
28, 
29, 
Multi-start LS time     0.7682 sec
MSLS time     0.8711 sec
Local search time     1.8224 sec
Running on client-server mode.
Communication protocol: sending message...
Request 10
